TICK:      1 PHASE: EXECUTE PC: 0001 IR: 52400064 CMD:  ADDI A: 00000000 B: 00000000 ALU: 00000000
TICK:      2 PHASE:   FETCH PC: 0001 IR: 52400064 CMD:  ADDI
TICK:      3 PHASE: EXECUTE PC: 0002 IR: 06720000 CMD:    LW A: 00000000 B: 00000000
TICK:      4 PHASE:   FETCH PC: 0002 IR: 06720000 CMD:    LW
TICK:      5 PHASE: EXECUTE PC: 0003 IR: 52800000 CMD:  ADDI A: 00000064 B: 00000000 ALU: 00000064
TICK:      6 PHASE:   FETCH PC: 0003 IR: 52800000 CMD:  ADDI
TICK:      7 PHASE: EXECUTE PC: 0004 IR: 94149806 CMD:   BGE A: 00000000 B: 00000000
TICK:      8 PHASE:   FETCH PC: 0004 IR: 94149806 CMD:   BGE
TICK:      9 PHASE: EXECUTE PC: 0005 IR: 51920001 CMD:  ADDI A: 00000000 B: 0000000E ALU: 00000000
TICK:     10 PHASE:   FETCH PC: 0005 IR: 51920001 CMD:  ADDI
TICK:     11 PHASE: EXECUTE PC: 0006 IR: 19ACA000 CMD:   ADD A: 00000064 B: 0000000E ALU: 00000065
TICK:     12 PHASE:   FETCH PC: 0006 IR: 19ACA000 CMD:   ADD
TICK:     13 PHASE: EXECUTE PC: 0007 IR: 05CD0000 CMD:    LW A: 00000065 B: 00000000
TICK:     14 PHASE:   FETCH PC: 0007 IR: 05CD0000 CMD:    LW
TICK:     15 PHASE: EXECUTE PC: 0008 IR: 09C007F4 CMD:    SW A: 00000065 B: 00000000
TICK:     16 PHASE:   FETCH PC: 0008 IR: 09C007F4 CMD:    SW
TICK:     17 PHASE: EXECUTE PC: 0009 IR: 52940001 CMD:  ADDI A: 00000000 B: 00000000 ALU: FFFFFFF4
TICK:     18 PHASE:   FETCH PC: 0009 IR: 52940001 CMD:  ADDI
TICK:     19 PHASE: EXECUTE PC: 000A IR: A0000003 CMD:     J
TICK:     20 PHASE:   FETCH PC: 0003 IR: A0000003 CMD:     J
TICK:     21 PHASE: EXECUTE PC: 0004 IR: 94149806 CMD:   BGE A: 00000000 B: 00000000
TICK:     22 PHASE:   FETCH PC: 0004 IR: 94149806 CMD:   BGE
TICK:     23 PHASE: EXECUTE PC: 0005 IR: 51920001 CMD:  ADDI A: 00000001 B: 0000000E ALU: 00000001
TICK:     24 PHASE:   FETCH PC: 0005 IR: 51920001 CMD:  ADDI
TICK:     25 PHASE: EXECUTE PC: 0006 IR: 19ACA000 CMD:   ADD A: 00000064 B: 0000000E ALU: 00000065
TICK:     26 PHASE:   FETCH PC: 0006 IR: 19ACA000 CMD:   ADD
TICK:     27 PHASE: EXECUTE PC: 0007 IR: 05CD0000 CMD:    LW A: 00000065 B: 00000001
TICK:     28 PHASE:   FETCH PC: 0007 IR: 05CD0000 CMD:    LW
TICK:     29 PHASE: EXECUTE PC: 0008 IR: 09C007F4 CMD:    SW A: 00000066 B: 00000001
TICK:     30 PHASE:   FETCH PC: 0008 IR: 09C007F4 CMD:    SW
TICK:     31 PHASE: EXECUTE PC: 0009 IR: 52940001 CMD:  ADDI A: 00000000 B: 00000001 ALU: FFFFFFF4
TICK:     32 PHASE:   FETCH PC: 0009 IR: 52940001 CMD:  ADDI
TICK:     33 PHASE: EXECUTE PC: 000A IR: A0000003 CMD:     J
TICK:     34 PHASE:   FETCH PC: 0003 IR: A0000003 CMD:     J
TICK:     35 PHASE: EXECUTE PC: 0004 IR: 94149806 CMD:   BGE A: 00000001 B: 00000001
TICK:     36 PHASE:   FETCH PC: 0004 IR: 94149806 CMD:   BGE
TICK:     37 PHASE: EXECUTE PC: 0005 IR: 51920001 CMD:  ADDI A: 00000002 B: 0000000E ALU: 00000002
TICK:     38 PHASE:   FETCH PC: 0005 IR: 51920001 CMD:  ADDI
TICK:     39 PHASE: EXECUTE PC: 0006 IR: 19ACA000 CMD:   ADD A: 00000064 B: 0000000E ALU: 00000065
TICK:     40 PHASE:   FETCH PC: 0006 IR: 19ACA000 CMD:   ADD
TICK:     41 PHASE: EXECUTE PC: 0007 IR: 05CD0000 CMD:    LW A: 00000065 B: 00000002
TICK:     42 PHASE:   FETCH PC: 0007 IR: 05CD0000 CMD:    LW
TICK:     43 PHASE: EXECUTE PC: 0008 IR: 09C007F4 CMD:    SW A: 00000067 B: 00000002
TICK:     44 PHASE:   FETCH PC: 0008 IR: 09C007F4 CMD:    SW
TICK:     45 PHASE: EXECUTE PC: 0009 IR: 52940001 CMD:  ADDI A: 00000000 B: 00000002 ALU: FFFFFFF4
TICK:     46 PHASE:   FETCH PC: 0009 IR: 52940001 CMD:  ADDI
TICK:     47 PHASE: EXECUTE PC: 000A IR: A0000003 CMD:     J
TICK:     48 PHASE:   FETCH PC: 0003 IR: A0000003 CMD:     J
TICK:     49 PHASE: EXECUTE PC: 0004 IR: 94149806 CMD:   BGE A: 00000002 B: 00000002
TICK:     50 PHASE:   FETCH PC: 0004 IR: 94149806 CMD:   BGE
TICK:     51 PHASE: EXECUTE PC: 0005 IR: 51920001 CMD:  ADDI A: 00000003 B: 0000000E ALU: 00000003
TICK:     52 PHASE:   FETCH PC: 0005 IR: 51920001 CMD:  ADDI
TICK:     53 PHASE: EXECUTE PC: 0006 IR: 19ACA000 CMD:   ADD A: 00000064 B: 0000000E ALU: 00000065
TICK:     54 PHASE:   FETCH PC: 0006 IR: 19ACA000 CMD:   ADD
TICK:     55 PHASE: EXECUTE PC: 0007 IR: 05CD0000 CMD:    LW A: 00000065 B: 00000003
TICK:     56 PHASE:   FETCH PC: 0007 IR: 05CD0000 CMD:    LW
TICK:     57 PHASE: EXECUTE PC: 0008 IR: 09C007F4 CMD:    SW A: 00000068 B: 00000003
TICK:     58 PHASE:   FETCH PC: 0008 IR: 09C007F4 CMD:    SW
TICK:     59 PHASE: EXECUTE PC: 0009 IR: 52940001 CMD:  ADDI A: 00000000 B: 00000003 ALU: FFFFFFF4
TICK:     60 PHASE:   FETCH PC: 0009 IR: 52940001 CMD:  ADDI
TICK:     61 PHASE: EXECUTE PC: 000A IR: A0000003 CMD:     J
TICK:     62 PHASE:   FETCH PC: 0003 IR: A0000003 CMD:     J
TICK:     63 PHASE: EXECUTE PC: 0004 IR: 94149806 CMD:   BGE A: 00000003 B: 00000003
TICK:     64 PHASE:   FETCH PC: 0004 IR: 94149806 CMD:   BGE
TICK:     65 PHASE: EXECUTE PC: 0005 IR: 51920001 CMD:  ADDI A: 00000004 B: 0000000E ALU: 00000004
TICK:     66 PHASE:   FETCH PC: 0005 IR: 51920001 CMD:  ADDI
TICK:     67 PHASE: EXECUTE PC: 0006 IR: 19ACA000 CMD:   ADD A: 00000064 B: 0000000E ALU: 00000065
TICK:     68 PHASE:   FETCH PC: 0006 IR: 19ACA000 CMD:   ADD
TICK:     69 PHASE: EXECUTE PC: 0007 IR: 05CD0000 CMD:    LW A: 00000065 B: 00000004
TICK:     70 PHASE:   FETCH PC: 0007 IR: 05CD0000 CMD:    LW
TICK:     71 PHASE: EXECUTE PC: 0008 IR: 09C007F4 CMD:    SW A: 00000069 B: 00000004
TICK:     72 PHASE:   FETCH PC: 0008 IR: 09C007F4 CMD:    SW
TICK:     73 PHASE: EXECUTE PC: 0009 IR: 52940001 CMD:  ADDI A: 00000000 B: 00000004 ALU: FFFFFFF4
TICK:     74 PHASE:   FETCH PC: 0009 IR: 52940001 CMD:  ADDI
TICK:     75 PHASE: EXECUTE PC: 000A IR: A0000003 CMD:     J
TICK:     76 PHASE:   FETCH PC: 0003 IR: A0000003 CMD:     J
TICK:     77 PHASE: EXECUTE PC: 0004 IR: 94149806 CMD:   BGE A: 00000004 B: 00000004
TICK:     78 PHASE:   FETCH PC: 0004 IR: 94149806 CMD:   BGE
TICK:     79 PHASE: EXECUTE PC: 0005 IR: 51920001 CMD:  ADDI A: 00000005 B: 0000000E ALU: 00000005
TICK:     80 PHASE:   FETCH PC: 0005 IR: 51920001 CMD:  ADDI
TICK:     81 PHASE: EXECUTE PC: 0006 IR: 19ACA000 CMD:   ADD A: 00000064 B: 0000000E ALU: 00000065
TICK:     82 PHASE:   FETCH PC: 0006 IR: 19ACA000 CMD:   ADD
TICK:     83 PHASE: EXECUTE PC: 0007 IR: 05CD0000 CMD:    LW A: 00000065 B: 00000005
TICK:     84 PHASE:   FETCH PC: 0007 IR: 05CD0000 CMD:    LW
TICK:     85 PHASE: EXECUTE PC: 0008 IR: 09C007F4 CMD:    SW A: 0000006A B: 00000005
TICK:     86 PHASE:   FETCH PC: 0008 IR: 09C007F4 CMD:    SW
TICK:     87 PHASE: EXECUTE PC: 0009 IR: 52940001 CMD:  ADDI A: 00000000 B: 00000005 ALU: FFFFFFF4
TICK:     88 PHASE:   FETCH PC: 0009 IR: 52940001 CMD:  ADDI
TICK:     89 PHASE: EXECUTE PC: 000A IR: A0000003 CMD:     J
TICK:     90 PHASE:   FETCH PC: 0003 IR: A0000003 CMD:     J
TICK:     91 PHASE: EXECUTE PC: 0004 IR: 94149806 CMD:   BGE A: 00000005 B: 00000005
TICK:     92 PHASE:   FETCH PC: 0004 IR: 94149806 CMD:   BGE
TICK:     93 PHASE: EXECUTE PC: 0005 IR: 51920001 CMD:  ADDI A: 00000006 B: 0000000E ALU: 00000006
TICK:     94 PHASE:   FETCH PC: 0005 IR: 51920001 CMD:  ADDI
TICK:     95 PHASE: EXECUTE PC: 0006 IR: 19ACA000 CMD:   ADD A: 00000064 B: 0000000E ALU: 00000065
TICK:     96 PHASE:   FETCH PC: 0006 IR: 19ACA000 CMD:   ADD
TICK:     97 PHASE: EXECUTE PC: 0007 IR: 05CD0000 CMD:    LW A: 00000065 B: 00000006
TICK:     98 PHASE:   FETCH PC: 0007 IR: 05CD0000 CMD:    LW
TICK:     99 PHASE: EXECUTE PC: 0008 IR: 09C007F4 CMD:    SW A: 0000006B B: 00000006
TICK:    100 PHASE:   FETCH PC: 0008 IR: 09C007F4 CMD:    SW
TICK:    101 PHASE: EXECUTE PC: 0009 IR: 52940001 CMD:  ADDI A: 00000000 B: 00000006 ALU: FFFFFFF4
TICK:    102 PHASE:   FETCH PC: 0009 IR: 52940001 CMD:  ADDI
TICK:    103 PHASE: EXECUTE PC: 000A IR: A0000003 CMD:     J
TICK:    104 PHASE:   FETCH PC: 0003 IR: A0000003 CMD:     J
TICK:    105 PHASE: EXECUTE PC: 0004 IR: 94149806 CMD:   BGE A: 00000006 B: 00000006
TICK:    106 PHASE:   FETCH PC: 0004 IR: 94149806 CMD:   BGE
TICK:    107 PHASE: EXECUTE PC: 0005 IR: 51920001 CMD:  ADDI A: 00000007 B: 0000000E ALU: 00000007
TICK:    108 PHASE:   FETCH PC: 0005 IR: 51920001 CMD:  ADDI
TICK:    109 PHASE: EXECUTE PC: 0006 IR: 19ACA000 CMD:   ADD A: 00000064 B: 0000000E ALU: 00000065
TICK:    110 PHASE:   FETCH PC: 0006 IR: 19ACA000 CMD:   ADD
TICK:    111 PHASE: EXECUTE PC: 0007 IR: 05CD0000 CMD:    LW A: 00000065 B: 00000007
TICK:    112 PHASE:   FETCH PC: 0007 IR: 05CD0000 CMD:    LW
TICK:    113 PHASE: EXECUTE PC: 0008 IR: 09C007F4 CMD:    SW A: 0000006C B: 00000007
TICK:    114 PHASE:   FETCH PC: 0008 IR: 09C007F4 CMD:    SW
TICK:    115 PHASE: EXECUTE PC: 0009 IR: 52940001 CMD:  ADDI A: 00000000 B: 00000007 ALU: FFFFFFF4
TICK:    116 PHASE:   FETCH PC: 0009 IR: 52940001 CMD:  ADDI
TICK:    117 PHASE: EXECUTE PC: 000A IR: A0000003 CMD:     J
TICK:    118 PHASE:   FETCH PC: 0003 IR: A0000003 CMD:     J
TICK:    119 PHASE: EXECUTE PC: 0004 IR: 94149806 CMD:   BGE A: 00000007 B: 00000007
TICK:    120 PHASE:   FETCH PC: 0004 IR: 94149806 CMD:   BGE
TICK:    121 PHASE: EXECUTE PC: 0005 IR: 51920001 CMD:  ADDI A: 00000008 B: 0000000E ALU: 00000008
TICK:    122 PHASE:   FETCH PC: 0005 IR: 51920001 CMD:  ADDI
TICK:    123 PHASE: EXECUTE PC: 0006 IR: 19ACA000 CMD:   ADD A: 00000064 B: 0000000E ALU: 00000065
TICK:    124 PHASE:   FETCH PC: 0006 IR: 19ACA000 CMD:   ADD
TICK:    125 PHASE: EXECUTE PC: 0007 IR: 05CD0000 CMD:    LW A: 00000065 B: 00000008
TICK:    126 PHASE:   FETCH PC: 0007 IR: 05CD0000 CMD:    LW
TICK:    127 PHASE: EXECUTE PC: 0008 IR: 09C007F4 CMD:    SW A: 0000006D B: 00000008
TICK:    128 PHASE:   FETCH PC: 0008 IR: 09C007F4 CMD:    SW
TICK:    129 PHASE: EXECUTE PC: 0009 IR: 52940001 CMD:  ADDI A: 00000000 B: 00000008 ALU: FFFFFFF4
TICK:    130 PHASE:   FETCH PC: 0009 IR: 52940001 CMD:  ADDI
TICK:    131 PHASE: EXECUTE PC: 000A IR: A0000003 CMD:     J
TICK:    132 PHASE:   FETCH PC: 0003 IR: A0000003 CMD:     J
TICK:    133 PHASE: EXECUTE PC: 0004 IR: 94149806 CMD:   BGE A: 00000008 B: 00000008
TICK:    134 PHASE:   FETCH PC: 0004 IR: 94149806 CMD:   BGE
TICK:    135 PHASE: EXECUTE PC: 0005 IR: 51920001 CMD:  ADDI A: 00000009 B: 0000000E ALU: 00000009
TICK:    136 PHASE:   FETCH PC: 0005 IR: 51920001 CMD:  ADDI
TICK:    137 PHASE: EXECUTE PC: 0006 IR: 19ACA000 CMD:   ADD A: 00000064 B: 0000000E ALU: 00000065
TICK:    138 PHASE:   FETCH PC: 0006 IR: 19ACA000 CMD:   ADD
TICK:    139 PHASE: EXECUTE PC: 0007 IR: 05CD0000 CMD:    LW A: 00000065 B: 00000009
TICK:    140 PHASE:   FETCH PC: 0007 IR: 05CD0000 CMD:    LW
TICK:    141 PHASE: EXECUTE PC: 0008 IR: 09C007F4 CMD:    SW A: 0000006E B: 00000009
TICK:    142 PHASE:   FETCH PC: 0008 IR: 09C007F4 CMD:    SW
TICK:    143 PHASE: EXECUTE PC: 0009 IR: 52940001 CMD:  ADDI A: 00000000 B: 00000009 ALU: FFFFFFF4
TICK:    144 PHASE:   FETCH PC: 0009 IR: 52940001 CMD:  ADDI
TICK:    145 PHASE: EXECUTE PC: 000A IR: A0000003 CMD:     J
TICK:    146 PHASE:   FETCH PC: 0003 IR: A0000003 CMD:     J
TICK:    147 PHASE: EXECUTE PC: 0004 IR: 94149806 CMD:   BGE A: 00000009 B: 00000009
TICK:    148 PHASE:   FETCH PC: 0004 IR: 94149806 CMD:   BGE
TICK:    149 PHASE: EXECUTE PC: 0005 IR: 51920001 CMD:  ADDI A: 0000000A B: 0000000E ALU: 0000000A
TICK:    150 PHASE:   FETCH PC: 0005 IR: 51920001 CMD:  ADDI
TICK:    151 PHASE: EXECUTE PC: 0006 IR: 19ACA000 CMD:   ADD A: 00000064 B: 0000000E ALU: 00000065
TICK:    152 PHASE:   FETCH PC: 0006 IR: 19ACA000 CMD:   ADD
TICK:    153 PHASE: EXECUTE PC: 0007 IR: 05CD0000 CMD:    LW A: 00000065 B: 0000000A
TICK:    154 PHASE:   FETCH PC: 0007 IR: 05CD0000 CMD:    LW
TICK:    155 PHASE: EXECUTE PC: 0008 IR: 09C007F4 CMD:    SW A: 0000006F B: 0000000A
TICK:    156 PHASE:   FETCH PC: 0008 IR: 09C007F4 CMD:    SW
TICK:    157 PHASE: EXECUTE PC: 0009 IR: 52940001 CMD:  ADDI A: 00000000 B: 0000000A ALU: FFFFFFF4
TICK:    158 PHASE:   FETCH PC: 0009 IR: 52940001 CMD:  ADDI
TICK:    159 PHASE: EXECUTE PC: 000A IR: A0000003 CMD:     J
TICK:    160 PHASE:   FETCH PC: 0003 IR: A0000003 CMD:     J
TICK:    161 PHASE: EXECUTE PC: 0004 IR: 94149806 CMD:   BGE A: 0000000A B: 0000000A
TICK:    162 PHASE:   FETCH PC: 0004 IR: 94149806 CMD:   BGE
TICK:    163 PHASE: EXECUTE PC: 0005 IR: 51920001 CMD:  ADDI A: 0000000B B: 0000000E ALU: 0000000B
TICK:    164 PHASE:   FETCH PC: 0005 IR: 51920001 CMD:  ADDI
TICK:    165 PHASE: EXECUTE PC: 0006 IR: 19ACA000 CMD:   ADD A: 00000064 B: 0000000E ALU: 00000065
TICK:    166 PHASE:   FETCH PC: 0006 IR: 19ACA000 CMD:   ADD
TICK:    167 PHASE: EXECUTE PC: 0007 IR: 05CD0000 CMD:    LW A: 00000065 B: 0000000B
TICK:    168 PHASE:   FETCH PC: 0007 IR: 05CD0000 CMD:    LW
TICK:    169 PHASE: EXECUTE PC: 0008 IR: 09C007F4 CMD:    SW A: 00000070 B: 0000000B
TICK:    170 PHASE:   FETCH PC: 0008 IR: 09C007F4 CMD:    SW
TICK:    171 PHASE: EXECUTE PC: 0009 IR: 52940001 CMD:  ADDI A: 00000000 B: 0000000B ALU: FFFFFFF4
TICK:    172 PHASE:   FETCH PC: 0009 IR: 52940001 CMD:  ADDI
TICK:    173 PHASE: EXECUTE PC: 000A IR: A0000003 CMD:     J
TICK:    174 PHASE:   FETCH PC: 0003 IR: A0000003 CMD:     J
TICK:    175 PHASE: EXECUTE PC: 0004 IR: 94149806 CMD:   BGE A: 0000000B B: 0000000B
TICK:    176 PHASE:   FETCH PC: 0004 IR: 94149806 CMD:   BGE
TICK:    177 PHASE: EXECUTE PC: 0005 IR: 51920001 CMD:  ADDI A: 0000000C B: 0000000E ALU: 0000000C
TICK:    178 PHASE:   FETCH PC: 0005 IR: 51920001 CMD:  ADDI
TICK:    179 PHASE: EXECUTE PC: 0006 IR: 19ACA000 CMD:   ADD A: 00000064 B: 0000000E ALU: 00000065
TICK:    180 PHASE:   FETCH PC: 0006 IR: 19ACA000 CMD:   ADD
TICK:    181 PHASE: EXECUTE PC: 0007 IR: 05CD0000 CMD:    LW A: 00000065 B: 0000000C
TICK:    182 PHASE:   FETCH PC: 0007 IR: 05CD0000 CMD:    LW
TICK:    183 PHASE: EXECUTE PC: 0008 IR: 09C007F4 CMD:    SW A: 00000071 B: 0000000C
TICK:    184 PHASE:   FETCH PC: 0008 IR: 09C007F4 CMD:    SW
TICK:    185 PHASE: EXECUTE PC: 0009 IR: 52940001 CMD:  ADDI A: 00000000 B: 0000000C ALU: FFFFFFF4
TICK:    186 PHASE:   FETCH PC: 0009 IR: 52940001 CMD:  ADDI
TICK:    187 PHASE: EXECUTE PC: 000A IR: A0000003 CMD:     J
TICK:    188 PHASE:   FETCH PC: 0003 IR: A0000003 CMD:     J
TICK:    189 PHASE: EXECUTE PC: 0004 IR: 94149806 CMD:   BGE A: 0000000C B: 0000000C
TICK:    190 PHASE:   FETCH PC: 0004 IR: 94149806 CMD:   BGE
TICK:    191 PHASE: EXECUTE PC: 0005 IR: 51920001 CMD:  ADDI A: 0000000D B: 0000000E ALU: 0000000D
TICK:    192 PHASE:   FETCH PC: 0005 IR: 51920001 CMD:  ADDI
TICK:    193 PHASE: EXECUTE PC: 0006 IR: 19ACA000 CMD:   ADD A: 00000064 B: 0000000E ALU: 00000065
TICK:    194 PHASE:   FETCH PC: 0006 IR: 19ACA000 CMD:   ADD
TICK:    195 PHASE: EXECUTE PC: 0007 IR: 05CD0000 CMD:    LW A: 00000065 B: 0000000D
TICK:    196 PHASE:   FETCH PC: 0007 IR: 05CD0000 CMD:    LW
TICK:    197 PHASE: EXECUTE PC: 0008 IR: 09C007F4 CMD:    SW A: 00000072 B: 0000000D
TICK:    198 PHASE:   FETCH PC: 0008 IR: 09C007F4 CMD:    SW
TICK:    199 PHASE: EXECUTE PC: 0009 IR: 52940001 CMD:  ADDI A: 00000000 B: 0000000D ALU: FFFFFFF4
TICK:    200 PHASE:   FETCH PC: 0009 IR: 52940001 CMD:  ADDI
TICK:    201 PHASE: EXECUTE PC: 000A IR: A0000003 CMD:     J
TICK:    202 PHASE:   FETCH PC: 0003 IR: A0000003 CMD:     J
TICK:    203 PHASE: EXECUTE PC: 0004 IR: 94149806 CMD:   BGE A: 0000000D B: 0000000D
TICK:    204 PHASE:   FETCH PC: 000A IR: 94149806 CMD:   BGE
TICK:    205 PHASE: EXECUTE PC: 000B IR: FC000000 CMD:  HALT
TICK:    206 PHASE:    HALT PC: 000B IR: FC000000 CMD:  HALT

Total ticks: 206
