TICK:      1  UPC:  2  PHASE: FETCH     PC: 0001  IR: 52400064  CMD:  ADDI
TICK:      2  UPC:  0  PHASE: I_EX      PC: 0001  IR: 52400064  CMD:  ADDI  A: 00000000  B: 00000064  ALU: 00000064
TICK:      3  UPC:  3  PHASE: FETCH     PC: 0002  IR: 06720000  CMD:    LW
TICK:      4  UPC:  4  PHASE: L_EX1     PC: 0002  IR: 06720000  CMD:    LW  A: 00000064  B: 00000000  ALU: 00000064
TICK:      5  UPC: 17  PHASE: L_EX2     PC: 0002  IR: 06720000  CMD:    LW  A: 00000064  B: 00000000  MDR: 0000000E
TICK:      6  UPC:  0  PHASE: L_EX3     PC: 0002  IR: 06720000  CMD:    LW  A: 00000064  B: 00000000
TICK:      7  UPC:  2  PHASE: FETCH     PC: 0003  IR: 52800000  CMD:  ADDI
TICK:      8  UPC:  0  PHASE: I_EX      PC: 0003  IR: 52800000  CMD:  ADDI  A: 00000000  B: 00000000  ALU: 00000000
TICK:      9  UPC:  6  PHASE: FETCH     PC: 0004  IR: 94149806  CMD:   BGE
TICK:     10  UPC:  0  PHASE: B_EX      PC: 0004  IR: 94149806  CMD:   BGE  A: 00000000  B: 0000000E
TICK:     11  UPC:  2  PHASE: FETCH     PC: 0005  IR: 51920001  CMD:  ADDI
TICK:     12  UPC:  0  PHASE: I_EX      PC: 0005  IR: 51920001  CMD:  ADDI  A: 00000064  B: 00000001  ALU: 00000065
TICK:     13  UPC:  1  PHASE: FETCH     PC: 0006  IR: 19ACA000  CMD:   ADD
TICK:     14  UPC:  0  PHASE: R_EX      PC: 0006  IR: 19ACA000  CMD:   ADD  A: 00000065  B: 00000000  ALU: 00000065
TICK:     15  UPC:  3  PHASE: FETCH     PC: 0007  IR: 05CD0000  CMD:    LW
TICK:     16  UPC:  4  PHASE: L_EX1     PC: 0007  IR: 05CD0000  CMD:    LW  A: 00000065  B: 00000000  ALU: 00000065
TICK:     17  UPC: 17  PHASE: L_EX2     PC: 0007  IR: 05CD0000  CMD:    LW  A: 00000065  B: 00000000  MDR: 00000048
TICK:     18  UPC:  0  PHASE: L_EX3     PC: 0007  IR: 05CD0000  CMD:    LW  A: 00000065  B: 00000000
TICK:     19  UPC:  5  PHASE: FETCH     PC: 0008  IR: 09C007F4  CMD:    SW
TICK:     20  UPC: 18  PHASE: S_EX1     PC: 0008  IR: 09C007F4  CMD:    SW  A: 00000000  B: -000000C
TICK:     21  UPC:  0  PHASE: S_EX2     PC: 0008  IR: 09C007F4  CMD:    SW  A: 00000000  B: -000000C
TICK:     22  UPC:  2  PHASE: FETCH     PC: 0009  IR: 52940001  CMD:  ADDI
TICK:     23  UPC:  0  PHASE: I_EX      PC: 0009  IR: 52940001  CMD:  ADDI  A: 00000000  B: 00000001  ALU: 00000001
TICK:     24  UPC:  7  PHASE: FETCH     PC: 000A  IR: A0000003  CMD:     J
TICK:     25  UPC:  0  PHASE: J_EX      PC: 0003  IR: A0000003  CMD:     J
TICK:     26  UPC:  6  PHASE: FETCH     PC: 0004  IR: 94149806  CMD:   BGE
TICK:     27  UPC:  0  PHASE: B_EX      PC: 0004  IR: 94149806  CMD:   BGE  A: 00000001  B: 0000000E
TICK:     28  UPC:  2  PHASE: FETCH     PC: 0005  IR: 51920001  CMD:  ADDI
TICK:     29  UPC:  0  PHASE: I_EX      PC: 0005  IR: 51920001  CMD:  ADDI  A: 00000064  B: 00000001  ALU: 00000065
TICK:     30  UPC:  1  PHASE: FETCH     PC: 0006  IR: 19ACA000  CMD:   ADD
TICK:     31  UPC:  0  PHASE: R_EX      PC: 0006  IR: 19ACA000  CMD:   ADD  A: 00000065  B: 00000001  ALU: 00000066
TICK:     32  UPC:  3  PHASE: FETCH     PC: 0007  IR: 05CD0000  CMD:    LW
TICK:     33  UPC:  4  PHASE: L_EX1     PC: 0007  IR: 05CD0000  CMD:    LW  A: 00000066  B: 00000000  ALU: 00000066
TICK:     34  UPC: 17  PHASE: L_EX2     PC: 0007  IR: 05CD0000  CMD:    LW  A: 00000066  B: 00000000  MDR: 00000065
TICK:     35  UPC:  0  PHASE: L_EX3     PC: 0007  IR: 05CD0000  CMD:    LW  A: 00000066  B: 00000000
TICK:     36  UPC:  5  PHASE: FETCH     PC: 0008  IR: 09C007F4  CMD:    SW
TICK:     37  UPC: 18  PHASE: S_EX1     PC: 0008  IR: 09C007F4  CMD:    SW  A: 00000000  B: -000000C
TICK:     38  UPC:  0  PHASE: S_EX2     PC: 0008  IR: 09C007F4  CMD:    SW  A: 00000000  B: -000000C
TICK:     39  UPC:  2  PHASE: FETCH     PC: 0009  IR: 52940001  CMD:  ADDI
TICK:     40  UPC:  0  PHASE: I_EX      PC: 0009  IR: 52940001  CMD:  ADDI  A: 00000001  B: 00000001  ALU: 00000002
TICK:     41  UPC:  7  PHASE: FETCH     PC: 000A  IR: A0000003  CMD:     J
TICK:     42  UPC:  0  PHASE: J_EX      PC: 0003  IR: A0000003  CMD:     J
TICK:     43  UPC:  6  PHASE: FETCH     PC: 0004  IR: 94149806  CMD:   BGE
TICK:     44  UPC:  0  PHASE: B_EX      PC: 0004  IR: 94149806  CMD:   BGE  A: 00000002  B: 0000000E
TICK:     45  UPC:  2  PHASE: FETCH     PC: 0005  IR: 51920001  CMD:  ADDI
TICK:     46  UPC:  0  PHASE: I_EX      PC: 0005  IR: 51920001  CMD:  ADDI  A: 00000064  B: 00000001  ALU: 00000065
TICK:     47  UPC:  1  PHASE: FETCH     PC: 0006  IR: 19ACA000  CMD:   ADD
TICK:     48  UPC:  0  PHASE: R_EX      PC: 0006  IR: 19ACA000  CMD:   ADD  A: 00000065  B: 00000002  ALU: 00000067
TICK:     49  UPC:  3  PHASE: FETCH     PC: 0007  IR: 05CD0000  CMD:    LW
TICK:     50  UPC:  4  PHASE: L_EX1     PC: 0007  IR: 05CD0000  CMD:    LW  A: 00000067  B: 00000000  ALU: 00000067
TICK:     51  UPC: 17  PHASE: L_EX2     PC: 0007  IR: 05CD0000  CMD:    LW  A: 00000067  B: 00000000  MDR: 0000006C
TICK:     52  UPC:  0  PHASE: L_EX3     PC: 0007  IR: 05CD0000  CMD:    LW  A: 00000067  B: 00000000
TICK:     53  UPC:  5  PHASE: FETCH     PC: 0008  IR: 09C007F4  CMD:    SW
TICK:     54  UPC: 18  PHASE: S_EX1     PC: 0008  IR: 09C007F4  CMD:    SW  A: 00000000  B: -000000C
TICK:     55  UPC:  0  PHASE: S_EX2     PC: 0008  IR: 09C007F4  CMD:    SW  A: 00000000  B: -000000C
TICK:     56  UPC:  2  PHASE: FETCH     PC: 0009  IR: 52940001  CMD:  ADDI
TICK:     57  UPC:  0  PHASE: I_EX      PC: 0009  IR: 52940001  CMD:  ADDI  A: 00000002  B: 00000001  ALU: 00000003
TICK:     58  UPC:  7  PHASE: FETCH     PC: 000A  IR: A0000003  CMD:     J
TICK:     59  UPC:  0  PHASE: J_EX      PC: 0003  IR: A0000003  CMD:     J
TICK:     60  UPC:  6  PHASE: FETCH     PC: 0004  IR: 94149806  CMD:   BGE
TICK:     61  UPC:  0  PHASE: B_EX      PC: 0004  IR: 94149806  CMD:   BGE  A: 00000003  B: 0000000E
TICK:     62  UPC:  2  PHASE: FETCH     PC: 0005  IR: 51920001  CMD:  ADDI
TICK:     63  UPC:  0  PHASE: I_EX      PC: 0005  IR: 51920001  CMD:  ADDI  A: 00000064  B: 00000001  ALU: 00000065
TICK:     64  UPC:  1  PHASE: FETCH     PC: 0006  IR: 19ACA000  CMD:   ADD
TICK:     65  UPC:  0  PHASE: R_EX      PC: 0006  IR: 19ACA000  CMD:   ADD  A: 00000065  B: 00000003  ALU: 00000068
TICK:     66  UPC:  3  PHASE: FETCH     PC: 0007  IR: 05CD0000  CMD:    LW
TICK:     67  UPC:  4  PHASE: L_EX1     PC: 0007  IR: 05CD0000  CMD:    LW  A: 00000068  B: 00000000  ALU: 00000068
TICK:     68  UPC: 17  PHASE: L_EX2     PC: 0007  IR: 05CD0000  CMD:    LW  A: 00000068  B: 00000000  MDR: 0000006C
TICK:     69  UPC:  0  PHASE: L_EX3     PC: 0007  IR: 05CD0000  CMD:    LW  A: 00000068  B: 00000000
TICK:     70  UPC:  5  PHASE: FETCH     PC: 0008  IR: 09C007F4  CMD:    SW
TICK:     71  UPC: 18  PHASE: S_EX1     PC: 0008  IR: 09C007F4  CMD:    SW  A: 00000000  B: -000000C
TICK:     72  UPC:  0  PHASE: S_EX2     PC: 0008  IR: 09C007F4  CMD:    SW  A: 00000000  B: -000000C
TICK:     73  UPC:  2  PHASE: FETCH     PC: 0009  IR: 52940001  CMD:  ADDI
TICK:     74  UPC:  0  PHASE: I_EX      PC: 0009  IR: 52940001  CMD:  ADDI  A: 00000003  B: 00000001  ALU: 00000004
TICK:     75  UPC:  7  PHASE: FETCH     PC: 000A  IR: A0000003  CMD:     J
TICK:     76  UPC:  0  PHASE: J_EX      PC: 0003  IR: A0000003  CMD:     J
TICK:     77  UPC:  6  PHASE: FETCH     PC: 0004  IR: 94149806  CMD:   BGE
TICK:     78  UPC:  0  PHASE: B_EX      PC: 0004  IR: 94149806  CMD:   BGE  A: 00000004  B: 0000000E
TICK:     79  UPC:  2  PHASE: FETCH     PC: 0005  IR: 51920001  CMD:  ADDI
TICK:     80  UPC:  0  PHASE: I_EX      PC: 0005  IR: 51920001  CMD:  ADDI  A: 00000064  B: 00000001  ALU: 00000065
TICK:     81  UPC:  1  PHASE: FETCH     PC: 0006  IR: 19ACA000  CMD:   ADD
TICK:     82  UPC:  0  PHASE: R_EX      PC: 0006  IR: 19ACA000  CMD:   ADD  A: 00000065  B: 00000004  ALU: 00000069
TICK:     83  UPC:  3  PHASE: FETCH     PC: 0007  IR: 05CD0000  CMD:    LW
TICK:     84  UPC:  4  PHASE: L_EX1     PC: 0007  IR: 05CD0000  CMD:    LW  A: 00000069  B: 00000000  ALU: 00000069
TICK:     85  UPC: 17  PHASE: L_EX2     PC: 0007  IR: 05CD0000  CMD:    LW  A: 00000069  B: 00000000  MDR: 0000006F
TICK:     86  UPC:  0  PHASE: L_EX3     PC: 0007  IR: 05CD0000  CMD:    LW  A: 00000069  B: 00000000
TICK:     87  UPC:  5  PHASE: FETCH     PC: 0008  IR: 09C007F4  CMD:    SW
TICK:     88  UPC: 18  PHASE: S_EX1     PC: 0008  IR: 09C007F4  CMD:    SW  A: 00000000  B: -000000C
TICK:     89  UPC:  0  PHASE: S_EX2     PC: 0008  IR: 09C007F4  CMD:    SW  A: 00000000  B: -000000C
TICK:     90  UPC:  2  PHASE: FETCH     PC: 0009  IR: 52940001  CMD:  ADDI
TICK:     91  UPC:  0  PHASE: I_EX      PC: 0009  IR: 52940001  CMD:  ADDI  A: 00000004  B: 00000001  ALU: 00000005
TICK:     92  UPC:  7  PHASE: FETCH     PC: 000A  IR: A0000003  CMD:     J
TICK:     93  UPC:  0  PHASE: J_EX      PC: 0003  IR: A0000003  CMD:     J
TICK:     94  UPC:  6  PHASE: FETCH     PC: 0004  IR: 94149806  CMD:   BGE
TICK:     95  UPC:  0  PHASE: B_EX      PC: 0004  IR: 94149806  CMD:   BGE  A: 00000005  B: 0000000E
TICK:     96  UPC:  2  PHASE: FETCH     PC: 0005  IR: 51920001  CMD:  ADDI
TICK:     97  UPC:  0  PHASE: I_EX      PC: 0005  IR: 51920001  CMD:  ADDI  A: 00000064  B: 00000001  ALU: 00000065
TICK:     98  UPC:  1  PHASE: FETCH     PC: 0006  IR: 19ACA000  CMD:   ADD
TICK:     99  UPC:  0  PHASE: R_EX      PC: 0006  IR: 19ACA000  CMD:   ADD  A: 00000065  B: 00000005  ALU: 0000006A
TICK:    100  UPC:  3  PHASE: FETCH     PC: 0007  IR: 05CD0000  CMD:    LW
TICK:    101  UPC:  4  PHASE: L_EX1     PC: 0007  IR: 05CD0000  CMD:    LW  A: 0000006A  B: 00000000  ALU: 0000006A
TICK:    102  UPC: 17  PHASE: L_EX2     PC: 0007  IR: 05CD0000  CMD:    LW  A: 0000006A  B: 00000000  MDR: 0000002C
TICK:    103  UPC:  0  PHASE: L_EX3     PC: 0007  IR: 05CD0000  CMD:    LW  A: 0000006A  B: 00000000
TICK:    104  UPC:  5  PHASE: FETCH     PC: 0008  IR: 09C007F4  CMD:    SW
TICK:    105  UPC: 18  PHASE: S_EX1     PC: 0008  IR: 09C007F4  CMD:    SW  A: 00000000  B: -000000C
TICK:    106  UPC:  0  PHASE: S_EX2     PC: 0008  IR: 09C007F4  CMD:    SW  A: 00000000  B: -000000C
TICK:    107  UPC:  2  PHASE: FETCH     PC: 0009  IR: 52940001  CMD:  ADDI
TICK:    108  UPC:  0  PHASE: I_EX      PC: 0009  IR: 52940001  CMD:  ADDI  A: 00000005  B: 00000001  ALU: 00000006
TICK:    109  UPC:  7  PHASE: FETCH     PC: 000A  IR: A0000003  CMD:     J
TICK:    110  UPC:  0  PHASE: J_EX      PC: 0003  IR: A0000003  CMD:     J
TICK:    111  UPC:  6  PHASE: FETCH     PC: 0004  IR: 94149806  CMD:   BGE
TICK:    112  UPC:  0  PHASE: B_EX      PC: 0004  IR: 94149806  CMD:   BGE  A: 00000006  B: 0000000E
TICK:    113  UPC:  2  PHASE: FETCH     PC: 0005  IR: 51920001  CMD:  ADDI
TICK:    114  UPC:  0  PHASE: I_EX      PC: 0005  IR: 51920001  CMD:  ADDI  A: 00000064  B: 00000001  ALU: 00000065
TICK:    115  UPC:  1  PHASE: FETCH     PC: 0006  IR: 19ACA000  CMD:   ADD
TICK:    116  UPC:  0  PHASE: R_EX      PC: 0006  IR: 19ACA000  CMD:   ADD  A: 00000065  B: 00000006  ALU: 0000006B
TICK:    117  UPC:  3  PHASE: FETCH     PC: 0007  IR: 05CD0000  CMD:    LW
TICK:    118  UPC:  4  PHASE: L_EX1     PC: 0007  IR: 05CD0000  CMD:    LW  A: 0000006B  B: 00000000  ALU: 0000006B
TICK:    119  UPC: 17  PHASE: L_EX2     PC: 0007  IR: 05CD0000  CMD:    LW  A: 0000006B  B: 00000000  MDR: 00000020
TICK:    120  UPC:  0  PHASE: L_EX3     PC: 0007  IR: 05CD0000  CMD:    LW  A: 0000006B  B: 00000000
TICK:    121  UPC:  5  PHASE: FETCH     PC: 0008  IR: 09C007F4  CMD:    SW
TICK:    122  UPC: 18  PHASE: S_EX1     PC: 0008  IR: 09C007F4  CMD:    SW  A: 00000000  B: -000000C
TICK:    123  UPC:  0  PHASE: S_EX2     PC: 0008  IR: 09C007F4  CMD:    SW  A: 00000000  B: -000000C
TICK:    124  UPC:  2  PHASE: FETCH     PC: 0009  IR: 52940001  CMD:  ADDI
TICK:    125  UPC:  0  PHASE: I_EX      PC: 0009  IR: 52940001  CMD:  ADDI  A: 00000006  B: 00000001  ALU: 00000007
TICK:    126  UPC:  7  PHASE: FETCH     PC: 000A  IR: A0000003  CMD:     J
TICK:    127  UPC:  0  PHASE: J_EX      PC: 0003  IR: A0000003  CMD:     J
TICK:    128  UPC:  6  PHASE: FETCH     PC: 0004  IR: 94149806  CMD:   BGE
TICK:    129  UPC:  0  PHASE: B_EX      PC: 0004  IR: 94149806  CMD:   BGE  A: 00000007  B: 0000000E
TICK:    130  UPC:  2  PHASE: FETCH     PC: 0005  IR: 51920001  CMD:  ADDI
TICK:    131  UPC:  0  PHASE: I_EX      PC: 0005  IR: 51920001  CMD:  ADDI  A: 00000064  B: 00000001  ALU: 00000065
TICK:    132  UPC:  1  PHASE: FETCH     PC: 0006  IR: 19ACA000  CMD:   ADD
TICK:    133  UPC:  0  PHASE: R_EX      PC: 0006  IR: 19ACA000  CMD:   ADD  A: 00000065  B: 00000007  ALU: 0000006C
TICK:    134  UPC:  3  PHASE: FETCH     PC: 0007  IR: 05CD0000  CMD:    LW
TICK:    135  UPC:  4  PHASE: L_EX1     PC: 0007  IR: 05CD0000  CMD:    LW  A: 0000006C  B: 00000000  ALU: 0000006C
TICK:    136  UPC: 17  PHASE: L_EX2     PC: 0007  IR: 05CD0000  CMD:    LW  A: 0000006C  B: 00000000  MDR: 00000057
TICK:    137  UPC:  0  PHASE: L_EX3     PC: 0007  IR: 05CD0000  CMD:    LW  A: 0000006C  B: 00000000
TICK:    138  UPC:  5  PHASE: FETCH     PC: 0008  IR: 09C007F4  CMD:    SW
TICK:    139  UPC: 18  PHASE: S_EX1     PC: 0008  IR: 09C007F4  CMD:    SW  A: 00000000  B: -000000C
TICK:    140  UPC:  0  PHASE: S_EX2     PC: 0008  IR: 09C007F4  CMD:    SW  A: 00000000  B: -000000C
TICK:    141  UPC:  2  PHASE: FETCH     PC: 0009  IR: 52940001  CMD:  ADDI
TICK:    142  UPC:  0  PHASE: I_EX      PC: 0009  IR: 52940001  CMD:  ADDI  A: 00000007  B: 00000001  ALU: 00000008
TICK:    143  UPC:  7  PHASE: FETCH     PC: 000A  IR: A0000003  CMD:     J
TICK:    144  UPC:  0  PHASE: J_EX      PC: 0003  IR: A0000003  CMD:     J
TICK:    145  UPC:  6  PHASE: FETCH     PC: 0004  IR: 94149806  CMD:   BGE
TICK:    146  UPC:  0  PHASE: B_EX      PC: 0004  IR: 94149806  CMD:   BGE  A: 00000008  B: 0000000E
TICK:    147  UPC:  2  PHASE: FETCH     PC: 0005  IR: 51920001  CMD:  ADDI
TICK:    148  UPC:  0  PHASE: I_EX      PC: 0005  IR: 51920001  CMD:  ADDI  A: 00000064  B: 00000001  ALU: 00000065
TICK:    149  UPC:  1  PHASE: FETCH     PC: 0006  IR: 19ACA000  CMD:   ADD
TICK:    150  UPC:  0  PHASE: R_EX      PC: 0006  IR: 19ACA000  CMD:   ADD  A: 00000065  B: 00000008  ALU: 0000006D
TICK:    151  UPC:  3  PHASE: FETCH     PC: 0007  IR: 05CD0000  CMD:    LW
TICK:    152  UPC:  4  PHASE: L_EX1     PC: 0007  IR: 05CD0000  CMD:    LW  A: 0000006D  B: 00000000  ALU: 0000006D
TICK:    153  UPC: 17  PHASE: L_EX2     PC: 0007  IR: 05CD0000  CMD:    LW  A: 0000006D  B: 00000000  MDR: 0000006F
TICK:    154  UPC:  0  PHASE: L_EX3     PC: 0007  IR: 05CD0000  CMD:    LW  A: 0000006D  B: 00000000
TICK:    155  UPC:  5  PHASE: FETCH     PC: 0008  IR: 09C007F4  CMD:    SW
TICK:    156  UPC: 18  PHASE: S_EX1     PC: 0008  IR: 09C007F4  CMD:    SW  A: 00000000  B: -000000C
TICK:    157  UPC:  0  PHASE: S_EX2     PC: 0008  IR: 09C007F4  CMD:    SW  A: 00000000  B: -000000C
TICK:    158  UPC:  2  PHASE: FETCH     PC: 0009  IR: 52940001  CMD:  ADDI
TICK:    159  UPC:  0  PHASE: I_EX      PC: 0009  IR: 52940001  CMD:  ADDI  A: 00000008  B: 00000001  ALU: 00000009
TICK:    160  UPC:  7  PHASE: FETCH     PC: 000A  IR: A0000003  CMD:     J
TICK:    161  UPC:  0  PHASE: J_EX      PC: 0003  IR: A0000003  CMD:     J
TICK:    162  UPC:  6  PHASE: FETCH     PC: 0004  IR: 94149806  CMD:   BGE
TICK:    163  UPC:  0  PHASE: B_EX      PC: 0004  IR: 94149806  CMD:   BGE  A: 00000009  B: 0000000E
TICK:    164  UPC:  2  PHASE: FETCH     PC: 0005  IR: 51920001  CMD:  ADDI
TICK:    165  UPC:  0  PHASE: I_EX      PC: 0005  IR: 51920001  CMD:  ADDI  A: 00000064  B: 00000001  ALU: 00000065
TICK:    166  UPC:  1  PHASE: FETCH     PC: 0006  IR: 19ACA000  CMD:   ADD
TICK:    167  UPC:  0  PHASE: R_EX      PC: 0006  IR: 19ACA000  CMD:   ADD  A: 00000065  B: 00000009  ALU: 0000006E
TICK:    168  UPC:  3  PHASE: FETCH     PC: 0007  IR: 05CD0000  CMD:    LW
TICK:    169  UPC:  4  PHASE: L_EX1     PC: 0007  IR: 05CD0000  CMD:    LW  A: 0000006E  B: 00000000  ALU: 0000006E
TICK:    170  UPC: 17  PHASE: L_EX2     PC: 0007  IR: 05CD0000  CMD:    LW  A: 0000006E  B: 00000000  MDR: 00000072
TICK:    171  UPC:  0  PHASE: L_EX3     PC: 0007  IR: 05CD0000  CMD:    LW  A: 0000006E  B: 00000000
TICK:    172  UPC:  5  PHASE: FETCH     PC: 0008  IR: 09C007F4  CMD:    SW
TICK:    173  UPC: 18  PHASE: S_EX1     PC: 0008  IR: 09C007F4  CMD:    SW  A: 00000000  B: -000000C
TICK:    174  UPC:  0  PHASE: S_EX2     PC: 0008  IR: 09C007F4  CMD:    SW  A: 00000000  B: -000000C
TICK:    175  UPC:  2  PHASE: FETCH     PC: 0009  IR: 52940001  CMD:  ADDI
TICK:    176  UPC:  0  PHASE: I_EX      PC: 0009  IR: 52940001  CMD:  ADDI  A: 00000009  B: 00000001  ALU: 0000000A
TICK:    177  UPC:  7  PHASE: FETCH     PC: 000A  IR: A0000003  CMD:     J
TICK:    178  UPC:  0  PHASE: J_EX      PC: 0003  IR: A0000003  CMD:     J
TICK:    179  UPC:  6  PHASE: FETCH     PC: 0004  IR: 94149806  CMD:   BGE
TICK:    180  UPC:  0  PHASE: B_EX      PC: 0004  IR: 94149806  CMD:   BGE  A: 0000000A  B: 0000000E
TICK:    181  UPC:  2  PHASE: FETCH     PC: 0005  IR: 51920001  CMD:  ADDI
TICK:    182  UPC:  0  PHASE: I_EX      PC: 0005  IR: 51920001  CMD:  ADDI  A: 00000064  B: 00000001  ALU: 00000065
TICK:    183  UPC:  1  PHASE: FETCH     PC: 0006  IR: 19ACA000  CMD:   ADD
TICK:    184  UPC:  0  PHASE: R_EX      PC: 0006  IR: 19ACA000  CMD:   ADD  A: 00000065  B: 0000000A  ALU: 0000006F
TICK:    185  UPC:  3  PHASE: FETCH     PC: 0007  IR: 05CD0000  CMD:    LW
TICK:    186  UPC:  4  PHASE: L_EX1     PC: 0007  IR: 05CD0000  CMD:    LW  A: 0000006F  B: 00000000  ALU: 0000006F
TICK:    187  UPC: 17  PHASE: L_EX2     PC: 0007  IR: 05CD0000  CMD:    LW  A: 0000006F  B: 00000000  MDR: 0000006C
TICK:    188  UPC:  0  PHASE: L_EX3     PC: 0007  IR: 05CD0000  CMD:    LW  A: 0000006F  B: 00000000
TICK:    189  UPC:  5  PHASE: FETCH     PC: 0008  IR: 09C007F4  CMD:    SW
TICK:    190  UPC: 18  PHASE: S_EX1     PC: 0008  IR: 09C007F4  CMD:    SW  A: 00000000  B: -000000C
TICK:    191  UPC:  0  PHASE: S_EX2     PC: 0008  IR: 09C007F4  CMD:    SW  A: 00000000  B: -000000C
TICK:    192  UPC:  2  PHASE: FETCH     PC: 0009  IR: 52940001  CMD:  ADDI
TICK:    193  UPC:  0  PHASE: I_EX      PC: 0009  IR: 52940001  CMD:  ADDI  A: 0000000A  B: 00000001  ALU: 0000000B
TICK:    194  UPC:  7  PHASE: FETCH     PC: 000A  IR: A0000003  CMD:     J
TICK:    195  UPC:  0  PHASE: J_EX      PC: 0003  IR: A0000003  CMD:     J
TICK:    196  UPC:  6  PHASE: FETCH     PC: 0004  IR: 94149806  CMD:   BGE
TICK:    197  UPC:  0  PHASE: B_EX      PC: 0004  IR: 94149806  CMD:   BGE  A: 0000000B  B: 0000000E
TICK:    198  UPC:  2  PHASE: FETCH     PC: 0005  IR: 51920001  CMD:  ADDI
TICK:    199  UPC:  0  PHASE: I_EX      PC: 0005  IR: 51920001  CMD:  ADDI  A: 00000064  B: 00000001  ALU: 00000065
TICK:    200  UPC:  1  PHASE: FETCH     PC: 0006  IR: 19ACA000  CMD:   ADD
TICK:    201  UPC:  0  PHASE: R_EX      PC: 0006  IR: 19ACA000  CMD:   ADD  A: 00000065  B: 0000000B  ALU: 00000070
TICK:    202  UPC:  3  PHASE: FETCH     PC: 0007  IR: 05CD0000  CMD:    LW
TICK:    203  UPC:  4  PHASE: L_EX1     PC: 0007  IR: 05CD0000  CMD:    LW  A: 00000070  B: 00000000  ALU: 00000070
TICK:    204  UPC: 17  PHASE: L_EX2     PC: 0007  IR: 05CD0000  CMD:    LW  A: 00000070  B: 00000000  MDR: 00000064
TICK:    205  UPC:  0  PHASE: L_EX3     PC: 0007  IR: 05CD0000  CMD:    LW  A: 00000070  B: 00000000
TICK:    206  UPC:  5  PHASE: FETCH     PC: 0008  IR: 09C007F4  CMD:    SW
TICK:    207  UPC: 18  PHASE: S_EX1     PC: 0008  IR: 09C007F4  CMD:    SW  A: 00000000  B: -000000C
TICK:    208  UPC:  0  PHASE: S_EX2     PC: 0008  IR: 09C007F4  CMD:    SW  A: 00000000  B: -000000C
TICK:    209  UPC:  2  PHASE: FETCH     PC: 0009  IR: 52940001  CMD:  ADDI
TICK:    210  UPC:  0  PHASE: I_EX      PC: 0009  IR: 52940001  CMD:  ADDI  A: 0000000B  B: 00000001  ALU: 0000000C
TICK:    211  UPC:  7  PHASE: FETCH     PC: 000A  IR: A0000003  CMD:     J
TICK:    212  UPC:  0  PHASE: J_EX      PC: 0003  IR: A0000003  CMD:     J
TICK:    213  UPC:  6  PHASE: FETCH     PC: 0004  IR: 94149806  CMD:   BGE
TICK:    214  UPC:  0  PHASE: B_EX      PC: 0004  IR: 94149806  CMD:   BGE  A: 0000000C  B: 0000000E
TICK:    215  UPC:  2  PHASE: FETCH     PC: 0005  IR: 51920001  CMD:  ADDI
TICK:    216  UPC:  0  PHASE: I_EX      PC: 0005  IR: 51920001  CMD:  ADDI  A: 00000064  B: 00000001  ALU: 00000065
TICK:    217  UPC:  1  PHASE: FETCH     PC: 0006  IR: 19ACA000  CMD:   ADD
TICK:    218  UPC:  0  PHASE: R_EX      PC: 0006  IR: 19ACA000  CMD:   ADD  A: 00000065  B: 0000000C  ALU: 00000071
TICK:    219  UPC:  3  PHASE: FETCH     PC: 0007  IR: 05CD0000  CMD:    LW
TICK:    220  UPC:  4  PHASE: L_EX1     PC: 0007  IR: 05CD0000  CMD:    LW  A: 00000071  B: 00000000  ALU: 00000071
TICK:    221  UPC: 17  PHASE: L_EX2     PC: 0007  IR: 05CD0000  CMD:    LW  A: 00000071  B: 00000000  MDR: 00000021
TICK:    222  UPC:  0  PHASE: L_EX3     PC: 0007  IR: 05CD0000  CMD:    LW  A: 00000071  B: 00000000
TICK:    223  UPC:  5  PHASE: FETCH     PC: 0008  IR: 09C007F4  CMD:    SW
TICK:    224  UPC: 18  PHASE: S_EX1     PC: 0008  IR: 09C007F4  CMD:    SW  A: 00000000  B: -000000C
TICK:    225  UPC:  0  PHASE: S_EX2     PC: 0008  IR: 09C007F4  CMD:    SW  A: 00000000  B: -000000C
TICK:    226  UPC:  2  PHASE: FETCH     PC: 0009  IR: 52940001  CMD:  ADDI
TICK:    227  UPC:  0  PHASE: I_EX      PC: 0009  IR: 52940001  CMD:  ADDI  A: 0000000C  B: 00000001  ALU: 0000000D
TICK:    228  UPC:  7  PHASE: FETCH     PC: 000A  IR: A0000003  CMD:     J
TICK:    229  UPC:  0  PHASE: J_EX      PC: 0003  IR: A0000003  CMD:     J
TICK:    230  UPC:  6  PHASE: FETCH     PC: 0004  IR: 94149806  CMD:   BGE
TICK:    231  UPC:  0  PHASE: B_EX      PC: 0004  IR: 94149806  CMD:   BGE  A: 0000000D  B: 0000000E
TICK:    232  UPC:  2  PHASE: FETCH     PC: 0005  IR: 51920001  CMD:  ADDI
TICK:    233  UPC:  0  PHASE: I_EX      PC: 0005  IR: 51920001  CMD:  ADDI  A: 00000064  B: 00000001  ALU: 00000065
TICK:    234  UPC:  1  PHASE: FETCH     PC: 0006  IR: 19ACA000  CMD:   ADD
TICK:    235  UPC:  0  PHASE: R_EX      PC: 0006  IR: 19ACA000  CMD:   ADD  A: 00000065  B: 0000000D  ALU: 00000072
TICK:    236  UPC:  3  PHASE: FETCH     PC: 0007  IR: 05CD0000  CMD:    LW
TICK:    237  UPC:  4  PHASE: L_EX1     PC: 0007  IR: 05CD0000  CMD:    LW  A: 00000072  B: 00000000  ALU: 00000072
TICK:    238  UPC: 17  PHASE: L_EX2     PC: 0007  IR: 05CD0000  CMD:    LW  A: 00000072  B: 00000000  MDR: 0000000A
TICK:    239  UPC:  0  PHASE: L_EX3     PC: 0007  IR: 05CD0000  CMD:    LW  A: 00000072  B: 00000000
TICK:    240  UPC:  5  PHASE: FETCH     PC: 0008  IR: 09C007F4  CMD:    SW
TICK:    241  UPC: 18  PHASE: S_EX1     PC: 0008  IR: 09C007F4  CMD:    SW  A: 00000000  B: -000000C
TICK:    242  UPC:  0  PHASE: S_EX2     PC: 0008  IR: 09C007F4  CMD:    SW  A: 00000000  B: -000000C
TICK:    243  UPC:  2  PHASE: FETCH     PC: 0009  IR: 52940001  CMD:  ADDI
TICK:    244  UPC:  0  PHASE: I_EX      PC: 0009  IR: 52940001  CMD:  ADDI  A: 0000000D  B: 00000001  ALU: 0000000E
TICK:    245  UPC:  7  PHASE: FETCH     PC: 000A  IR: A0000003  CMD:     J
TICK:    246  UPC:  0  PHASE: J_EX      PC: 0003  IR: A0000003  CMD:     J
TICK:    247  UPC:  6  PHASE: FETCH     PC: 0004  IR: 94149806  CMD:   BGE
TICK:    248  UPC:  0  PHASE: B_EX      PC: 000A  IR: 94149806  CMD:   BGE  A: 0000000E  B: 0000000E
TICK:    249  UPC: 12  PHASE: FETCH     PC: 000B  IR: FC000000  CMD:  HALT
TICK:    250  UPC: 12  PHASE: HALT_EX   PC: 000B  IR: FC000000  CMD:  HALT

Total ticks: 250
