TICK:      1 PHASE: EXECUTE PC: 0001 IR: 524000C8 CMD:  ADDI A: 00000000 B: 00000000 ALU: 00000000
TICK:      2 PHASE:   FETCH PC: 0001 IR: 524000C8 CMD:  ADDI
TICK:      3 PHASE: EXECUTE PC: 0002 IR: 526000CC CMD:  ADDI A: 00000000 B: 00000000 ALU: 000000C8
TICK:      4 PHASE:   FETCH PC: 0002 IR: 526000CC CMD:  ADDI
TICK:      5 PHASE: EXECUTE PC: 0003 IR: 528000D0 CMD:  ADDI A: 00000000 B: 00000000 ALU: 000000CC
TICK:      6 PHASE:   FETCH PC: 0003 IR: 528000D0 CMD:  ADDI
TICK:      7 PHASE: EXECUTE PC: 0004 IR: D0120000 CMD:   VLD A: 00000000 B: 00000000
TICK:      8 PHASE:   FETCH PC: 0004 IR: D0120000 CMD:   VLD
TICK:      9 PHASE: EXECUTE PC: 0005 IR: D0330000 CMD:   VLD A: 00000000 B: 00000000
TICK:     10 PHASE:   FETCH PC: 0005 IR: D0330000 CMD:   VLD
TICK:     11 PHASE: EXECUTE PC: 0006 IR: C0400800 CMD:  VADD A: 00000000 B: 00000000
TICK:     12 PHASE:   FETCH PC: 0006 IR: C0400800 CMD:  VADD
TICK:     13 PHASE: EXECUTE PC: 0007 IR: D4540000 CMD:   VST A: 00000000 B: 00000000
TICK:     14 PHASE:   FETCH PC: 0007 IR: D4540000 CMD:   VST
TICK:     15 PHASE: EXECUTE PC: 0008 IR: 52A00000 CMD:  ADDI A: 00000000 B: 00000000 ALU: 00000000
TICK:     16 PHASE:   FETCH PC: 0008 IR: 52A00000 CMD:  ADDI
TICK:     17 PHASE: EXECUTE PC: 0009 IR: 51800004 CMD:  ADDI A: 00000000 B: 00000000 ALU: 00000000
TICK:     18 PHASE:   FETCH PC: 0009 IR: 51800004 CMD:  ADDI
TICK:     19 PHASE: EXECUTE PC: 000A IR: 9415600D CMD:   BGE A: 00000000 B: 00000000
TICK:     20 PHASE:   FETCH PC: 000A IR: 9415600D CMD:   BGE
TICK:     21 PHASE: EXECUTE PC: 000B IR: 19B4A800 CMD:   ADD A: 00000000 B: 00000004 ALU: 00000004
TICK:     22 PHASE:   FETCH PC: 000B IR: 19B4A800 CMD:   ADD
TICK:     23 PHASE: EXECUTE PC: 000C IR: 05CD0000 CMD:    LW A: 000000D0 B: 00000000
TICK:     24 PHASE:   FETCH PC: 000C IR: 05CD0000 CMD:    LW
TICK:     25 PHASE: EXECUTE PC: 000D IR: 51E0000A CMD:  ADDI A: 000000D0 B: 00000000 ALU: 000000D0
TICK:     26 PHASE:   FETCH PC: 000D IR: 51E0000A CMD:  ADDI
TICK:     27 PHASE: EXECUTE PC: 000E IR: 260E7800 CMD:   DIV A: 00000000 B: 00000000 ALU: 0000000A
TICK:     28 PHASE:   FETCH PC: 000E IR: 260E7800 CMD:   DIV
TICK:     29 PHASE: EXECUTE PC: 000F IR: 2A2E7800 CMD:   REM A: 00000000 B: 0000000A ALU: 00000000
TICK:     30 PHASE:   FETCH PC: 000F IR: 2A2E7800 CMD:   REM
TICK:     31 PHASE: EXECUTE PC: 0010 IR: 52100030 CMD:  ADDI A: 00000000 B: 0000000A ALU: 00000000
TICK:     32 PHASE:   FETCH PC: 0010 IR: 52100030 CMD:  ADDI
TICK:     33 PHASE: EXECUTE PC: 0011 IR: 0A0007F4 CMD:    SW A: 00000000 B: 0000000A
TICK:     34 PHASE:   FETCH PC: 0011 IR: 0A0007F4 CMD:    SW
TICK:     35 PHASE: EXECUTE PC: 0012 IR: 52310030 CMD:  ADDI A: 00000000 B: 0000000A ALU: FFFFFFF4
TICK:     36 PHASE:   FETCH PC: 0012 IR: 52310030 CMD:  ADDI
TICK:     37 PHASE: EXECUTE PC: 0013 IR: 0A2007F4 CMD:    SW A: 00000000 B: 0000000A
TICK:     38 PHASE:   FETCH PC: 0013 IR: 0A2007F4 CMD:    SW
TICK:     39 PHASE: EXECUTE PC: 0014 IR: 51800020 CMD:  ADDI A: 00000000 B: 0000000A ALU: FFFFFFF4
TICK:     40 PHASE:   FETCH PC: 0014 IR: 51800020 CMD:  ADDI
TICK:     41 PHASE: EXECUTE PC: 0015 IR: 098007F4 CMD:    SW A: 00000000 B: 0000000A
TICK:     42 PHASE:   FETCH PC: 0015 IR: 098007F4 CMD:    SW
TICK:     43 PHASE: EXECUTE PC: 0016 IR: 52B50001 CMD:  ADDI A: 00000000 B: 0000000A ALU: FFFFFFF4
TICK:     44 PHASE:   FETCH PC: 0016 IR: 52B50001 CMD:  ADDI
TICK:     45 PHASE: EXECUTE PC: 0017 IR: A0000008 CMD:     J
TICK:     46 PHASE:   FETCH PC: 0008 IR: A0000008 CMD:     J
TICK:     47 PHASE: EXECUTE PC: 0009 IR: 51800004 CMD:  ADDI A: 00000000 B: 0000000A ALU: 00000001
TICK:     48 PHASE:   FETCH PC: 0009 IR: 51800004 CMD:  ADDI
TICK:     49 PHASE: EXECUTE PC: 000A IR: 9415600D CMD:   BGE A: 00000000 B: 0000000A
TICK:     50 PHASE:   FETCH PC: 000A IR: 9415600D CMD:   BGE
TICK:     51 PHASE: EXECUTE PC: 000B IR: 19B4A800 CMD:   ADD A: 00000001 B: 00000004 ALU: 00000004
TICK:     52 PHASE:   FETCH PC: 000B IR: 19B4A800 CMD:   ADD
TICK:     53 PHASE: EXECUTE PC: 000C IR: 05CD0000 CMD:    LW A: 000000D0 B: 00000001
TICK:     54 PHASE:   FETCH PC: 000C IR: 05CD0000 CMD:    LW
TICK:     55 PHASE: EXECUTE PC: 000D IR: 51E0000A CMD:  ADDI A: 000000D1 B: 00000001 ALU: 000000D1
TICK:     56 PHASE:   FETCH PC: 000D IR: 51E0000A CMD:  ADDI
TICK:     57 PHASE: EXECUTE PC: 000E IR: 260E7800 CMD:   DIV A: 00000000 B: 00000001 ALU: 0000000A
TICK:     58 PHASE:   FETCH PC: 000E IR: 260E7800 CMD:   DIV
TICK:     59 PHASE: EXECUTE PC: 000F IR: 2A2E7800 CMD:   REM A: 00000000 B: 0000000A ALU: 00000000
TICK:     60 PHASE:   FETCH PC: 000F IR: 2A2E7800 CMD:   REM
TICK:     61 PHASE: EXECUTE PC: 0010 IR: 52100030 CMD:  ADDI A: 00000000 B: 0000000A ALU: 00000000
TICK:     62 PHASE:   FETCH PC: 0010 IR: 52100030 CMD:  ADDI
TICK:     63 PHASE: EXECUTE PC: 0011 IR: 0A0007F4 CMD:    SW A: 00000000 B: 0000000A
TICK:     64 PHASE:   FETCH PC: 0011 IR: 0A0007F4 CMD:    SW
TICK:     65 PHASE: EXECUTE PC: 0012 IR: 52310030 CMD:  ADDI A: 00000000 B: 0000000A ALU: FFFFFFF4
TICK:     66 PHASE:   FETCH PC: 0012 IR: 52310030 CMD:  ADDI
TICK:     67 PHASE: EXECUTE PC: 0013 IR: 0A2007F4 CMD:    SW A: 00000000 B: 0000000A
TICK:     68 PHASE:   FETCH PC: 0013 IR: 0A2007F4 CMD:    SW
TICK:     69 PHASE: EXECUTE PC: 0014 IR: 51800020 CMD:  ADDI A: 00000000 B: 0000000A ALU: FFFFFFF4
TICK:     70 PHASE:   FETCH PC: 0014 IR: 51800020 CMD:  ADDI
TICK:     71 PHASE: EXECUTE PC: 0015 IR: 098007F4 CMD:    SW A: 00000000 B: 0000000A
TICK:     72 PHASE:   FETCH PC: 0015 IR: 098007F4 CMD:    SW
TICK:     73 PHASE: EXECUTE PC: 0016 IR: 52B50001 CMD:  ADDI A: 00000000 B: 0000000A ALU: FFFFFFF4
TICK:     74 PHASE:   FETCH PC: 0016 IR: 52B50001 CMD:  ADDI
TICK:     75 PHASE: EXECUTE PC: 0017 IR: A0000008 CMD:     J
TICK:     76 PHASE:   FETCH PC: 0008 IR: A0000008 CMD:     J
TICK:     77 PHASE: EXECUTE PC: 0009 IR: 51800004 CMD:  ADDI A: 00000001 B: 0000000A ALU: 00000002
TICK:     78 PHASE:   FETCH PC: 0009 IR: 51800004 CMD:  ADDI
TICK:     79 PHASE: EXECUTE PC: 000A IR: 9415600D CMD:   BGE A: 00000000 B: 0000000A
TICK:     80 PHASE:   FETCH PC: 000A IR: 9415600D CMD:   BGE
TICK:     81 PHASE: EXECUTE PC: 000B IR: 19B4A800 CMD:   ADD A: 00000002 B: 00000004 ALU: 00000004
TICK:     82 PHASE:   FETCH PC: 000B IR: 19B4A800 CMD:   ADD
TICK:     83 PHASE: EXECUTE PC: 000C IR: 05CD0000 CMD:    LW A: 000000D0 B: 00000002
TICK:     84 PHASE:   FETCH PC: 000C IR: 05CD0000 CMD:    LW
TICK:     85 PHASE: EXECUTE PC: 000D IR: 51E0000A CMD:  ADDI A: 000000D2 B: 00000002 ALU: 000000D2
TICK:     86 PHASE:   FETCH PC: 000D IR: 51E0000A CMD:  ADDI
TICK:     87 PHASE: EXECUTE PC: 000E IR: 260E7800 CMD:   DIV A: 00000000 B: 00000002 ALU: 0000000A
TICK:     88 PHASE:   FETCH PC: 000E IR: 260E7800 CMD:   DIV
TICK:     89 PHASE: EXECUTE PC: 000F IR: 2A2E7800 CMD:   REM A: 00000000 B: 0000000A ALU: 00000000
TICK:     90 PHASE:   FETCH PC: 000F IR: 2A2E7800 CMD:   REM
TICK:     91 PHASE: EXECUTE PC: 0010 IR: 52100030 CMD:  ADDI A: 00000000 B: 0000000A ALU: 00000000
TICK:     92 PHASE:   FETCH PC: 0010 IR: 52100030 CMD:  ADDI
TICK:     93 PHASE: EXECUTE PC: 0011 IR: 0A0007F4 CMD:    SW A: 00000000 B: 0000000A
TICK:     94 PHASE:   FETCH PC: 0011 IR: 0A0007F4 CMD:    SW
TICK:     95 PHASE: EXECUTE PC: 0012 IR: 52310030 CMD:  ADDI A: 00000000 B: 0000000A ALU: FFFFFFF4
TICK:     96 PHASE:   FETCH PC: 0012 IR: 52310030 CMD:  ADDI
TICK:     97 PHASE: EXECUTE PC: 0013 IR: 0A2007F4 CMD:    SW A: 00000000 B: 0000000A
TICK:     98 PHASE:   FETCH PC: 0013 IR: 0A2007F4 CMD:    SW
TICK:     99 PHASE: EXECUTE PC: 0014 IR: 51800020 CMD:  ADDI A: 00000000 B: 0000000A ALU: FFFFFFF4
TICK:    100 PHASE:   FETCH PC: 0014 IR: 51800020 CMD:  ADDI
TICK:    101 PHASE: EXECUTE PC: 0015 IR: 098007F4 CMD:    SW A: 00000000 B: 0000000A
TICK:    102 PHASE:   FETCH PC: 0015 IR: 098007F4 CMD:    SW
TICK:    103 PHASE: EXECUTE PC: 0016 IR: 52B50001 CMD:  ADDI A: 00000000 B: 0000000A ALU: FFFFFFF4
TICK:    104 PHASE:   FETCH PC: 0016 IR: 52B50001 CMD:  ADDI
TICK:    105 PHASE: EXECUTE PC: 0017 IR: A0000008 CMD:     J
TICK:    106 PHASE:   FETCH PC: 0008 IR: A0000008 CMD:     J
TICK:    107 PHASE: EXECUTE PC: 0009 IR: 51800004 CMD:  ADDI A: 00000002 B: 0000000A ALU: 00000003
TICK:    108 PHASE:   FETCH PC: 0009 IR: 51800004 CMD:  ADDI
TICK:    109 PHASE: EXECUTE PC: 000A IR: 9415600D CMD:   BGE A: 00000000 B: 0000000A
TICK:    110 PHASE:   FETCH PC: 000A IR: 9415600D CMD:   BGE
TICK:    111 PHASE: EXECUTE PC: 000B IR: 19B4A800 CMD:   ADD A: 00000003 B: 00000004 ALU: 00000004
TICK:    112 PHASE:   FETCH PC: 000B IR: 19B4A800 CMD:   ADD
TICK:    113 PHASE: EXECUTE PC: 000C IR: 05CD0000 CMD:    LW A: 000000D0 B: 00000003
TICK:    114 PHASE:   FETCH PC: 000C IR: 05CD0000 CMD:    LW
TICK:    115 PHASE: EXECUTE PC: 000D IR: 51E0000A CMD:  ADDI A: 000000D3 B: 00000003 ALU: 000000D3
TICK:    116 PHASE:   FETCH PC: 000D IR: 51E0000A CMD:  ADDI
TICK:    117 PHASE: EXECUTE PC: 000E IR: 260E7800 CMD:   DIV A: 00000000 B: 00000003 ALU: 0000000A
TICK:    118 PHASE:   FETCH PC: 000E IR: 260E7800 CMD:   DIV
TICK:    119 PHASE: EXECUTE PC: 000F IR: 2A2E7800 CMD:   REM A: 00000000 B: 0000000A ALU: 00000000
TICK:    120 PHASE:   FETCH PC: 000F IR: 2A2E7800 CMD:   REM
TICK:    121 PHASE: EXECUTE PC: 0010 IR: 52100030 CMD:  ADDI A: 00000000 B: 0000000A ALU: 00000000
TICK:    122 PHASE:   FETCH PC: 0010 IR: 52100030 CMD:  ADDI
TICK:    123 PHASE: EXECUTE PC: 0011 IR: 0A0007F4 CMD:    SW A: 00000000 B: 0000000A
TICK:    124 PHASE:   FETCH PC: 0011 IR: 0A0007F4 CMD:    SW
TICK:    125 PHASE: EXECUTE PC: 0012 IR: 52310030 CMD:  ADDI A: 00000000 B: 0000000A ALU: FFFFFFF4
TICK:    126 PHASE:   FETCH PC: 0012 IR: 52310030 CMD:  ADDI
TICK:    127 PHASE: EXECUTE PC: 0013 IR: 0A2007F4 CMD:    SW A: 00000000 B: 0000000A
TICK:    128 PHASE:   FETCH PC: 0013 IR: 0A2007F4 CMD:    SW
TICK:    129 PHASE: EXECUTE PC: 0014 IR: 51800020 CMD:  ADDI A: 00000000 B: 0000000A ALU: FFFFFFF4
TICK:    130 PHASE:   FETCH PC: 0014 IR: 51800020 CMD:  ADDI
TICK:    131 PHASE: EXECUTE PC: 0015 IR: 098007F4 CMD:    SW A: 00000000 B: 0000000A
TICK:    132 PHASE:   FETCH PC: 0015 IR: 098007F4 CMD:    SW
TICK:    133 PHASE: EXECUTE PC: 0016 IR: 52B50001 CMD:  ADDI A: 00000000 B: 0000000A ALU: FFFFFFF4
TICK:    134 PHASE:   FETCH PC: 0016 IR: 52B50001 CMD:  ADDI
TICK:    135 PHASE: EXECUTE PC: 0017 IR: A0000008 CMD:     J
TICK:    136 PHASE:   FETCH PC: 0008 IR: A0000008 CMD:     J
TICK:    137 PHASE: EXECUTE PC: 0009 IR: 51800004 CMD:  ADDI A: 00000003 B: 0000000A ALU: 00000004
TICK:    138 PHASE:   FETCH PC: 0009 IR: 51800004 CMD:  ADDI
TICK:    139 PHASE: EXECUTE PC: 000A IR: 9415600D CMD:   BGE A: 00000000 B: 0000000A
TICK:    140 PHASE:   FETCH PC: 0017 IR: 9415600D CMD:   BGE
TICK:    141 PHASE: EXECUTE PC: 0018 IR: 5180000A CMD:  ADDI A: 00000004 B: 00000004 ALU: 00000004
TICK:    142 PHASE:   FETCH PC: 0018 IR: 5180000A CMD:  ADDI
TICK:    143 PHASE: EXECUTE PC: 0019 IR: 098007F4 CMD:    SW A: 00000000 B: 00000004
TICK:    144 PHASE:   FETCH PC: 0019 IR: 098007F4 CMD:    SW
TICK:    145 PHASE: EXECUTE PC: 001A IR: FC000000 CMD:  HALT
TICK:    146 PHASE:    HALT PC: 001A IR: FC000000 CMD:  HALT

Total ticks: 146
