TICK:      1  UPC:  2  PHASE: FETCH     PC: 0001  IR: 524000C8  CMD:  ADDI
TICK:      2  UPC:  0  PHASE: I_EX      PC: 0001  IR: 524000C8  CMD:  ADDI  A: 00000000  B: 000000C8  ALU: 000000C8
TICK:      3  UPC:  2  PHASE: FETCH     PC: 0002  IR: 526000CC  CMD:  ADDI
TICK:      4  UPC:  0  PHASE: I_EX      PC: 0002  IR: 526000CC  CMD:  ADDI  A: 00000000  B: 000000CC  ALU: 000000CC
TICK:      5  UPC:  2  PHASE: FETCH     PC: 0003  IR: 528000D0  CMD:  ADDI
TICK:      6  UPC:  0  PHASE: I_EX      PC: 0003  IR: 528000D0  CMD:  ADDI  A: 00000000  B: 000000D0  ALU: 000000D0
TICK:      7  UPC: 14  PHASE: FETCH     PC: 0004  IR: D0120000  CMD:   VLD
TICK:      8  UPC: 15  PHASE: VLD_EX1   PC: 0004  IR: D0120000  CMD:   VLD  A: 00000000  B: 00000000  ALU: 00000000
TICK:      9  UPC: 19  PHASE: VLD_EX2   PC: 0004  IR: D0120000  CMD:   VLD  A: 00000000  B: 00000000  MDR: 00000000
TICK:     10  UPC:  0  PHASE: VLD_EX3   PC: 0004  IR: D0120000  CMD:   VLD  A: 00000000  B: 00000000
TICK:     11  UPC: 14  PHASE: FETCH     PC: 0005  IR: D0330000  CMD:   VLD
TICK:     12  UPC: 15  PHASE: VLD_EX1   PC: 0005  IR: D0330000  CMD:   VLD  A: 00000000  B: 00000000  ALU: 00000000
TICK:     13  UPC: 19  PHASE: VLD_EX2   PC: 0005  IR: D0330000  CMD:   VLD  A: 00000000  B: 00000000  MDR: 00000000
TICK:     14  UPC:  0  PHASE: VLD_EX3   PC: 0005  IR: D0330000  CMD:   VLD  A: 00000000  B: 00000000
TICK:     15  UPC: 13  PHASE: FETCH     PC: 0006  IR: C0400800  CMD:  VADD
TICK:     16  UPC:  0  PHASE: V_EX      PC: 0006  IR: C0400800  CMD:  VADD  A: 00000000  B: 00000000  ALU: 00000000
TICK:     17  UPC: 16  PHASE: FETCH     PC: 0007  IR: D4540000  CMD:   VST
TICK:     18  UPC: 20  PHASE: VST_EX1   PC: 0007  IR: D4540000  CMD:   VST  A: 00000000  B: 00000000
TICK:     19  UPC:  0  PHASE: VST_EX2   PC: 0007  IR: D4540000  CMD:   VST  A: 00000000  B: 00000000
TICK:     20  UPC:  2  PHASE: FETCH     PC: 0008  IR: 52A00000  CMD:  ADDI
TICK:     21  UPC:  0  PHASE: I_EX      PC: 0008  IR: 52A00000  CMD:  ADDI  A: 00000000  B: 00000000  ALU: 00000000
TICK:     22  UPC:  2  PHASE: FETCH     PC: 0009  IR: 51800004  CMD:  ADDI
TICK:     23  UPC:  0  PHASE: I_EX      PC: 0009  IR: 51800004  CMD:  ADDI  A: 00000000  B: 00000004  ALU: 00000004
TICK:     24  UPC:  6  PHASE: FETCH     PC: 000A  IR: 9415600D  CMD:   BGE
TICK:     25  UPC:  0  PHASE: B_EX      PC: 000A  IR: 9415600D  CMD:   BGE  A: 00000000  B: 00000004
TICK:     26  UPC:  1  PHASE: FETCH     PC: 000B  IR: 19B4A800  CMD:   ADD
TICK:     27  UPC:  0  PHASE: R_EX      PC: 000B  IR: 19B4A800  CMD:   ADD  A: 000000D0  B: 00000000  ALU: 000000D0
TICK:     28  UPC:  3  PHASE: FETCH     PC: 000C  IR: 05CD0000  CMD:    LW
TICK:     29  UPC:  4  PHASE: L_EX1     PC: 000C  IR: 05CD0000  CMD:    LW  A: 000000D0  B: 00000000  ALU: 000000D0
TICK:     30  UPC: 17  PHASE: L_EX2     PC: 000C  IR: 05CD0000  CMD:    LW  A: 000000D0  B: 00000000  MDR: 00000000
TICK:     31  UPC:  0  PHASE: L_EX3     PC: 000C  IR: 05CD0000  CMD:    LW  A: 000000D0  B: 00000000
TICK:     32  UPC:  2  PHASE: FETCH     PC: 000D  IR: 51E0000A  CMD:  ADDI
TICK:     33  UPC:  0  PHASE: I_EX      PC: 000D  IR: 51E0000A  CMD:  ADDI  A: 00000000  B: 0000000A  ALU: 0000000A
TICK:     34  UPC:  1  PHASE: FETCH     PC: 000E  IR: 260E7800  CMD:   DIV
TICK:     35  UPC:  0  PHASE: R_EX      PC: 000E  IR: 260E7800  CMD:   DIV  A: 00000000  B: 0000000A  ALU: 00000000
TICK:     36  UPC:  1  PHASE: FETCH     PC: 000F  IR: 2A2E7800  CMD:   REM
TICK:     37  UPC:  0  PHASE: R_EX      PC: 000F  IR: 2A2E7800  CMD:   REM  A: 00000000  B: 0000000A  ALU: 00000000
TICK:     38  UPC:  2  PHASE: FETCH     PC: 0010  IR: 52100030  CMD:  ADDI
TICK:     39  UPC:  0  PHASE: I_EX      PC: 0010  IR: 52100030  CMD:  ADDI  A: 00000000  B: 00000030  ALU: 00000030
TICK:     40  UPC:  5  PHASE: FETCH     PC: 0011  IR: 0A0007F4  CMD:    SW
TICK:     41  UPC: 18  PHASE: S_EX1     PC: 0011  IR: 0A0007F4  CMD:    SW  A: 00000000  B: -000000C
TICK:     42  UPC:  0  PHASE: S_EX2     PC: 0011  IR: 0A0007F4  CMD:    SW  A: 00000000  B: -000000C
TICK:     43  UPC:  2  PHASE: FETCH     PC: 0012  IR: 52310030  CMD:  ADDI
TICK:     44  UPC:  0  PHASE: I_EX      PC: 0012  IR: 52310030  CMD:  ADDI  A: 00000000  B: 00000030  ALU: 00000030
TICK:     45  UPC:  5  PHASE: FETCH     PC: 0013  IR: 0A2007F4  CMD:    SW
TICK:     46  UPC: 18  PHASE: S_EX1     PC: 0013  IR: 0A2007F4  CMD:    SW  A: 00000000  B: -000000C
TICK:     47  UPC:  0  PHASE: S_EX2     PC: 0013  IR: 0A2007F4  CMD:    SW  A: 00000000  B: -000000C
TICK:     48  UPC:  2  PHASE: FETCH     PC: 0014  IR: 51800020  CMD:  ADDI
TICK:     49  UPC:  0  PHASE: I_EX      PC: 0014  IR: 51800020  CMD:  ADDI  A: 00000000  B: 00000020  ALU: 00000020
TICK:     50  UPC:  5  PHASE: FETCH     PC: 0015  IR: 098007F4  CMD:    SW
TICK:     51  UPC: 18  PHASE: S_EX1     PC: 0015  IR: 098007F4  CMD:    SW  A: 00000000  B: -000000C
TICK:     52  UPC:  0  PHASE: S_EX2     PC: 0015  IR: 098007F4  CMD:    SW  A: 00000000  B: -000000C
TICK:     53  UPC:  2  PHASE: FETCH     PC: 0016  IR: 52B50001  CMD:  ADDI
TICK:     54  UPC:  0  PHASE: I_EX      PC: 0016  IR: 52B50001  CMD:  ADDI  A: 00000000  B: 00000001  ALU: 00000001
TICK:     55  UPC:  7  PHASE: FETCH     PC: 0017  IR: A0000008  CMD:     J
TICK:     56  UPC:  0  PHASE: J_EX      PC: 0008  IR: A0000008  CMD:     J
TICK:     57  UPC:  2  PHASE: FETCH     PC: 0009  IR: 51800004  CMD:  ADDI
TICK:     58  UPC:  0  PHASE: I_EX      PC: 0009  IR: 51800004  CMD:  ADDI  A: 00000000  B: 00000004  ALU: 00000004
TICK:     59  UPC:  6  PHASE: FETCH     PC: 000A  IR: 9415600D  CMD:   BGE
TICK:     60  UPC:  0  PHASE: B_EX      PC: 000A  IR: 9415600D  CMD:   BGE  A: 00000001  B: 00000004
TICK:     61  UPC:  1  PHASE: FETCH     PC: 000B  IR: 19B4A800  CMD:   ADD
TICK:     62  UPC:  0  PHASE: R_EX      PC: 000B  IR: 19B4A800  CMD:   ADD  A: 000000D0  B: 00000001  ALU: 000000D1
TICK:     63  UPC:  3  PHASE: FETCH     PC: 000C  IR: 05CD0000  CMD:    LW
TICK:     64  UPC:  4  PHASE: L_EX1     PC: 000C  IR: 05CD0000  CMD:    LW  A: 000000D1  B: 00000000  ALU: 000000D1
TICK:     65  UPC: 17  PHASE: L_EX2     PC: 000C  IR: 05CD0000  CMD:    LW  A: 000000D1  B: 00000000  MDR: 00000000
TICK:     66  UPC:  0  PHASE: L_EX3     PC: 000C  IR: 05CD0000  CMD:    LW  A: 000000D1  B: 00000000
TICK:     67  UPC:  2  PHASE: FETCH     PC: 000D  IR: 51E0000A  CMD:  ADDI
TICK:     68  UPC:  0  PHASE: I_EX      PC: 000D  IR: 51E0000A  CMD:  ADDI  A: 00000000  B: 0000000A  ALU: 0000000A
TICK:     69  UPC:  1  PHASE: FETCH     PC: 000E  IR: 260E7800  CMD:   DIV
TICK:     70  UPC:  0  PHASE: R_EX      PC: 000E  IR: 260E7800  CMD:   DIV  A: 00000000  B: 0000000A  ALU: 00000000
TICK:     71  UPC:  1  PHASE: FETCH     PC: 000F  IR: 2A2E7800  CMD:   REM
TICK:     72  UPC:  0  PHASE: R_EX      PC: 000F  IR: 2A2E7800  CMD:   REM  A: 00000000  B: 0000000A  ALU: 00000000
TICK:     73  UPC:  2  PHASE: FETCH     PC: 0010  IR: 52100030  CMD:  ADDI
TICK:     74  UPC:  0  PHASE: I_EX      PC: 0010  IR: 52100030  CMD:  ADDI  A: 00000000  B: 00000030  ALU: 00000030
TICK:     75  UPC:  5  PHASE: FETCH     PC: 0011  IR: 0A0007F4  CMD:    SW
TICK:     76  UPC: 18  PHASE: S_EX1     PC: 0011  IR: 0A0007F4  CMD:    SW  A: 00000000  B: -000000C
TICK:     77  UPC:  0  PHASE: S_EX2     PC: 0011  IR: 0A0007F4  CMD:    SW  A: 00000000  B: -000000C
TICK:     78  UPC:  2  PHASE: FETCH     PC: 0012  IR: 52310030  CMD:  ADDI
TICK:     79  UPC:  0  PHASE: I_EX      PC: 0012  IR: 52310030  CMD:  ADDI  A: 00000000  B: 00000030  ALU: 00000030
TICK:     80  UPC:  5  PHASE: FETCH     PC: 0013  IR: 0A2007F4  CMD:    SW
TICK:     81  UPC: 18  PHASE: S_EX1     PC: 0013  IR: 0A2007F4  CMD:    SW  A: 00000000  B: -000000C
TICK:     82  UPC:  0  PHASE: S_EX2     PC: 0013  IR: 0A2007F4  CMD:    SW  A: 00000000  B: -000000C
TICK:     83  UPC:  2  PHASE: FETCH     PC: 0014  IR: 51800020  CMD:  ADDI
TICK:     84  UPC:  0  PHASE: I_EX      PC: 0014  IR: 51800020  CMD:  ADDI  A: 00000000  B: 00000020  ALU: 00000020
TICK:     85  UPC:  5  PHASE: FETCH     PC: 0015  IR: 098007F4  CMD:    SW
TICK:     86  UPC: 18  PHASE: S_EX1     PC: 0015  IR: 098007F4  CMD:    SW  A: 00000000  B: -000000C
TICK:     87  UPC:  0  PHASE: S_EX2     PC: 0015  IR: 098007F4  CMD:    SW  A: 00000000  B: -000000C
TICK:     88  UPC:  2  PHASE: FETCH     PC: 0016  IR: 52B50001  CMD:  ADDI
TICK:     89  UPC:  0  PHASE: I_EX      PC: 0016  IR: 52B50001  CMD:  ADDI  A: 00000001  B: 00000001  ALU: 00000002
TICK:     90  UPC:  7  PHASE: FETCH     PC: 0017  IR: A0000008  CMD:     J
TICK:     91  UPC:  0  PHASE: J_EX      PC: 0008  IR: A0000008  CMD:     J
TICK:     92  UPC:  2  PHASE: FETCH     PC: 0009  IR: 51800004  CMD:  ADDI
TICK:     93  UPC:  0  PHASE: I_EX      PC: 0009  IR: 51800004  CMD:  ADDI  A: 00000000  B: 00000004  ALU: 00000004
TICK:     94  UPC:  6  PHASE: FETCH     PC: 000A  IR: 9415600D  CMD:   BGE
TICK:     95  UPC:  0  PHASE: B_EX      PC: 000A  IR: 9415600D  CMD:   BGE  A: 00000002  B: 00000004
TICK:     96  UPC:  1  PHASE: FETCH     PC: 000B  IR: 19B4A800  CMD:   ADD
TICK:     97  UPC:  0  PHASE: R_EX      PC: 000B  IR: 19B4A800  CMD:   ADD  A: 000000D0  B: 00000002  ALU: 000000D2
TICK:     98  UPC:  3  PHASE: FETCH     PC: 000C  IR: 05CD0000  CMD:    LW
TICK:     99  UPC:  4  PHASE: L_EX1     PC: 000C  IR: 05CD0000  CMD:    LW  A: 000000D2  B: 00000000  ALU: 000000D2
TICK:    100  UPC: 17  PHASE: L_EX2     PC: 000C  IR: 05CD0000  CMD:    LW  A: 000000D2  B: 00000000  MDR: 00000000
TICK:    101  UPC:  0  PHASE: L_EX3     PC: 000C  IR: 05CD0000  CMD:    LW  A: 000000D2  B: 00000000
TICK:    102  UPC:  2  PHASE: FETCH     PC: 000D  IR: 51E0000A  CMD:  ADDI
TICK:    103  UPC:  0  PHASE: I_EX      PC: 000D  IR: 51E0000A  CMD:  ADDI  A: 00000000  B: 0000000A  ALU: 0000000A
TICK:    104  UPC:  1  PHASE: FETCH     PC: 000E  IR: 260E7800  CMD:   DIV
TICK:    105  UPC:  0  PHASE: R_EX      PC: 000E  IR: 260E7800  CMD:   DIV  A: 00000000  B: 0000000A  ALU: 00000000
TICK:    106  UPC:  1  PHASE: FETCH     PC: 000F  IR: 2A2E7800  CMD:   REM
TICK:    107  UPC:  0  PHASE: R_EX      PC: 000F  IR: 2A2E7800  CMD:   REM  A: 00000000  B: 0000000A  ALU: 00000000
TICK:    108  UPC:  2  PHASE: FETCH     PC: 0010  IR: 52100030  CMD:  ADDI
TICK:    109  UPC:  0  PHASE: I_EX      PC: 0010  IR: 52100030  CMD:  ADDI  A: 00000000  B: 00000030  ALU: 00000030
TICK:    110  UPC:  5  PHASE: FETCH     PC: 0011  IR: 0A0007F4  CMD:    SW
TICK:    111  UPC: 18  PHASE: S_EX1     PC: 0011  IR: 0A0007F4  CMD:    SW  A: 00000000  B: -000000C
TICK:    112  UPC:  0  PHASE: S_EX2     PC: 0011  IR: 0A0007F4  CMD:    SW  A: 00000000  B: -000000C
TICK:    113  UPC:  2  PHASE: FETCH     PC: 0012  IR: 52310030  CMD:  ADDI
TICK:    114  UPC:  0  PHASE: I_EX      PC: 0012  IR: 52310030  CMD:  ADDI  A: 00000000  B: 00000030  ALU: 00000030
TICK:    115  UPC:  5  PHASE: FETCH     PC: 0013  IR: 0A2007F4  CMD:    SW
TICK:    116  UPC: 18  PHASE: S_EX1     PC: 0013  IR: 0A2007F4  CMD:    SW  A: 00000000  B: -000000C
TICK:    117  UPC:  0  PHASE: S_EX2     PC: 0013  IR: 0A2007F4  CMD:    SW  A: 00000000  B: -000000C
TICK:    118  UPC:  2  PHASE: FETCH     PC: 0014  IR: 51800020  CMD:  ADDI
TICK:    119  UPC:  0  PHASE: I_EX      PC: 0014  IR: 51800020  CMD:  ADDI  A: 00000000  B: 00000020  ALU: 00000020
TICK:    120  UPC:  5  PHASE: FETCH     PC: 0015  IR: 098007F4  CMD:    SW
TICK:    121  UPC: 18  PHASE: S_EX1     PC: 0015  IR: 098007F4  CMD:    SW  A: 00000000  B: -000000C
TICK:    122  UPC:  0  PHASE: S_EX2     PC: 0015  IR: 098007F4  CMD:    SW  A: 00000000  B: -000000C
TICK:    123  UPC:  2  PHASE: FETCH     PC: 0016  IR: 52B50001  CMD:  ADDI
TICK:    124  UPC:  0  PHASE: I_EX      PC: 0016  IR: 52B50001  CMD:  ADDI  A: 00000002  B: 00000001  ALU: 00000003
TICK:    125  UPC:  7  PHASE: FETCH     PC: 0017  IR: A0000008  CMD:     J
TICK:    126  UPC:  0  PHASE: J_EX      PC: 0008  IR: A0000008  CMD:     J
TICK:    127  UPC:  2  PHASE: FETCH     PC: 0009  IR: 51800004  CMD:  ADDI
TICK:    128  UPC:  0  PHASE: I_EX      PC: 0009  IR: 51800004  CMD:  ADDI  A: 00000000  B: 00000004  ALU: 00000004
TICK:    129  UPC:  6  PHASE: FETCH     PC: 000A  IR: 9415600D  CMD:   BGE
TICK:    130  UPC:  0  PHASE: B_EX      PC: 000A  IR: 9415600D  CMD:   BGE  A: 00000003  B: 00000004
TICK:    131  UPC:  1  PHASE: FETCH     PC: 000B  IR: 19B4A800  CMD:   ADD
TICK:    132  UPC:  0  PHASE: R_EX      PC: 000B  IR: 19B4A800  CMD:   ADD  A: 000000D0  B: 00000003  ALU: 000000D3
TICK:    133  UPC:  3  PHASE: FETCH     PC: 000C  IR: 05CD0000  CMD:    LW
TICK:    134  UPC:  4  PHASE: L_EX1     PC: 000C  IR: 05CD0000  CMD:    LW  A: 000000D3  B: 00000000  ALU: 000000D3
TICK:    135  UPC: 17  PHASE: L_EX2     PC: 000C  IR: 05CD0000  CMD:    LW  A: 000000D3  B: 00000000  MDR: 00000000
TICK:    136  UPC:  0  PHASE: L_EX3     PC: 000C  IR: 05CD0000  CMD:    LW  A: 000000D3  B: 00000000
TICK:    137  UPC:  2  PHASE: FETCH     PC: 000D  IR: 51E0000A  CMD:  ADDI
TICK:    138  UPC:  0  PHASE: I_EX      PC: 000D  IR: 51E0000A  CMD:  ADDI  A: 00000000  B: 0000000A  ALU: 0000000A
TICK:    139  UPC:  1  PHASE: FETCH     PC: 000E  IR: 260E7800  CMD:   DIV
TICK:    140  UPC:  0  PHASE: R_EX      PC: 000E  IR: 260E7800  CMD:   DIV  A: 00000000  B: 0000000A  ALU: 00000000
TICK:    141  UPC:  1  PHASE: FETCH     PC: 000F  IR: 2A2E7800  CMD:   REM
TICK:    142  UPC:  0  PHASE: R_EX      PC: 000F  IR: 2A2E7800  CMD:   REM  A: 00000000  B: 0000000A  ALU: 00000000
TICK:    143  UPC:  2  PHASE: FETCH     PC: 0010  IR: 52100030  CMD:  ADDI
TICK:    144  UPC:  0  PHASE: I_EX      PC: 0010  IR: 52100030  CMD:  ADDI  A: 00000000  B: 00000030  ALU: 00000030
TICK:    145  UPC:  5  PHASE: FETCH     PC: 0011  IR: 0A0007F4  CMD:    SW
TICK:    146  UPC: 18  PHASE: S_EX1     PC: 0011  IR: 0A0007F4  CMD:    SW  A: 00000000  B: -000000C
TICK:    147  UPC:  0  PHASE: S_EX2     PC: 0011  IR: 0A0007F4  CMD:    SW  A: 00000000  B: -000000C
TICK:    148  UPC:  2  PHASE: FETCH     PC: 0012  IR: 52310030  CMD:  ADDI
TICK:    149  UPC:  0  PHASE: I_EX      PC: 0012  IR: 52310030  CMD:  ADDI  A: 00000000  B: 00000030  ALU: 00000030
TICK:    150  UPC:  5  PHASE: FETCH     PC: 0013  IR: 0A2007F4  CMD:    SW
TICK:    151  UPC: 18  PHASE: S_EX1     PC: 0013  IR: 0A2007F4  CMD:    SW  A: 00000000  B: -000000C
TICK:    152  UPC:  0  PHASE: S_EX2     PC: 0013  IR: 0A2007F4  CMD:    SW  A: 00000000  B: -000000C
TICK:    153  UPC:  2  PHASE: FETCH     PC: 0014  IR: 51800020  CMD:  ADDI
TICK:    154  UPC:  0  PHASE: I_EX      PC: 0014  IR: 51800020  CMD:  ADDI  A: 00000000  B: 00000020  ALU: 00000020
TICK:    155  UPC:  5  PHASE: FETCH     PC: 0015  IR: 098007F4  CMD:    SW
TICK:    156  UPC: 18  PHASE: S_EX1     PC: 0015  IR: 098007F4  CMD:    SW  A: 00000000  B: -000000C
TICK:    157  UPC:  0  PHASE: S_EX2     PC: 0015  IR: 098007F4  CMD:    SW  A: 00000000  B: -000000C
TICK:    158  UPC:  2  PHASE: FETCH     PC: 0016  IR: 52B50001  CMD:  ADDI
TICK:    159  UPC:  0  PHASE: I_EX      PC: 0016  IR: 52B50001  CMD:  ADDI  A: 00000003  B: 00000001  ALU: 00000004
TICK:    160  UPC:  7  PHASE: FETCH     PC: 0017  IR: A0000008  CMD:     J
TICK:    161  UPC:  0  PHASE: J_EX      PC: 0008  IR: A0000008  CMD:     J
TICK:    162  UPC:  2  PHASE: FETCH     PC: 0009  IR: 51800004  CMD:  ADDI
TICK:    163  UPC:  0  PHASE: I_EX      PC: 0009  IR: 51800004  CMD:  ADDI  A: 00000000  B: 00000004  ALU: 00000004
TICK:    164  UPC:  6  PHASE: FETCH     PC: 000A  IR: 9415600D  CMD:   BGE
TICK:    165  UPC:  0  PHASE: B_EX      PC: 0017  IR: 9415600D  CMD:   BGE  A: 00000004  B: 00000004
TICK:    166  UPC:  2  PHASE: FETCH     PC: 0018  IR: 5180000A  CMD:  ADDI
TICK:    167  UPC:  0  PHASE: I_EX      PC: 0018  IR: 5180000A  CMD:  ADDI  A: 00000000  B: 0000000A  ALU: 0000000A
TICK:    168  UPC:  5  PHASE: FETCH     PC: 0019  IR: 098007F4  CMD:    SW
TICK:    169  UPC: 18  PHASE: S_EX1     PC: 0019  IR: 098007F4  CMD:    SW  A: 00000000  B: -000000C
TICK:    170  UPC:  0  PHASE: S_EX2     PC: 0019  IR: 098007F4  CMD:    SW  A: 00000000  B: -000000C
TICK:    171  UPC: 12  PHASE: FETCH     PC: 001A  IR: FC000000  CMD:  HALT
TICK:    172  UPC: 12  PHASE: HALT_EX   PC: 001A  IR: FC000000  CMD:  HALT

Total ticks: 172
