TICK:      1  UPC: 10  PHASE: FETCH     PC: 0001  IR: 16400000  CMD:   LUI
TICK:      2  UPC:  0  PHASE: U_EX      PC: 0001  IR: 16400000  CMD:   LUI  A: 00000000  B: 00000000
TICK:      3  UPC:  2  PHASE: FETCH     PC: 0002  IR: 525200C8  CMD:  ADDI
TICK:      4  UPC:  0  PHASE: I_EX      PC: 0002  IR: 525200C8  CMD:  ADDI  A: 00000000  B: 000000C8  ALU: 000000C8
TICK:      5  UPC:  3  PHASE: FETCH     PC: 0003  IR: 06720000  CMD:    LW
TICK:      6  UPC:  4  PHASE: L_EX1     PC: 0003  IR: 06720000  CMD:    LW  A: 000000C8  B: 00000000  ALU: 000000C8
TICK:      7  UPC: 17  PHASE: L_EX2     PC: 0003  IR: 06720000  CMD:    LW  A: 000000C8  B: 00000000  MDR: 00000013
TICK:      8  UPC:  0  PHASE: L_EX3     PC: 0003  IR: 06720000  CMD:    LW  A: 000000C8  B: 00000000
TICK:      9  UPC:  2  PHASE: FETCH     PC: 0004  IR: 52800000  CMD:  ADDI
TICK:     10  UPC:  0  PHASE: I_EX      PC: 0004  IR: 52800000  CMD:  ADDI  A: 00000000  B: 00000000  ALU: 00000000
TICK:     11  UPC:  6  PHASE: FETCH     PC: 0005  IR: 94149806  CMD:   BGE
TICK:     12  UPC:  0  PHASE: B_EX      PC: 0005  IR: 94149806  CMD:   BGE  A: 00000000  B: 00000013
TICK:     13  UPC:  2  PHASE: FETCH     PC: 0006  IR: 51920001  CMD:  ADDI
TICK:     14  UPC:  0  PHASE: I_EX      PC: 0006  IR: 51920001  CMD:  ADDI  A: 000000C8  B: 00000001  ALU: 000000C9
TICK:     15  UPC:  1  PHASE: FETCH     PC: 0007  IR: 19ACA000  CMD:   ADD
TICK:     16  UPC:  0  PHASE: R_EX      PC: 0007  IR: 19ACA000  CMD:   ADD  A: 000000C9  B: 00000000  ALU: 000000C9
TICK:     17  UPC:  3  PHASE: FETCH     PC: 0008  IR: 05CD0000  CMD:    LW
TICK:     18  UPC:  4  PHASE: L_EX1     PC: 0008  IR: 05CD0000  CMD:    LW  A: 000000C9  B: 00000000  ALU: 000000C9
TICK:     19  UPC: 17  PHASE: L_EX2     PC: 0008  IR: 05CD0000  CMD:    LW  A: 000000C9  B: 00000000  MDR: 00000057
TICK:     20  UPC:  0  PHASE: L_EX3     PC: 0008  IR: 05CD0000  CMD:    LW  A: 000000C9  B: 00000000
TICK:     21  UPC:  5  PHASE: FETCH     PC: 0009  IR: 09C007F4  CMD:    SW
TICK:     22  UPC: 18  PHASE: S_EX1     PC: 0009  IR: 09C007F4  CMD:    SW  A: 00000000  B: -000000C
TICK:     23  UPC:  0  PHASE: S_EX2     PC: 0009  IR: 09C007F4  CMD:    SW  A: 00000000  B: -000000C
TICK:     24  UPC:  2  PHASE: FETCH     PC: 000A  IR: 52940001  CMD:  ADDI
TICK:     25  UPC:  0  PHASE: I_EX      PC: 000A  IR: 52940001  CMD:  ADDI  A: 00000000  B: 00000001  ALU: 00000001
TICK:     26  UPC:  7  PHASE: FETCH     PC: 000B  IR: A0000004  CMD:     J
TICK:     27  UPC:  0  PHASE: J_EX      PC: 0004  IR: A0000004  CMD:     J
TICK:     28  UPC:  6  PHASE: FETCH     PC: 0005  IR: 94149806  CMD:   BGE
TICK:     29  UPC:  0  PHASE: B_EX      PC: 0005  IR: 94149806  CMD:   BGE  A: 00000001  B: 00000013
TICK:     30  UPC:  2  PHASE: FETCH     PC: 0006  IR: 51920001  CMD:  ADDI
TICK:     31  UPC:  0  PHASE: I_EX      PC: 0006  IR: 51920001  CMD:  ADDI  A: 000000C8  B: 00000001  ALU: 000000C9
TICK:     32  UPC:  1  PHASE: FETCH     PC: 0007  IR: 19ACA000  CMD:   ADD
TICK:     33  UPC:  0  PHASE: R_EX      PC: 0007  IR: 19ACA000  CMD:   ADD  A: 000000C9  B: 00000001  ALU: 000000CA
TICK:     34  UPC:  3  PHASE: FETCH     PC: 0008  IR: 05CD0000  CMD:    LW
TICK:     35  UPC:  4  PHASE: L_EX1     PC: 0008  IR: 05CD0000  CMD:    LW  A: 000000CA  B: 00000000  ALU: 000000CA
TICK:     36  UPC: 17  PHASE: L_EX2     PC: 0008  IR: 05CD0000  CMD:    LW  A: 000000CA  B: 00000000  MDR: 00000068
TICK:     37  UPC:  0  PHASE: L_EX3     PC: 0008  IR: 05CD0000  CMD:    LW  A: 000000CA  B: 00000000
TICK:     38  UPC:  5  PHASE: FETCH     PC: 0009  IR: 09C007F4  CMD:    SW
TICK:     39  UPC: 18  PHASE: S_EX1     PC: 0009  IR: 09C007F4  CMD:    SW  A: 00000000  B: -000000C
TICK:     40  UPC:  0  PHASE: S_EX2     PC: 0009  IR: 09C007F4  CMD:    SW  A: 00000000  B: -000000C
TICK:     41  UPC:  2  PHASE: FETCH     PC: 000A  IR: 52940001  CMD:  ADDI
TICK:     42  UPC:  0  PHASE: I_EX      PC: 000A  IR: 52940001  CMD:  ADDI  A: 00000001  B: 00000001  ALU: 00000002
TICK:     43  UPC:  7  PHASE: FETCH     PC: 000B  IR: A0000004  CMD:     J
TICK:     44  UPC:  0  PHASE: J_EX      PC: 0004  IR: A0000004  CMD:     J
TICK:     45  UPC:  6  PHASE: FETCH     PC: 0005  IR: 94149806  CMD:   BGE
TICK:     46  UPC:  0  PHASE: B_EX      PC: 0005  IR: 94149806  CMD:   BGE  A: 00000002  B: 00000013
TICK:     47  UPC:  2  PHASE: FETCH     PC: 0006  IR: 51920001  CMD:  ADDI
TICK:     48  UPC:  0  PHASE: I_EX      PC: 0006  IR: 51920001  CMD:  ADDI  A: 000000C8  B: 00000001  ALU: 000000C9
TICK:     49  UPC:  1  PHASE: FETCH     PC: 0007  IR: 19ACA000  CMD:   ADD
TICK:     50  UPC:  0  PHASE: R_EX      PC: 0007  IR: 19ACA000  CMD:   ADD  A: 000000C9  B: 00000002  ALU: 000000CB
TICK:     51  UPC:  3  PHASE: FETCH     PC: 0008  IR: 05CD0000  CMD:    LW
TICK:     52  UPC:  4  PHASE: L_EX1     PC: 0008  IR: 05CD0000  CMD:    LW  A: 000000CB  B: 00000000  ALU: 000000CB
TICK:     53  UPC: 17  PHASE: L_EX2     PC: 0008  IR: 05CD0000  CMD:    LW  A: 000000CB  B: 00000000  MDR: 00000061
TICK:     54  UPC:  0  PHASE: L_EX3     PC: 0008  IR: 05CD0000  CMD:    LW  A: 000000CB  B: 00000000
TICK:     55  UPC:  5  PHASE: FETCH     PC: 0009  IR: 09C007F4  CMD:    SW
TICK:     56  UPC: 18  PHASE: S_EX1     PC: 0009  IR: 09C007F4  CMD:    SW  A: 00000000  B: -000000C
TICK:     57  UPC:  0  PHASE: S_EX2     PC: 0009  IR: 09C007F4  CMD:    SW  A: 00000000  B: -000000C
TICK:     58  UPC:  2  PHASE: FETCH     PC: 000A  IR: 52940001  CMD:  ADDI
TICK:     59  UPC:  0  PHASE: I_EX      PC: 000A  IR: 52940001  CMD:  ADDI  A: 00000002  B: 00000001  ALU: 00000003
TICK:     60  UPC:  7  PHASE: FETCH     PC: 000B  IR: A0000004  CMD:     J
TICK:     61  UPC:  0  PHASE: J_EX      PC: 0004  IR: A0000004  CMD:     J
TICK:     62  UPC:  6  PHASE: FETCH     PC: 0005  IR: 94149806  CMD:   BGE
TICK:     63  UPC:  0  PHASE: B_EX      PC: 0005  IR: 94149806  CMD:   BGE  A: 00000003  B: 00000013
TICK:     64  UPC:  2  PHASE: FETCH     PC: 0006  IR: 51920001  CMD:  ADDI
TICK:     65  UPC:  0  PHASE: I_EX      PC: 0006  IR: 51920001  CMD:  ADDI  A: 000000C8  B: 00000001  ALU: 000000C9
TICK:     66  UPC:  1  PHASE: FETCH     PC: 0007  IR: 19ACA000  CMD:   ADD
TICK:     67  UPC:  0  PHASE: R_EX      PC: 0007  IR: 19ACA000  CMD:   ADD  A: 000000C9  B: 00000003  ALU: 000000CC
TICK:     68  UPC:  3  PHASE: FETCH     PC: 0008  IR: 05CD0000  CMD:    LW
TICK:     69  UPC:  4  PHASE: L_EX1     PC: 0008  IR: 05CD0000  CMD:    LW  A: 000000CC  B: 00000000  ALU: 000000CC
TICK:     70  UPC: 17  PHASE: L_EX2     PC: 0008  IR: 05CD0000  CMD:    LW  A: 000000CC  B: 00000000  MDR: 00000074
TICK:     71  UPC:  0  PHASE: L_EX3     PC: 0008  IR: 05CD0000  CMD:    LW  A: 000000CC  B: 00000000
TICK:     72  UPC:  5  PHASE: FETCH     PC: 0009  IR: 09C007F4  CMD:    SW
TICK:     73  UPC: 18  PHASE: S_EX1     PC: 0009  IR: 09C007F4  CMD:    SW  A: 00000000  B: -000000C
TICK:     74  UPC:  0  PHASE: S_EX2     PC: 0009  IR: 09C007F4  CMD:    SW  A: 00000000  B: -000000C
TICK:     75  UPC:  2  PHASE: FETCH     PC: 000A  IR: 52940001  CMD:  ADDI
TICK:     76  UPC:  0  PHASE: I_EX      PC: 000A  IR: 52940001  CMD:  ADDI  A: 00000003  B: 00000001  ALU: 00000004
TICK:     77  UPC:  7  PHASE: FETCH     PC: 000B  IR: A0000004  CMD:     J
TICK:     78  UPC:  0  PHASE: J_EX      PC: 0004  IR: A0000004  CMD:     J
TICK:     79  UPC:  6  PHASE: FETCH     PC: 0005  IR: 94149806  CMD:   BGE
TICK:     80  UPC:  0  PHASE: B_EX      PC: 0005  IR: 94149806  CMD:   BGE  A: 00000004  B: 00000013
TICK:     81  UPC:  2  PHASE: FETCH     PC: 0006  IR: 51920001  CMD:  ADDI
TICK:     82  UPC:  0  PHASE: I_EX      PC: 0006  IR: 51920001  CMD:  ADDI  A: 000000C8  B: 00000001  ALU: 000000C9
TICK:     83  UPC:  1  PHASE: FETCH     PC: 0007  IR: 19ACA000  CMD:   ADD
TICK:     84  UPC:  0  PHASE: R_EX      PC: 0007  IR: 19ACA000  CMD:   ADD  A: 000000C9  B: 00000004  ALU: 000000CD
TICK:     85  UPC:  3  PHASE: FETCH     PC: 0008  IR: 05CD0000  CMD:    LW
TICK:     86  UPC:  4  PHASE: L_EX1     PC: 0008  IR: 05CD0000  CMD:    LW  A: 000000CD  B: 00000000  ALU: 000000CD
TICK:     87  UPC: 17  PHASE: L_EX2     PC: 0008  IR: 05CD0000  CMD:    LW  A: 000000CD  B: 00000000  MDR: 00000020
TICK:     88  UPC:  0  PHASE: L_EX3     PC: 0008  IR: 05CD0000  CMD:    LW  A: 000000CD  B: 00000000
TICK:     89  UPC:  5  PHASE: FETCH     PC: 0009  IR: 09C007F4  CMD:    SW
TICK:     90  UPC: 18  PHASE: S_EX1     PC: 0009  IR: 09C007F4  CMD:    SW  A: 00000000  B: -000000C
TICK:     91  UPC:  0  PHASE: S_EX2     PC: 0009  IR: 09C007F4  CMD:    SW  A: 00000000  B: -000000C
TICK:     92  UPC:  2  PHASE: FETCH     PC: 000A  IR: 52940001  CMD:  ADDI
TICK:     93  UPC:  0  PHASE: I_EX      PC: 000A  IR: 52940001  CMD:  ADDI  A: 00000004  B: 00000001  ALU: 00000005
TICK:     94  UPC:  7  PHASE: FETCH     PC: 000B  IR: A0000004  CMD:     J
TICK:     95  UPC:  0  PHASE: J_EX      PC: 0004  IR: A0000004  CMD:     J
TICK:     96  UPC:  6  PHASE: FETCH     PC: 0005  IR: 94149806  CMD:   BGE
TICK:     97  UPC:  0  PHASE: B_EX      PC: 0005  IR: 94149806  CMD:   BGE  A: 00000005  B: 00000013
TICK:     98  UPC:  2  PHASE: FETCH     PC: 0006  IR: 51920001  CMD:  ADDI
TICK:     99  UPC:  0  PHASE: I_EX      PC: 0006  IR: 51920001  CMD:  ADDI  A: 000000C8  B: 00000001  ALU: 000000C9
TICK:    100  UPC:  1  PHASE: FETCH     PC: 0007  IR: 19ACA000  CMD:   ADD
TICK:    101  UPC:  0  PHASE: R_EX      PC: 0007  IR: 19ACA000  CMD:   ADD  A: 000000C9  B: 00000005  ALU: 000000CE
TICK:    102  UPC:  3  PHASE: FETCH     PC: 0008  IR: 05CD0000  CMD:    LW
TICK:    103  UPC:  4  PHASE: L_EX1     PC: 0008  IR: 05CD0000  CMD:    LW  A: 000000CE  B: 00000000  ALU: 000000CE
TICK:    104  UPC: 17  PHASE: L_EX2     PC: 0008  IR: 05CD0000  CMD:    LW  A: 000000CE  B: 00000000  MDR: 00000069
TICK:    105  UPC:  0  PHASE: L_EX3     PC: 0008  IR: 05CD0000  CMD:    LW  A: 000000CE  B: 00000000
TICK:    106  UPC:  5  PHASE: FETCH     PC: 0009  IR: 09C007F4  CMD:    SW
TICK:    107  UPC: 18  PHASE: S_EX1     PC: 0009  IR: 09C007F4  CMD:    SW  A: 00000000  B: -000000C
TICK:    108  UPC:  0  PHASE: S_EX2     PC: 0009  IR: 09C007F4  CMD:    SW  A: 00000000  B: -000000C
TICK:    109  UPC:  2  PHASE: FETCH     PC: 000A  IR: 52940001  CMD:  ADDI
TICK:    110  UPC:  0  PHASE: I_EX      PC: 000A  IR: 52940001  CMD:  ADDI  A: 00000005  B: 00000001  ALU: 00000006
TICK:    111  UPC:  7  PHASE: FETCH     PC: 000B  IR: A0000004  CMD:     J
TICK:    112  UPC:  0  PHASE: J_EX      PC: 0004  IR: A0000004  CMD:     J
TICK:    113  UPC:  6  PHASE: FETCH     PC: 0005  IR: 94149806  CMD:   BGE
TICK:    114  UPC:  0  PHASE: B_EX      PC: 0005  IR: 94149806  CMD:   BGE  A: 00000006  B: 00000013
TICK:    115  UPC:  2  PHASE: FETCH     PC: 0006  IR: 51920001  CMD:  ADDI
TICK:    116  UPC:  0  PHASE: I_EX      PC: 0006  IR: 51920001  CMD:  ADDI  A: 000000C8  B: 00000001  ALU: 000000C9
TICK:    117  UPC:  1  PHASE: FETCH     PC: 0007  IR: 19ACA000  CMD:   ADD
TICK:    118  UPC:  0  PHASE: R_EX      PC: 0007  IR: 19ACA000  CMD:   ADD  A: 000000C9  B: 00000006  ALU: 000000CF
TICK:    119  UPC:  3  PHASE: FETCH     PC: 0008  IR: 05CD0000  CMD:    LW
TICK:    120  UPC:  4  PHASE: L_EX1     PC: 0008  IR: 05CD0000  CMD:    LW  A: 000000CF  B: 00000000  ALU: 000000CF
TICK:    121  UPC: 17  PHASE: L_EX2     PC: 0008  IR: 05CD0000  CMD:    LW  A: 000000CF  B: 00000000  MDR: 00000073
TICK:    122  UPC:  0  PHASE: L_EX3     PC: 0008  IR: 05CD0000  CMD:    LW  A: 000000CF  B: 00000000
TICK:    123  UPC:  5  PHASE: FETCH     PC: 0009  IR: 09C007F4  CMD:    SW
TICK:    124  UPC: 18  PHASE: S_EX1     PC: 0009  IR: 09C007F4  CMD:    SW  A: 00000000  B: -000000C
TICK:    125  UPC:  0  PHASE: S_EX2     PC: 0009  IR: 09C007F4  CMD:    SW  A: 00000000  B: -000000C
TICK:    126  UPC:  2  PHASE: FETCH     PC: 000A  IR: 52940001  CMD:  ADDI
TICK:    127  UPC:  0  PHASE: I_EX      PC: 000A  IR: 52940001  CMD:  ADDI  A: 00000006  B: 00000001  ALU: 00000007
TICK:    128  UPC:  7  PHASE: FETCH     PC: 000B  IR: A0000004  CMD:     J
TICK:    129  UPC:  0  PHASE: J_EX      PC: 0004  IR: A0000004  CMD:     J
TICK:    130  UPC:  6  PHASE: FETCH     PC: 0005  IR: 94149806  CMD:   BGE
TICK:    131  UPC:  0  PHASE: B_EX      PC: 0005  IR: 94149806  CMD:   BGE  A: 00000007  B: 00000013
TICK:    132  UPC:  2  PHASE: FETCH     PC: 0006  IR: 51920001  CMD:  ADDI
TICK:    133  UPC:  0  PHASE: I_EX      PC: 0006  IR: 51920001  CMD:  ADDI  A: 000000C8  B: 00000001  ALU: 000000C9
TICK:    134  UPC:  1  PHASE: FETCH     PC: 0007  IR: 19ACA000  CMD:   ADD
TICK:    135  UPC:  0  PHASE: R_EX      PC: 0007  IR: 19ACA000  CMD:   ADD  A: 000000C9  B: 00000007  ALU: 000000D0
TICK:    136  UPC:  3  PHASE: FETCH     PC: 0008  IR: 05CD0000  CMD:    LW
TICK:    137  UPC:  4  PHASE: L_EX1     PC: 0008  IR: 05CD0000  CMD:    LW  A: 000000D0  B: 00000000  ALU: 000000D0
TICK:    138  UPC: 17  PHASE: L_EX2     PC: 0008  IR: 05CD0000  CMD:    LW  A: 000000D0  B: 00000000  MDR: 00000020
TICK:    139  UPC:  0  PHASE: L_EX3     PC: 0008  IR: 05CD0000  CMD:    LW  A: 000000D0  B: 00000000
TICK:    140  UPC:  5  PHASE: FETCH     PC: 0009  IR: 09C007F4  CMD:    SW
TICK:    141  UPC: 18  PHASE: S_EX1     PC: 0009  IR: 09C007F4  CMD:    SW  A: 00000000  B: -000000C
TICK:    142  UPC:  0  PHASE: S_EX2     PC: 0009  IR: 09C007F4  CMD:    SW  A: 00000000  B: -000000C
TICK:    143  UPC:  2  PHASE: FETCH     PC: 000A  IR: 52940001  CMD:  ADDI
TICK:    144  UPC:  0  PHASE: I_EX      PC: 000A  IR: 52940001  CMD:  ADDI  A: 00000007  B: 00000001  ALU: 00000008
TICK:    145  UPC:  7  PHASE: FETCH     PC: 000B  IR: A0000004  CMD:     J
TICK:    146  UPC:  0  PHASE: J_EX      PC: 0004  IR: A0000004  CMD:     J
TICK:    147  UPC:  6  PHASE: FETCH     PC: 0005  IR: 94149806  CMD:   BGE
TICK:    148  UPC:  0  PHASE: B_EX      PC: 0005  IR: 94149806  CMD:   BGE  A: 00000008  B: 00000013
TICK:    149  UPC:  2  PHASE: FETCH     PC: 0006  IR: 51920001  CMD:  ADDI
TICK:    150  UPC:  0  PHASE: I_EX      PC: 0006  IR: 51920001  CMD:  ADDI  A: 000000C8  B: 00000001  ALU: 000000C9
TICK:    151  UPC:  1  PHASE: FETCH     PC: 0007  IR: 19ACA000  CMD:   ADD
TICK:    152  UPC:  0  PHASE: R_EX      PC: 0007  IR: 19ACA000  CMD:   ADD  A: 000000C9  B: 00000008  ALU: 000000D1
TICK:    153  UPC:  3  PHASE: FETCH     PC: 0008  IR: 05CD0000  CMD:    LW
TICK:    154  UPC:  4  PHASE: L_EX1     PC: 0008  IR: 05CD0000  CMD:    LW  A: 000000D1  B: 00000000  ALU: 000000D1
TICK:    155  UPC: 17  PHASE: L_EX2     PC: 0008  IR: 05CD0000  CMD:    LW  A: 000000D1  B: 00000000  MDR: 00000079
TICK:    156  UPC:  0  PHASE: L_EX3     PC: 0008  IR: 05CD0000  CMD:    LW  A: 000000D1  B: 00000000
TICK:    157  UPC:  5  PHASE: FETCH     PC: 0009  IR: 09C007F4  CMD:    SW
TICK:    158  UPC: 18  PHASE: S_EX1     PC: 0009  IR: 09C007F4  CMD:    SW  A: 00000000  B: -000000C
TICK:    159  UPC:  0  PHASE: S_EX2     PC: 0009  IR: 09C007F4  CMD:    SW  A: 00000000  B: -000000C
TICK:    160  UPC:  2  PHASE: FETCH     PC: 000A  IR: 52940001  CMD:  ADDI
TICK:    161  UPC:  0  PHASE: I_EX      PC: 000A  IR: 52940001  CMD:  ADDI  A: 00000008  B: 00000001  ALU: 00000009
TICK:    162  UPC:  7  PHASE: FETCH     PC: 000B  IR: A0000004  CMD:     J
TICK:    163  UPC:  0  PHASE: J_EX      PC: 0004  IR: A0000004  CMD:     J
TICK:    164  UPC:  6  PHASE: FETCH     PC: 0005  IR: 94149806  CMD:   BGE
TICK:    165  UPC:  0  PHASE: B_EX      PC: 0005  IR: 94149806  CMD:   BGE  A: 00000009  B: 00000013
TICK:    166  UPC:  2  PHASE: FETCH     PC: 0006  IR: 51920001  CMD:  ADDI
TICK:    167  UPC:  0  PHASE: I_EX      PC: 0006  IR: 51920001  CMD:  ADDI  A: 000000C8  B: 00000001  ALU: 000000C9
TICK:    168  UPC:  1  PHASE: FETCH     PC: 0007  IR: 19ACA000  CMD:   ADD
TICK:    169  UPC:  0  PHASE: R_EX      PC: 0007  IR: 19ACA000  CMD:   ADD  A: 000000C9  B: 00000009  ALU: 000000D2
TICK:    170  UPC:  3  PHASE: FETCH     PC: 0008  IR: 05CD0000  CMD:    LW
TICK:    171  UPC:  4  PHASE: L_EX1     PC: 0008  IR: 05CD0000  CMD:    LW  A: 000000D2  B: 00000000  ALU: 000000D2
TICK:    172  UPC: 17  PHASE: L_EX2     PC: 0008  IR: 05CD0000  CMD:    LW  A: 000000D2  B: 00000000  MDR: 0000006F
TICK:    173  UPC:  0  PHASE: L_EX3     PC: 0008  IR: 05CD0000  CMD:    LW  A: 000000D2  B: 00000000
TICK:    174  UPC:  5  PHASE: FETCH     PC: 0009  IR: 09C007F4  CMD:    SW
TICK:    175  UPC: 18  PHASE: S_EX1     PC: 0009  IR: 09C007F4  CMD:    SW  A: 00000000  B: -000000C
TICK:    176  UPC:  0  PHASE: S_EX2     PC: 0009  IR: 09C007F4  CMD:    SW  A: 00000000  B: -000000C
TICK:    177  UPC:  2  PHASE: FETCH     PC: 000A  IR: 52940001  CMD:  ADDI
TICK:    178  UPC:  0  PHASE: I_EX      PC: 000A  IR: 52940001  CMD:  ADDI  A: 00000009  B: 00000001  ALU: 0000000A
TICK:    179  UPC:  7  PHASE: FETCH     PC: 000B  IR: A0000004  CMD:     J
TICK:    180  UPC:  0  PHASE: J_EX      PC: 0004  IR: A0000004  CMD:     J
TICK:    181  UPC:  6  PHASE: FETCH     PC: 0005  IR: 94149806  CMD:   BGE
TICK:    182  UPC:  0  PHASE: B_EX      PC: 0005  IR: 94149806  CMD:   BGE  A: 0000000A  B: 00000013
TICK:    183  UPC:  2  PHASE: FETCH     PC: 0006  IR: 51920001  CMD:  ADDI
TICK:    184  UPC:  0  PHASE: I_EX      PC: 0006  IR: 51920001  CMD:  ADDI  A: 000000C8  B: 00000001  ALU: 000000C9
TICK:    185  UPC:  1  PHASE: FETCH     PC: 0007  IR: 19ACA000  CMD:   ADD
TICK:    186  UPC:  0  PHASE: R_EX      PC: 0007  IR: 19ACA000  CMD:   ADD  A: 000000C9  B: 0000000A  ALU: 000000D3
TICK:    187  UPC:  3  PHASE: FETCH     PC: 0008  IR: 05CD0000  CMD:    LW
TICK:    188  UPC:  4  PHASE: L_EX1     PC: 0008  IR: 05CD0000  CMD:    LW  A: 000000D3  B: 00000000  ALU: 000000D3
TICK:    189  UPC: 17  PHASE: L_EX2     PC: 0008  IR: 05CD0000  CMD:    LW  A: 000000D3  B: 00000000  MDR: 00000075
TICK:    190  UPC:  0  PHASE: L_EX3     PC: 0008  IR: 05CD0000  CMD:    LW  A: 000000D3  B: 00000000
TICK:    191  UPC:  5  PHASE: FETCH     PC: 0009  IR: 09C007F4  CMD:    SW
TICK:    192  UPC: 18  PHASE: S_EX1     PC: 0009  IR: 09C007F4  CMD:    SW  A: 00000000  B: -000000C
TICK:    193  UPC:  0  PHASE: S_EX2     PC: 0009  IR: 09C007F4  CMD:    SW  A: 00000000  B: -000000C
TICK:    194  UPC:  2  PHASE: FETCH     PC: 000A  IR: 52940001  CMD:  ADDI
TICK:    195  UPC:  0  PHASE: I_EX      PC: 000A  IR: 52940001  CMD:  ADDI  A: 0000000A  B: 00000001  ALU: 0000000B
TICK:    196  UPC:  7  PHASE: FETCH     PC: 000B  IR: A0000004  CMD:     J
TICK:    197  UPC:  0  PHASE: J_EX      PC: 0004  IR: A0000004  CMD:     J
TICK:    198  UPC:  6  PHASE: FETCH     PC: 0005  IR: 94149806  CMD:   BGE
TICK:    199  UPC:  0  PHASE: B_EX      PC: 0005  IR: 94149806  CMD:   BGE  A: 0000000B  B: 00000013
TICK:    200  UPC:  2  PHASE: FETCH     PC: 0006  IR: 51920001  CMD:  ADDI
TICK:    201  UPC:  0  PHASE: I_EX      PC: 0006  IR: 51920001  CMD:  ADDI  A: 000000C8  B: 00000001  ALU: 000000C9
TICK:    202  UPC:  1  PHASE: FETCH     PC: 0007  IR: 19ACA000  CMD:   ADD
TICK:    203  UPC:  0  PHASE: R_EX      PC: 0007  IR: 19ACA000  CMD:   ADD  A: 000000C9  B: 0000000B  ALU: 000000D4
TICK:    204  UPC:  3  PHASE: FETCH     PC: 0008  IR: 05CD0000  CMD:    LW
TICK:    205  UPC:  4  PHASE: L_EX1     PC: 0008  IR: 05CD0000  CMD:    LW  A: 000000D4  B: 00000000  ALU: 000000D4
TICK:    206  UPC: 17  PHASE: L_EX2     PC: 0008  IR: 05CD0000  CMD:    LW  A: 000000D4  B: 00000000  MDR: 00000072
TICK:    207  UPC:  0  PHASE: L_EX3     PC: 0008  IR: 05CD0000  CMD:    LW  A: 000000D4  B: 00000000
TICK:    208  UPC:  5  PHASE: FETCH     PC: 0009  IR: 09C007F4  CMD:    SW
TICK:    209  UPC: 18  PHASE: S_EX1     PC: 0009  IR: 09C007F4  CMD:    SW  A: 00000000  B: -000000C
TICK:    210  UPC:  0  PHASE: S_EX2     PC: 0009  IR: 09C007F4  CMD:    SW  A: 00000000  B: -000000C
TICK:    211  UPC:  2  PHASE: FETCH     PC: 000A  IR: 52940001  CMD:  ADDI
TICK:    212  UPC:  0  PHASE: I_EX      PC: 000A  IR: 52940001  CMD:  ADDI  A: 0000000B  B: 00000001  ALU: 0000000C
TICK:    213  UPC:  7  PHASE: FETCH     PC: 000B  IR: A0000004  CMD:     J
TICK:    214  UPC:  0  PHASE: J_EX      PC: 0004  IR: A0000004  CMD:     J
TICK:    215  UPC:  6  PHASE: FETCH     PC: 0005  IR: 94149806  CMD:   BGE
TICK:    216  UPC:  0  PHASE: B_EX      PC: 0005  IR: 94149806  CMD:   BGE  A: 0000000C  B: 00000013
TICK:    217  UPC:  2  PHASE: FETCH     PC: 0006  IR: 51920001  CMD:  ADDI
TICK:    218  UPC:  0  PHASE: I_EX      PC: 0006  IR: 51920001  CMD:  ADDI  A: 000000C8  B: 00000001  ALU: 000000C9
TICK:    219  UPC:  1  PHASE: FETCH     PC: 0007  IR: 19ACA000  CMD:   ADD
TICK:    220  UPC:  0  PHASE: R_EX      PC: 0007  IR: 19ACA000  CMD:   ADD  A: 000000C9  B: 0000000C  ALU: 000000D5
TICK:    221  UPC:  3  PHASE: FETCH     PC: 0008  IR: 05CD0000  CMD:    LW
TICK:    222  UPC:  4  PHASE: L_EX1     PC: 0008  IR: 05CD0000  CMD:    LW  A: 000000D5  B: 00000000  ALU: 000000D5
TICK:    223  UPC: 17  PHASE: L_EX2     PC: 0008  IR: 05CD0000  CMD:    LW  A: 000000D5  B: 00000000  MDR: 00000020
TICK:    224  UPC:  0  PHASE: L_EX3     PC: 0008  IR: 05CD0000  CMD:    LW  A: 000000D5  B: 00000000
TICK:    225  UPC:  5  PHASE: FETCH     PC: 0009  IR: 09C007F4  CMD:    SW
TICK:    226  UPC: 18  PHASE: S_EX1     PC: 0009  IR: 09C007F4  CMD:    SW  A: 00000000  B: -000000C
TICK:    227  UPC:  0  PHASE: S_EX2     PC: 0009  IR: 09C007F4  CMD:    SW  A: 00000000  B: -000000C
TICK:    228  UPC:  2  PHASE: FETCH     PC: 000A  IR: 52940001  CMD:  ADDI
TICK:    229  UPC:  0  PHASE: I_EX      PC: 000A  IR: 52940001  CMD:  ADDI  A: 0000000C  B: 00000001  ALU: 0000000D
TICK:    230  UPC:  7  PHASE: FETCH     PC: 000B  IR: A0000004  CMD:     J
TICK:    231  UPC:  0  PHASE: J_EX      PC: 0004  IR: A0000004  CMD:     J
TICK:    232  UPC:  6  PHASE: FETCH     PC: 0005  IR: 94149806  CMD:   BGE
TICK:    233  UPC:  0  PHASE: B_EX      PC: 0005  IR: 94149806  CMD:   BGE  A: 0000000D  B: 00000013
TICK:    234  UPC:  2  PHASE: FETCH     PC: 0006  IR: 51920001  CMD:  ADDI
TICK:    235  UPC:  0  PHASE: I_EX      PC: 0006  IR: 51920001  CMD:  ADDI  A: 000000C8  B: 00000001  ALU: 000000C9
TICK:    236  UPC:  1  PHASE: FETCH     PC: 0007  IR: 19ACA000  CMD:   ADD
TICK:    237  UPC:  0  PHASE: R_EX      PC: 0007  IR: 19ACA000  CMD:   ADD  A: 000000C9  B: 0000000D  ALU: 000000D6
TICK:    238  UPC:  3  PHASE: FETCH     PC: 0008  IR: 05CD0000  CMD:    LW
TICK:    239  UPC:  4  PHASE: L_EX1     PC: 0008  IR: 05CD0000  CMD:    LW  A: 000000D6  B: 00000000  ALU: 000000D6
TICK:    240  UPC: 17  PHASE: L_EX2     PC: 0008  IR: 05CD0000  CMD:    LW  A: 000000D6  B: 00000000  MDR: 0000006E
TICK:    241  UPC:  0  PHASE: L_EX3     PC: 0008  IR: 05CD0000  CMD:    LW  A: 000000D6  B: 00000000
TICK:    242  UPC:  5  PHASE: FETCH     PC: 0009  IR: 09C007F4  CMD:    SW
TICK:    243  UPC: 18  PHASE: S_EX1     PC: 0009  IR: 09C007F4  CMD:    SW  A: 00000000  B: -000000C
TICK:    244  UPC:  0  PHASE: S_EX2     PC: 0009  IR: 09C007F4  CMD:    SW  A: 00000000  B: -000000C
TICK:    245  UPC:  2  PHASE: FETCH     PC: 000A  IR: 52940001  CMD:  ADDI
TICK:    246  UPC:  0  PHASE: I_EX      PC: 000A  IR: 52940001  CMD:  ADDI  A: 0000000D  B: 00000001  ALU: 0000000E
TICK:    247  UPC:  7  PHASE: FETCH     PC: 000B  IR: A0000004  CMD:     J
TICK:    248  UPC:  0  PHASE: J_EX      PC: 0004  IR: A0000004  CMD:     J
TICK:    249  UPC:  6  PHASE: FETCH     PC: 0005  IR: 94149806  CMD:   BGE
TICK:    250  UPC:  0  PHASE: B_EX      PC: 0005  IR: 94149806  CMD:   BGE  A: 0000000E  B: 00000013
TICK:    251  UPC:  2  PHASE: FETCH     PC: 0006  IR: 51920001  CMD:  ADDI
TICK:    252  UPC:  0  PHASE: I_EX      PC: 0006  IR: 51920001  CMD:  ADDI  A: 000000C8  B: 00000001  ALU: 000000C9
TICK:    253  UPC:  1  PHASE: FETCH     PC: 0007  IR: 19ACA000  CMD:   ADD
TICK:    254  UPC:  0  PHASE: R_EX      PC: 0007  IR: 19ACA000  CMD:   ADD  A: 000000C9  B: 0000000E  ALU: 000000D7
TICK:    255  UPC:  3  PHASE: FETCH     PC: 0008  IR: 05CD0000  CMD:    LW
TICK:    256  UPC:  4  PHASE: L_EX1     PC: 0008  IR: 05CD0000  CMD:    LW  A: 000000D7  B: 00000000  ALU: 000000D7
TICK:    257  UPC: 17  PHASE: L_EX2     PC: 0008  IR: 05CD0000  CMD:    LW  A: 000000D7  B: 00000000  MDR: 00000061
TICK:    258  UPC:  0  PHASE: L_EX3     PC: 0008  IR: 05CD0000  CMD:    LW  A: 000000D7  B: 00000000
TICK:    259  UPC:  5  PHASE: FETCH     PC: 0009  IR: 09C007F4  CMD:    SW
TICK:    260  UPC: 18  PHASE: S_EX1     PC: 0009  IR: 09C007F4  CMD:    SW  A: 00000000  B: -000000C
TICK:    261  UPC:  0  PHASE: S_EX2     PC: 0009  IR: 09C007F4  CMD:    SW  A: 00000000  B: -000000C
TICK:    262  UPC:  2  PHASE: FETCH     PC: 000A  IR: 52940001  CMD:  ADDI
TICK:    263  UPC:  0  PHASE: I_EX      PC: 000A  IR: 52940001  CMD:  ADDI  A: 0000000E  B: 00000001  ALU: 0000000F
TICK:    264  UPC:  7  PHASE: FETCH     PC: 000B  IR: A0000004  CMD:     J
TICK:    265  UPC:  0  PHASE: J_EX      PC: 0004  IR: A0000004  CMD:     J
TICK:    266  UPC:  6  PHASE: FETCH     PC: 0005  IR: 94149806  CMD:   BGE
TICK:    267  UPC:  0  PHASE: B_EX      PC: 0005  IR: 94149806  CMD:   BGE  A: 0000000F  B: 00000013
TICK:    268  UPC:  2  PHASE: FETCH     PC: 0006  IR: 51920001  CMD:  ADDI
TICK:    269  UPC:  0  PHASE: I_EX      PC: 0006  IR: 51920001  CMD:  ADDI  A: 000000C8  B: 00000001  ALU: 000000C9
TICK:    270  UPC:  1  PHASE: FETCH     PC: 0007  IR: 19ACA000  CMD:   ADD
TICK:    271  UPC:  0  PHASE: R_EX      PC: 0007  IR: 19ACA000  CMD:   ADD  A: 000000C9  B: 0000000F  ALU: 000000D8
TICK:    272  UPC:  3  PHASE: FETCH     PC: 0008  IR: 05CD0000  CMD:    LW
TICK:    273  UPC:  4  PHASE: L_EX1     PC: 0008  IR: 05CD0000  CMD:    LW  A: 000000D8  B: 00000000  ALU: 000000D8
TICK:    274  UPC: 17  PHASE: L_EX2     PC: 0008  IR: 05CD0000  CMD:    LW  A: 000000D8  B: 00000000  MDR: 0000006D
TICK:    275  UPC:  0  PHASE: L_EX3     PC: 0008  IR: 05CD0000  CMD:    LW  A: 000000D8  B: 00000000
TICK:    276  UPC:  5  PHASE: FETCH     PC: 0009  IR: 09C007F4  CMD:    SW
TICK:    277  UPC: 18  PHASE: S_EX1     PC: 0009  IR: 09C007F4  CMD:    SW  A: 00000000  B: -000000C
TICK:    278  UPC:  0  PHASE: S_EX2     PC: 0009  IR: 09C007F4  CMD:    SW  A: 00000000  B: -000000C
TICK:    279  UPC:  2  PHASE: FETCH     PC: 000A  IR: 52940001  CMD:  ADDI
TICK:    280  UPC:  0  PHASE: I_EX      PC: 000A  IR: 52940001  CMD:  ADDI  A: 0000000F  B: 00000001  ALU: 00000010
TICK:    281  UPC:  7  PHASE: FETCH     PC: 000B  IR: A0000004  CMD:     J
TICK:    282  UPC:  0  PHASE: J_EX      PC: 0004  IR: A0000004  CMD:     J
TICK:    283  UPC:  6  PHASE: FETCH     PC: 0005  IR: 94149806  CMD:   BGE
TICK:    284  UPC:  0  PHASE: B_EX      PC: 0005  IR: 94149806  CMD:   BGE  A: 00000010  B: 00000013
TICK:    285  UPC:  2  PHASE: FETCH     PC: 0006  IR: 51920001  CMD:  ADDI
TICK:    286  UPC:  0  PHASE: I_EX      PC: 0006  IR: 51920001  CMD:  ADDI  A: 000000C8  B: 00000001  ALU: 000000C9
TICK:    287  UPC:  1  PHASE: FETCH     PC: 0007  IR: 19ACA000  CMD:   ADD
TICK:    288  UPC:  0  PHASE: R_EX      PC: 0007  IR: 19ACA000  CMD:   ADD  A: 000000C9  B: 00000010  ALU: 000000D9
TICK:    289  UPC:  3  PHASE: FETCH     PC: 0008  IR: 05CD0000  CMD:    LW
TICK:    290  UPC:  4  PHASE: L_EX1     PC: 0008  IR: 05CD0000  CMD:    LW  A: 000000D9  B: 00000000  ALU: 000000D9
TICK:    291  UPC: 17  PHASE: L_EX2     PC: 0008  IR: 05CD0000  CMD:    LW  A: 000000D9  B: 00000000  MDR: 00000065
TICK:    292  UPC:  0  PHASE: L_EX3     PC: 0008  IR: 05CD0000  CMD:    LW  A: 000000D9  B: 00000000
TICK:    293  UPC:  5  PHASE: FETCH     PC: 0009  IR: 09C007F4  CMD:    SW
TICK:    294  UPC: 18  PHASE: S_EX1     PC: 0009  IR: 09C007F4  CMD:    SW  A: 00000000  B: -000000C
TICK:    295  UPC:  0  PHASE: S_EX2     PC: 0009  IR: 09C007F4  CMD:    SW  A: 00000000  B: -000000C
TICK:    296  UPC:  2  PHASE: FETCH     PC: 000A  IR: 52940001  CMD:  ADDI
TICK:    297  UPC:  0  PHASE: I_EX      PC: 000A  IR: 52940001  CMD:  ADDI  A: 00000010  B: 00000001  ALU: 00000011
TICK:    298  UPC:  7  PHASE: FETCH     PC: 000B  IR: A0000004  CMD:     J
TICK:    299  UPC:  0  PHASE: J_EX      PC: 0004  IR: A0000004  CMD:     J
TICK:    300  UPC:  6  PHASE: FETCH     PC: 0005  IR: 94149806  CMD:   BGE
TICK:    301  UPC:  0  PHASE: B_EX      PC: 0005  IR: 94149806  CMD:   BGE  A: 00000011  B: 00000013
TICK:    302  UPC:  2  PHASE: FETCH     PC: 0006  IR: 51920001  CMD:  ADDI
TICK:    303  UPC:  0  PHASE: I_EX      PC: 0006  IR: 51920001  CMD:  ADDI  A: 000000C8  B: 00000001  ALU: 000000C9
TICK:    304  UPC:  1  PHASE: FETCH     PC: 0007  IR: 19ACA000  CMD:   ADD
TICK:    305  UPC:  0  PHASE: R_EX      PC: 0007  IR: 19ACA000  CMD:   ADD  A: 000000C9  B: 00000011  ALU: 000000DA
TICK:    306  UPC:  3  PHASE: FETCH     PC: 0008  IR: 05CD0000  CMD:    LW
TICK:    307  UPC:  4  PHASE: L_EX1     PC: 0008  IR: 05CD0000  CMD:    LW  A: 000000DA  B: 00000000  ALU: 000000DA
TICK:    308  UPC: 17  PHASE: L_EX2     PC: 0008  IR: 05CD0000  CMD:    LW  A: 000000DA  B: 00000000  MDR: 0000003F
TICK:    309  UPC:  0  PHASE: L_EX3     PC: 0008  IR: 05CD0000  CMD:    LW  A: 000000DA  B: 00000000
TICK:    310  UPC:  5  PHASE: FETCH     PC: 0009  IR: 09C007F4  CMD:    SW
TICK:    311  UPC: 18  PHASE: S_EX1     PC: 0009  IR: 09C007F4  CMD:    SW  A: 00000000  B: -000000C
TICK:    312  UPC:  0  PHASE: S_EX2     PC: 0009  IR: 09C007F4  CMD:    SW  A: 00000000  B: -000000C
TICK:    313  UPC:  2  PHASE: FETCH     PC: 000A  IR: 52940001  CMD:  ADDI
TICK:    314  UPC:  0  PHASE: I_EX      PC: 000A  IR: 52940001  CMD:  ADDI  A: 00000011  B: 00000001  ALU: 00000012
TICK:    315  UPC:  7  PHASE: FETCH     PC: 000B  IR: A0000004  CMD:     J
TICK:    316  UPC:  0  PHASE: J_EX      PC: 0004  IR: A0000004  CMD:     J
TICK:    317  UPC:  6  PHASE: FETCH     PC: 0005  IR: 94149806  CMD:   BGE
TICK:    318  UPC:  0  PHASE: B_EX      PC: 0005  IR: 94149806  CMD:   BGE  A: 00000012  B: 00000013
TICK:    319  UPC:  2  PHASE: FETCH     PC: 0006  IR: 51920001  CMD:  ADDI
TICK:    320  UPC:  0  PHASE: I_EX      PC: 0006  IR: 51920001  CMD:  ADDI  A: 000000C8  B: 00000001  ALU: 000000C9
TICK:    321  UPC:  1  PHASE: FETCH     PC: 0007  IR: 19ACA000  CMD:   ADD
TICK:    322  UPC:  0  PHASE: R_EX      PC: 0007  IR: 19ACA000  CMD:   ADD  A: 000000C9  B: 00000012  ALU: 000000DB
TICK:    323  UPC:  3  PHASE: FETCH     PC: 0008  IR: 05CD0000  CMD:    LW
TICK:    324  UPC:  4  PHASE: L_EX1     PC: 0008  IR: 05CD0000  CMD:    LW  A: 000000DB  B: 00000000  ALU: 000000DB
TICK:    325  UPC: 17  PHASE: L_EX2     PC: 0008  IR: 05CD0000  CMD:    LW  A: 000000DB  B: 00000000  MDR: 0000000A
TICK:    326  UPC:  0  PHASE: L_EX3     PC: 0008  IR: 05CD0000  CMD:    LW  A: 000000DB  B: 00000000
TICK:    327  UPC:  5  PHASE: FETCH     PC: 0009  IR: 09C007F4  CMD:    SW
TICK:    328  UPC: 18  PHASE: S_EX1     PC: 0009  IR: 09C007F4  CMD:    SW  A: 00000000  B: -000000C
TICK:    329  UPC:  0  PHASE: S_EX2     PC: 0009  IR: 09C007F4  CMD:    SW  A: 00000000  B: -000000C
TICK:    330  UPC:  2  PHASE: FETCH     PC: 000A  IR: 52940001  CMD:  ADDI
TICK:    331  UPC:  0  PHASE: I_EX      PC: 000A  IR: 52940001  CMD:  ADDI  A: 00000012  B: 00000001  ALU: 00000013
TICK:    332  UPC:  7  PHASE: FETCH     PC: 000B  IR: A0000004  CMD:     J
TICK:    333  UPC:  0  PHASE: J_EX      PC: 0004  IR: A0000004  CMD:     J
TICK:    334  UPC:  6  PHASE: FETCH     PC: 0005  IR: 94149806  CMD:   BGE
TICK:    335  UPC:  0  PHASE: B_EX      PC: 000B  IR: 94149806  CMD:   BGE  A: 00000013  B: 00000013
TICK:    336  UPC:  2  PHASE: FETCH     PC: 000C  IR: 52A000F0  CMD:  ADDI
TICK:    337  UPC:  0  PHASE: I_EX      PC: 000C  IR: 52A000F0  CMD:  ADDI  A: 00000000  B: 000000F0  ALU: 000000F0
TICK:    338  UPC:  2  PHASE: FETCH     PC: 000D  IR: 52C00000  CMD:  ADDI
TICK:    339  UPC:  0  PHASE: I_EX      PC: 000D  IR: 52C00000  CMD:  ADDI  A: 00000000  B: 00000000  ALU: 00000000
TICK:    340  UPC:  3  PHASE: FETCH     PC: 000E  IR: 058007F0  CMD:    LW
TICK:    341  UPC:  4  PHASE: L_EX1     PC: 000E  IR: 058007F0  CMD:    LW  A: 00000000  B: -0000010  ALU: FFFFFFF0
TICK:    342  UPC: 17  PHASE: L_EX2     PC: 000E  IR: 058007F0  CMD:    LW  A: 00000000  B: -0000010  MDR: 00000041
TICK:    343  UPC:  0  PHASE: L_EX3     PC: 000E  IR: 058007F0  CMD:    LW  A: 00000000  B: -0000010
TICK:    344  UPC:  6  PHASE: FETCH     PC: 000F  IR: 800C0007  CMD:   BEQ
TICK:    345  UPC:  0  PHASE: B_EX      PC: 000F  IR: 800C0007  CMD:   BEQ  A: 00000041  B: 00000000
TICK:    346  UPC:  2  PHASE: FETCH     PC: 0010  IR: 51A0000A  CMD:  ADDI
TICK:    347  UPC:  0  PHASE: I_EX      PC: 0010  IR: 51A0000A  CMD:  ADDI  A: 00000000  B: 0000000A  ALU: 0000000A
TICK:    348  UPC:  6  PHASE: FETCH     PC: 0011  IR: 800C6805  CMD:   BEQ
TICK:    349  UPC:  0  PHASE: B_EX      PC: 0011  IR: 800C6805  CMD:   BEQ  A: 00000041  B: 0000000A
TICK:    350  UPC:  2  PHASE: FETCH     PC: 0012  IR: 51D50001  CMD:  ADDI
TICK:    351  UPC:  0  PHASE: I_EX      PC: 0012  IR: 51D50001  CMD:  ADDI  A: 000000F0  B: 00000001  ALU: 000000F1
TICK:    352  UPC:  1  PHASE: FETCH     PC: 0013  IR: 19EEB000  CMD:   ADD
TICK:    353  UPC:  0  PHASE: R_EX      PC: 0013  IR: 19EEB000  CMD:   ADD  A: 000000F1  B: 00000000  ALU: 000000F1
TICK:    354  UPC:  5  PHASE: FETCH     PC: 0014  IR: 098F0000  CMD:    SW
TICK:    355  UPC: 18  PHASE: S_EX1     PC: 0014  IR: 098F0000  CMD:    SW  A: 000000F1  B: 00000000
TICK:    356  UPC:  0  PHASE: S_EX2     PC: 0014  IR: 098F0000  CMD:    SW  A: 000000F1  B: 00000000
TICK:    357  UPC:  2  PHASE: FETCH     PC: 0015  IR: 52D60001  CMD:  ADDI
TICK:    358  UPC:  0  PHASE: I_EX      PC: 0015  IR: 52D60001  CMD:  ADDI  A: 00000000  B: 00000001  ALU: 00000001
TICK:    359  UPC:  7  PHASE: FETCH     PC: 0016  IR: A000000D  CMD:     J
TICK:    360  UPC:  0  PHASE: J_EX      PC: 000D  IR: A000000D  CMD:     J
TICK:    361  UPC:  3  PHASE: FETCH     PC: 000E  IR: 058007F0  CMD:    LW
TICK:    362  UPC:  4  PHASE: L_EX1     PC: 000E  IR: 058007F0  CMD:    LW  A: 00000000  B: -0000010  ALU: FFFFFFF0
TICK:    363  UPC: 17  PHASE: L_EX2     PC: 000E  IR: 058007F0  CMD:    LW  A: 00000000  B: -0000010  MDR: 0000006C
TICK:    364  UPC:  0  PHASE: L_EX3     PC: 000E  IR: 058007F0  CMD:    LW  A: 00000000  B: -0000010
TICK:    365  UPC:  6  PHASE: FETCH     PC: 000F  IR: 800C0007  CMD:   BEQ
TICK:    366  UPC:  0  PHASE: B_EX      PC: 000F  IR: 800C0007  CMD:   BEQ  A: 0000006C  B: 00000000
TICK:    367  UPC:  2  PHASE: FETCH     PC: 0010  IR: 51A0000A  CMD:  ADDI
TICK:    368  UPC:  0  PHASE: I_EX      PC: 0010  IR: 51A0000A  CMD:  ADDI  A: 00000000  B: 0000000A  ALU: 0000000A
TICK:    369  UPC:  6  PHASE: FETCH     PC: 0011  IR: 800C6805  CMD:   BEQ
TICK:    370  UPC:  0  PHASE: B_EX      PC: 0011  IR: 800C6805  CMD:   BEQ  A: 0000006C  B: 0000000A
TICK:    371  UPC:  2  PHASE: FETCH     PC: 0012  IR: 51D50001  CMD:  ADDI
TICK:    372  UPC:  0  PHASE: I_EX      PC: 0012  IR: 51D50001  CMD:  ADDI  A: 000000F0  B: 00000001  ALU: 000000F1
TICK:    373  UPC:  1  PHASE: FETCH     PC: 0013  IR: 19EEB000  CMD:   ADD
TICK:    374  UPC:  0  PHASE: R_EX      PC: 0013  IR: 19EEB000  CMD:   ADD  A: 000000F1  B: 00000001  ALU: 000000F2
TICK:    375  UPC:  5  PHASE: FETCH     PC: 0014  IR: 098F0000  CMD:    SW
TICK:    376  UPC: 18  PHASE: S_EX1     PC: 0014  IR: 098F0000  CMD:    SW  A: 000000F2  B: 00000000
TICK:    377  UPC:  0  PHASE: S_EX2     PC: 0014  IR: 098F0000  CMD:    SW  A: 000000F2  B: 00000000
TICK:    378  UPC:  2  PHASE: FETCH     PC: 0015  IR: 52D60001  CMD:  ADDI
TICK:    379  UPC:  0  PHASE: I_EX      PC: 0015  IR: 52D60001  CMD:  ADDI  A: 00000001  B: 00000001  ALU: 00000002
TICK:    380  UPC:  7  PHASE: FETCH     PC: 0016  IR: A000000D  CMD:     J
TICK:    381  UPC:  0  PHASE: J_EX      PC: 000D  IR: A000000D  CMD:     J
TICK:    382  UPC:  3  PHASE: FETCH     PC: 000E  IR: 058007F0  CMD:    LW
TICK:    383  UPC:  4  PHASE: L_EX1     PC: 000E  IR: 058007F0  CMD:    LW  A: 00000000  B: -0000010  ALU: FFFFFFF0
TICK:    384  UPC: 17  PHASE: L_EX2     PC: 000E  IR: 058007F0  CMD:    LW  A: 00000000  B: -0000010  MDR: 00000069
TICK:    385  UPC:  0  PHASE: L_EX3     PC: 000E  IR: 058007F0  CMD:    LW  A: 00000000  B: -0000010
TICK:    386  UPC:  6  PHASE: FETCH     PC: 000F  IR: 800C0007  CMD:   BEQ
TICK:    387  UPC:  0  PHASE: B_EX      PC: 000F  IR: 800C0007  CMD:   BEQ  A: 00000069  B: 00000000
TICK:    388  UPC:  2  PHASE: FETCH     PC: 0010  IR: 51A0000A  CMD:  ADDI
TICK:    389  UPC:  0  PHASE: I_EX      PC: 0010  IR: 51A0000A  CMD:  ADDI  A: 00000000  B: 0000000A  ALU: 0000000A
TICK:    390  UPC:  6  PHASE: FETCH     PC: 0011  IR: 800C6805  CMD:   BEQ
TICK:    391  UPC:  0  PHASE: B_EX      PC: 0011  IR: 800C6805  CMD:   BEQ  A: 00000069  B: 0000000A
TICK:    392  UPC:  2  PHASE: FETCH     PC: 0012  IR: 51D50001  CMD:  ADDI
TICK:    393  UPC:  0  PHASE: I_EX      PC: 0012  IR: 51D50001  CMD:  ADDI  A: 000000F0  B: 00000001  ALU: 000000F1
TICK:    394  UPC:  1  PHASE: FETCH     PC: 0013  IR: 19EEB000  CMD:   ADD
TICK:    395  UPC:  0  PHASE: R_EX      PC: 0013  IR: 19EEB000  CMD:   ADD  A: 000000F1  B: 00000002  ALU: 000000F3
TICK:    396  UPC:  5  PHASE: FETCH     PC: 0014  IR: 098F0000  CMD:    SW
TICK:    397  UPC: 18  PHASE: S_EX1     PC: 0014  IR: 098F0000  CMD:    SW  A: 000000F3  B: 00000000
TICK:    398  UPC:  0  PHASE: S_EX2     PC: 0014  IR: 098F0000  CMD:    SW  A: 000000F3  B: 00000000
TICK:    399  UPC:  2  PHASE: FETCH     PC: 0015  IR: 52D60001  CMD:  ADDI
TICK:    400  UPC:  0  PHASE: I_EX      PC: 0015  IR: 52D60001  CMD:  ADDI  A: 00000002  B: 00000001  ALU: 00000003
TICK:    401  UPC:  7  PHASE: FETCH     PC: 0016  IR: A000000D  CMD:     J
TICK:    402  UPC:  0  PHASE: J_EX      PC: 000D  IR: A000000D  CMD:     J
TICK:    403  UPC:  3  PHASE: FETCH     PC: 000E  IR: 058007F0  CMD:    LW
TICK:    404  UPC:  4  PHASE: L_EX1     PC: 000E  IR: 058007F0  CMD:    LW  A: 00000000  B: -0000010  ALU: FFFFFFF0
TICK:    405  UPC: 17  PHASE: L_EX2     PC: 000E  IR: 058007F0  CMD:    LW  A: 00000000  B: -0000010  MDR: 00000063
TICK:    406  UPC:  0  PHASE: L_EX3     PC: 000E  IR: 058007F0  CMD:    LW  A: 00000000  B: -0000010
TICK:    407  UPC:  6  PHASE: FETCH     PC: 000F  IR: 800C0007  CMD:   BEQ
TICK:    408  UPC:  0  PHASE: B_EX      PC: 000F  IR: 800C0007  CMD:   BEQ  A: 00000063  B: 00000000
TICK:    409  UPC:  2  PHASE: FETCH     PC: 0010  IR: 51A0000A  CMD:  ADDI
TICK:    410  UPC:  0  PHASE: I_EX      PC: 0010  IR: 51A0000A  CMD:  ADDI  A: 00000000  B: 0000000A  ALU: 0000000A
TICK:    411  UPC:  6  PHASE: FETCH     PC: 0011  IR: 800C6805  CMD:   BEQ
TICK:    412  UPC:  0  PHASE: B_EX      PC: 0011  IR: 800C6805  CMD:   BEQ  A: 00000063  B: 0000000A
TICK:    413  UPC:  2  PHASE: FETCH     PC: 0012  IR: 51D50001  CMD:  ADDI
TICK:    414  UPC:  0  PHASE: I_EX      PC: 0012  IR: 51D50001  CMD:  ADDI  A: 000000F0  B: 00000001  ALU: 000000F1
TICK:    415  UPC:  1  PHASE: FETCH     PC: 0013  IR: 19EEB000  CMD:   ADD
TICK:    416  UPC:  0  PHASE: R_EX      PC: 0013  IR: 19EEB000  CMD:   ADD  A: 000000F1  B: 00000003  ALU: 000000F4
TICK:    417  UPC:  5  PHASE: FETCH     PC: 0014  IR: 098F0000  CMD:    SW
TICK:    418  UPC: 18  PHASE: S_EX1     PC: 0014  IR: 098F0000  CMD:    SW  A: 000000F4  B: 00000000
TICK:    419  UPC:  0  PHASE: S_EX2     PC: 0014  IR: 098F0000  CMD:    SW  A: 000000F4  B: 00000000
TICK:    420  UPC:  2  PHASE: FETCH     PC: 0015  IR: 52D60001  CMD:  ADDI
TICK:    421  UPC:  0  PHASE: I_EX      PC: 0015  IR: 52D60001  CMD:  ADDI  A: 00000003  B: 00000001  ALU: 00000004
TICK:    422  UPC:  7  PHASE: FETCH     PC: 0016  IR: A000000D  CMD:     J
TICK:    423  UPC:  0  PHASE: J_EX      PC: 000D  IR: A000000D  CMD:     J
TICK:    424  UPC:  3  PHASE: FETCH     PC: 000E  IR: 058007F0  CMD:    LW
TICK:    425  UPC:  4  PHASE: L_EX1     PC: 000E  IR: 058007F0  CMD:    LW  A: 00000000  B: -0000010  ALU: FFFFFFF0
TICK:    426  UPC: 17  PHASE: L_EX2     PC: 000E  IR: 058007F0  CMD:    LW  A: 00000000  B: -0000010  MDR: 00000065
TICK:    427  UPC:  0  PHASE: L_EX3     PC: 000E  IR: 058007F0  CMD:    LW  A: 00000000  B: -0000010
TICK:    428  UPC:  6  PHASE: FETCH     PC: 000F  IR: 800C0007  CMD:   BEQ
TICK:    429  UPC:  0  PHASE: B_EX      PC: 000F  IR: 800C0007  CMD:   BEQ  A: 00000065  B: 00000000
TICK:    430  UPC:  2  PHASE: FETCH     PC: 0010  IR: 51A0000A  CMD:  ADDI
TICK:    431  UPC:  0  PHASE: I_EX      PC: 0010  IR: 51A0000A  CMD:  ADDI  A: 00000000  B: 0000000A  ALU: 0000000A
TICK:    432  UPC:  6  PHASE: FETCH     PC: 0011  IR: 800C6805  CMD:   BEQ
TICK:    433  UPC:  0  PHASE: B_EX      PC: 0011  IR: 800C6805  CMD:   BEQ  A: 00000065  B: 0000000A
TICK:    434  UPC:  2  PHASE: FETCH     PC: 0012  IR: 51D50001  CMD:  ADDI
TICK:    435  UPC:  0  PHASE: I_EX      PC: 0012  IR: 51D50001  CMD:  ADDI  A: 000000F0  B: 00000001  ALU: 000000F1
TICK:    436  UPC:  1  PHASE: FETCH     PC: 0013  IR: 19EEB000  CMD:   ADD
TICK:    437  UPC:  0  PHASE: R_EX      PC: 0013  IR: 19EEB000  CMD:   ADD  A: 000000F1  B: 00000004  ALU: 000000F5
TICK:    438  UPC:  5  PHASE: FETCH     PC: 0014  IR: 098F0000  CMD:    SW
TICK:    439  UPC: 18  PHASE: S_EX1     PC: 0014  IR: 098F0000  CMD:    SW  A: 000000F5  B: 00000000
TICK:    440  UPC:  0  PHASE: S_EX2     PC: 0014  IR: 098F0000  CMD:    SW  A: 000000F5  B: 00000000
TICK:    441  UPC:  2  PHASE: FETCH     PC: 0015  IR: 52D60001  CMD:  ADDI
TICK:    442  UPC:  0  PHASE: I_EX      PC: 0015  IR: 52D60001  CMD:  ADDI  A: 00000004  B: 00000001  ALU: 00000005
TICK:    443  UPC:  7  PHASE: FETCH     PC: 0016  IR: A000000D  CMD:     J
TICK:    444  UPC:  0  PHASE: J_EX      PC: 000D  IR: A000000D  CMD:     J
TICK:    445  UPC:  3  PHASE: FETCH     PC: 000E  IR: 058007F0  CMD:    LW
TICK:    446  UPC:  4  PHASE: L_EX1     PC: 000E  IR: 058007F0  CMD:    LW  A: 00000000  B: -0000010  ALU: FFFFFFF0
TICK:    447  UPC: 17  PHASE: L_EX2     PC: 000E  IR: 058007F0  CMD:    LW  A: 00000000  B: -0000010  MDR: 0000000A
TICK:    448  UPC:  0  PHASE: L_EX3     PC: 000E  IR: 058007F0  CMD:    LW  A: 00000000  B: -0000010
TICK:    449  UPC:  6  PHASE: FETCH     PC: 000F  IR: 800C0007  CMD:   BEQ
TICK:    450  UPC:  0  PHASE: B_EX      PC: 000F  IR: 800C0007  CMD:   BEQ  A: 0000000A  B: 00000000
TICK:    451  UPC:  2  PHASE: FETCH     PC: 0010  IR: 51A0000A  CMD:  ADDI
TICK:    452  UPC:  0  PHASE: I_EX      PC: 0010  IR: 51A0000A  CMD:  ADDI  A: 00000000  B: 0000000A  ALU: 0000000A
TICK:    453  UPC:  6  PHASE: FETCH     PC: 0011  IR: 800C6805  CMD:   BEQ
TICK:    454  UPC:  0  PHASE: B_EX      PC: 0016  IR: 800C6805  CMD:   BEQ  A: 0000000A  B: 0000000A
TICK:    455  UPC:  5  PHASE: FETCH     PC: 0017  IR: 0AD50000  CMD:    SW
TICK:    456  UPC: 18  PHASE: S_EX1     PC: 0017  IR: 0AD50000  CMD:    SW  A: 000000F0  B: 00000000
TICK:    457  UPC:  0  PHASE: S_EX2     PC: 0017  IR: 0AD50000  CMD:    SW  A: 000000F0  B: 00000000
TICK:    458  UPC:  2  PHASE: FETCH     PC: 0018  IR: 524000DC  CMD:  ADDI
TICK:    459  UPC:  0  PHASE: I_EX      PC: 0018  IR: 524000DC  CMD:  ADDI  A: 00000000  B: 000000DC  ALU: 000000DC
TICK:    460  UPC:  3  PHASE: FETCH     PC: 0019  IR: 06720000  CMD:    LW
TICK:    461  UPC:  4  PHASE: L_EX1     PC: 0019  IR: 06720000  CMD:    LW  A: 000000DC  B: 00000000  ALU: 000000DC
TICK:    462  UPC: 17  PHASE: L_EX2     PC: 0019  IR: 06720000  CMD:    LW  A: 000000DC  B: 00000000  MDR: 00000007
TICK:    463  UPC:  0  PHASE: L_EX3     PC: 0019  IR: 06720000  CMD:    LW  A: 000000DC  B: 00000000
TICK:    464  UPC:  2  PHASE: FETCH     PC: 001A  IR: 52800000  CMD:  ADDI
TICK:    465  UPC:  0  PHASE: I_EX      PC: 001A  IR: 52800000  CMD:  ADDI  A: 00000000  B: 00000000  ALU: 00000000
TICK:    466  UPC:  6  PHASE: FETCH     PC: 001B  IR: 94149806  CMD:   BGE
TICK:    467  UPC:  0  PHASE: B_EX      PC: 001B  IR: 94149806  CMD:   BGE  A: 00000000  B: 00000007
TICK:    468  UPC:  2  PHASE: FETCH     PC: 001C  IR: 51920001  CMD:  ADDI
TICK:    469  UPC:  0  PHASE: I_EX      PC: 001C  IR: 51920001  CMD:  ADDI  A: 000000DC  B: 00000001  ALU: 000000DD
TICK:    470  UPC:  1  PHASE: FETCH     PC: 001D  IR: 19ACA000  CMD:   ADD
TICK:    471  UPC:  0  PHASE: R_EX      PC: 001D  IR: 19ACA000  CMD:   ADD  A: 000000DD  B: 00000000  ALU: 000000DD
TICK:    472  UPC:  3  PHASE: FETCH     PC: 001E  IR: 05CD0000  CMD:    LW
TICK:    473  UPC:  4  PHASE: L_EX1     PC: 001E  IR: 05CD0000  CMD:    LW  A: 000000DD  B: 00000000  ALU: 000000DD
TICK:    474  UPC: 17  PHASE: L_EX2     PC: 001E  IR: 05CD0000  CMD:    LW  A: 000000DD  B: 00000000  MDR: 00000048
TICK:    475  UPC:  0  PHASE: L_EX3     PC: 001E  IR: 05CD0000  CMD:    LW  A: 000000DD  B: 00000000
TICK:    476  UPC:  5  PHASE: FETCH     PC: 001F  IR: 09C007F4  CMD:    SW
TICK:    477  UPC: 18  PHASE: S_EX1     PC: 001F  IR: 09C007F4  CMD:    SW  A: 00000000  B: -000000C
TICK:    478  UPC:  0  PHASE: S_EX2     PC: 001F  IR: 09C007F4  CMD:    SW  A: 00000000  B: -000000C
TICK:    479  UPC:  2  PHASE: FETCH     PC: 0020  IR: 52940001  CMD:  ADDI
TICK:    480  UPC:  0  PHASE: I_EX      PC: 0020  IR: 52940001  CMD:  ADDI  A: 00000000  B: 00000001  ALU: 00000001
TICK:    481  UPC:  7  PHASE: FETCH     PC: 0021  IR: A000001A  CMD:     J
TICK:    482  UPC:  0  PHASE: J_EX      PC: 001A  IR: A000001A  CMD:     J
TICK:    483  UPC:  6  PHASE: FETCH     PC: 001B  IR: 94149806  CMD:   BGE
TICK:    484  UPC:  0  PHASE: B_EX      PC: 001B  IR: 94149806  CMD:   BGE  A: 00000001  B: 00000007
TICK:    485  UPC:  2  PHASE: FETCH     PC: 001C  IR: 51920001  CMD:  ADDI
TICK:    486  UPC:  0  PHASE: I_EX      PC: 001C  IR: 51920001  CMD:  ADDI  A: 000000DC  B: 00000001  ALU: 000000DD
TICK:    487  UPC:  1  PHASE: FETCH     PC: 001D  IR: 19ACA000  CMD:   ADD
TICK:    488  UPC:  0  PHASE: R_EX      PC: 001D  IR: 19ACA000  CMD:   ADD  A: 000000DD  B: 00000001  ALU: 000000DE
TICK:    489  UPC:  3  PHASE: FETCH     PC: 001E  IR: 05CD0000  CMD:    LW
TICK:    490  UPC:  4  PHASE: L_EX1     PC: 001E  IR: 05CD0000  CMD:    LW  A: 000000DE  B: 00000000  ALU: 000000DE
TICK:    491  UPC: 17  PHASE: L_EX2     PC: 001E  IR: 05CD0000  CMD:    LW  A: 000000DE  B: 00000000  MDR: 00000065
TICK:    492  UPC:  0  PHASE: L_EX3     PC: 001E  IR: 05CD0000  CMD:    LW  A: 000000DE  B: 00000000
TICK:    493  UPC:  5  PHASE: FETCH     PC: 001F  IR: 09C007F4  CMD:    SW
TICK:    494  UPC: 18  PHASE: S_EX1     PC: 001F  IR: 09C007F4  CMD:    SW  A: 00000000  B: -000000C
TICK:    495  UPC:  0  PHASE: S_EX2     PC: 001F  IR: 09C007F4  CMD:    SW  A: 00000000  B: -000000C
TICK:    496  UPC:  2  PHASE: FETCH     PC: 0020  IR: 52940001  CMD:  ADDI
TICK:    497  UPC:  0  PHASE: I_EX      PC: 0020  IR: 52940001  CMD:  ADDI  A: 00000001  B: 00000001  ALU: 00000002
TICK:    498  UPC:  7  PHASE: FETCH     PC: 0021  IR: A000001A  CMD:     J
TICK:    499  UPC:  0  PHASE: J_EX      PC: 001A  IR: A000001A  CMD:     J
TICK:    500  UPC:  6  PHASE: FETCH     PC: 001B  IR: 94149806  CMD:   BGE
TICK:    501  UPC:  0  PHASE: B_EX      PC: 001B  IR: 94149806  CMD:   BGE  A: 00000002  B: 00000007
TICK:    502  UPC:  2  PHASE: FETCH     PC: 001C  IR: 51920001  CMD:  ADDI
TICK:    503  UPC:  0  PHASE: I_EX      PC: 001C  IR: 51920001  CMD:  ADDI  A: 000000DC  B: 00000001  ALU: 000000DD
TICK:    504  UPC:  1  PHASE: FETCH     PC: 001D  IR: 19ACA000  CMD:   ADD
TICK:    505  UPC:  0  PHASE: R_EX      PC: 001D  IR: 19ACA000  CMD:   ADD  A: 000000DD  B: 00000002  ALU: 000000DF
TICK:    506  UPC:  3  PHASE: FETCH     PC: 001E  IR: 05CD0000  CMD:    LW
TICK:    507  UPC:  4  PHASE: L_EX1     PC: 001E  IR: 05CD0000  CMD:    LW  A: 000000DF  B: 00000000  ALU: 000000DF
TICK:    508  UPC: 17  PHASE: L_EX2     PC: 001E  IR: 05CD0000  CMD:    LW  A: 000000DF  B: 00000000  MDR: 0000006C
TICK:    509  UPC:  0  PHASE: L_EX3     PC: 001E  IR: 05CD0000  CMD:    LW  A: 000000DF  B: 00000000
TICK:    510  UPC:  5  PHASE: FETCH     PC: 001F  IR: 09C007F4  CMD:    SW
TICK:    511  UPC: 18  PHASE: S_EX1     PC: 001F  IR: 09C007F4  CMD:    SW  A: 00000000  B: -000000C
TICK:    512  UPC:  0  PHASE: S_EX2     PC: 001F  IR: 09C007F4  CMD:    SW  A: 00000000  B: -000000C
TICK:    513  UPC:  2  PHASE: FETCH     PC: 0020  IR: 52940001  CMD:  ADDI
TICK:    514  UPC:  0  PHASE: I_EX      PC: 0020  IR: 52940001  CMD:  ADDI  A: 00000002  B: 00000001  ALU: 00000003
TICK:    515  UPC:  7  PHASE: FETCH     PC: 0021  IR: A000001A  CMD:     J
TICK:    516  UPC:  0  PHASE: J_EX      PC: 001A  IR: A000001A  CMD:     J
TICK:    517  UPC:  6  PHASE: FETCH     PC: 001B  IR: 94149806  CMD:   BGE
TICK:    518  UPC:  0  PHASE: B_EX      PC: 001B  IR: 94149806  CMD:   BGE  A: 00000003  B: 00000007
TICK:    519  UPC:  2  PHASE: FETCH     PC: 001C  IR: 51920001  CMD:  ADDI
TICK:    520  UPC:  0  PHASE: I_EX      PC: 001C  IR: 51920001  CMD:  ADDI  A: 000000DC  B: 00000001  ALU: 000000DD
TICK:    521  UPC:  1  PHASE: FETCH     PC: 001D  IR: 19ACA000  CMD:   ADD
TICK:    522  UPC:  0  PHASE: R_EX      PC: 001D  IR: 19ACA000  CMD:   ADD  A: 000000DD  B: 00000003  ALU: 000000E0
TICK:    523  UPC:  3  PHASE: FETCH     PC: 001E  IR: 05CD0000  CMD:    LW
TICK:    524  UPC:  4  PHASE: L_EX1     PC: 001E  IR: 05CD0000  CMD:    LW  A: 000000E0  B: 00000000  ALU: 000000E0
TICK:    525  UPC: 17  PHASE: L_EX2     PC: 001E  IR: 05CD0000  CMD:    LW  A: 000000E0  B: 00000000  MDR: 0000006C
TICK:    526  UPC:  0  PHASE: L_EX3     PC: 001E  IR: 05CD0000  CMD:    LW  A: 000000E0  B: 00000000
TICK:    527  UPC:  5  PHASE: FETCH     PC: 001F  IR: 09C007F4  CMD:    SW
TICK:    528  UPC: 18  PHASE: S_EX1     PC: 001F  IR: 09C007F4  CMD:    SW  A: 00000000  B: -000000C
TICK:    529  UPC:  0  PHASE: S_EX2     PC: 001F  IR: 09C007F4  CMD:    SW  A: 00000000  B: -000000C
TICK:    530  UPC:  2  PHASE: FETCH     PC: 0020  IR: 52940001  CMD:  ADDI
TICK:    531  UPC:  0  PHASE: I_EX      PC: 0020  IR: 52940001  CMD:  ADDI  A: 00000003  B: 00000001  ALU: 00000004
TICK:    532  UPC:  7  PHASE: FETCH     PC: 0021  IR: A000001A  CMD:     J
TICK:    533  UPC:  0  PHASE: J_EX      PC: 001A  IR: A000001A  CMD:     J
TICK:    534  UPC:  6  PHASE: FETCH     PC: 001B  IR: 94149806  CMD:   BGE
TICK:    535  UPC:  0  PHASE: B_EX      PC: 001B  IR: 94149806  CMD:   BGE  A: 00000004  B: 00000007
TICK:    536  UPC:  2  PHASE: FETCH     PC: 001C  IR: 51920001  CMD:  ADDI
TICK:    537  UPC:  0  PHASE: I_EX      PC: 001C  IR: 51920001  CMD:  ADDI  A: 000000DC  B: 00000001  ALU: 000000DD
TICK:    538  UPC:  1  PHASE: FETCH     PC: 001D  IR: 19ACA000  CMD:   ADD
TICK:    539  UPC:  0  PHASE: R_EX      PC: 001D  IR: 19ACA000  CMD:   ADD  A: 000000DD  B: 00000004  ALU: 000000E1
TICK:    540  UPC:  3  PHASE: FETCH     PC: 001E  IR: 05CD0000  CMD:    LW
TICK:    541  UPC:  4  PHASE: L_EX1     PC: 001E  IR: 05CD0000  CMD:    LW  A: 000000E1  B: 00000000  ALU: 000000E1
TICK:    542  UPC: 17  PHASE: L_EX2     PC: 001E  IR: 05CD0000  CMD:    LW  A: 000000E1  B: 00000000  MDR: 0000006F
TICK:    543  UPC:  0  PHASE: L_EX3     PC: 001E  IR: 05CD0000  CMD:    LW  A: 000000E1  B: 00000000
TICK:    544  UPC:  5  PHASE: FETCH     PC: 001F  IR: 09C007F4  CMD:    SW
TICK:    545  UPC: 18  PHASE: S_EX1     PC: 001F  IR: 09C007F4  CMD:    SW  A: 00000000  B: -000000C
TICK:    546  UPC:  0  PHASE: S_EX2     PC: 001F  IR: 09C007F4  CMD:    SW  A: 00000000  B: -000000C
TICK:    547  UPC:  2  PHASE: FETCH     PC: 0020  IR: 52940001  CMD:  ADDI
TICK:    548  UPC:  0  PHASE: I_EX      PC: 0020  IR: 52940001  CMD:  ADDI  A: 00000004  B: 00000001  ALU: 00000005
TICK:    549  UPC:  7  PHASE: FETCH     PC: 0021  IR: A000001A  CMD:     J
TICK:    550  UPC:  0  PHASE: J_EX      PC: 001A  IR: A000001A  CMD:     J
TICK:    551  UPC:  6  PHASE: FETCH     PC: 001B  IR: 94149806  CMD:   BGE
TICK:    552  UPC:  0  PHASE: B_EX      PC: 001B  IR: 94149806  CMD:   BGE  A: 00000005  B: 00000007
TICK:    553  UPC:  2  PHASE: FETCH     PC: 001C  IR: 51920001  CMD:  ADDI
TICK:    554  UPC:  0  PHASE: I_EX      PC: 001C  IR: 51920001  CMD:  ADDI  A: 000000DC  B: 00000001  ALU: 000000DD
TICK:    555  UPC:  1  PHASE: FETCH     PC: 001D  IR: 19ACA000  CMD:   ADD
TICK:    556  UPC:  0  PHASE: R_EX      PC: 001D  IR: 19ACA000  CMD:   ADD  A: 000000DD  B: 00000005  ALU: 000000E2
TICK:    557  UPC:  3  PHASE: FETCH     PC: 001E  IR: 05CD0000  CMD:    LW
TICK:    558  UPC:  4  PHASE: L_EX1     PC: 001E  IR: 05CD0000  CMD:    LW  A: 000000E2  B: 00000000  ALU: 000000E2
TICK:    559  UPC: 17  PHASE: L_EX2     PC: 001E  IR: 05CD0000  CMD:    LW  A: 000000E2  B: 00000000  MDR: 0000002C
TICK:    560  UPC:  0  PHASE: L_EX3     PC: 001E  IR: 05CD0000  CMD:    LW  A: 000000E2  B: 00000000
TICK:    561  UPC:  5  PHASE: FETCH     PC: 001F  IR: 09C007F4  CMD:    SW
TICK:    562  UPC: 18  PHASE: S_EX1     PC: 001F  IR: 09C007F4  CMD:    SW  A: 00000000  B: -000000C
TICK:    563  UPC:  0  PHASE: S_EX2     PC: 001F  IR: 09C007F4  CMD:    SW  A: 00000000  B: -000000C
TICK:    564  UPC:  2  PHASE: FETCH     PC: 0020  IR: 52940001  CMD:  ADDI
TICK:    565  UPC:  0  PHASE: I_EX      PC: 0020  IR: 52940001  CMD:  ADDI  A: 00000005  B: 00000001  ALU: 00000006
TICK:    566  UPC:  7  PHASE: FETCH     PC: 0021  IR: A000001A  CMD:     J
TICK:    567  UPC:  0  PHASE: J_EX      PC: 001A  IR: A000001A  CMD:     J
TICK:    568  UPC:  6  PHASE: FETCH     PC: 001B  IR: 94149806  CMD:   BGE
TICK:    569  UPC:  0  PHASE: B_EX      PC: 001B  IR: 94149806  CMD:   BGE  A: 00000006  B: 00000007
TICK:    570  UPC:  2  PHASE: FETCH     PC: 001C  IR: 51920001  CMD:  ADDI
TICK:    571  UPC:  0  PHASE: I_EX      PC: 001C  IR: 51920001  CMD:  ADDI  A: 000000DC  B: 00000001  ALU: 000000DD
TICK:    572  UPC:  1  PHASE: FETCH     PC: 001D  IR: 19ACA000  CMD:   ADD
TICK:    573  UPC:  0  PHASE: R_EX      PC: 001D  IR: 19ACA000  CMD:   ADD  A: 000000DD  B: 00000006  ALU: 000000E3
TICK:    574  UPC:  3  PHASE: FETCH     PC: 001E  IR: 05CD0000  CMD:    LW
TICK:    575  UPC:  4  PHASE: L_EX1     PC: 001E  IR: 05CD0000  CMD:    LW  A: 000000E3  B: 00000000  ALU: 000000E3
TICK:    576  UPC: 17  PHASE: L_EX2     PC: 001E  IR: 05CD0000  CMD:    LW  A: 000000E3  B: 00000000  MDR: 00000020
TICK:    577  UPC:  0  PHASE: L_EX3     PC: 001E  IR: 05CD0000  CMD:    LW  A: 000000E3  B: 00000000
TICK:    578  UPC:  5  PHASE: FETCH     PC: 001F  IR: 09C007F4  CMD:    SW
TICK:    579  UPC: 18  PHASE: S_EX1     PC: 001F  IR: 09C007F4  CMD:    SW  A: 00000000  B: -000000C
TICK:    580  UPC:  0  PHASE: S_EX2     PC: 001F  IR: 09C007F4  CMD:    SW  A: 00000000  B: -000000C
TICK:    581  UPC:  2  PHASE: FETCH     PC: 0020  IR: 52940001  CMD:  ADDI
TICK:    582  UPC:  0  PHASE: I_EX      PC: 0020  IR: 52940001  CMD:  ADDI  A: 00000006  B: 00000001  ALU: 00000007
TICK:    583  UPC:  7  PHASE: FETCH     PC: 0021  IR: A000001A  CMD:     J
TICK:    584  UPC:  0  PHASE: J_EX      PC: 001A  IR: A000001A  CMD:     J
TICK:    585  UPC:  6  PHASE: FETCH     PC: 001B  IR: 94149806  CMD:   BGE
TICK:    586  UPC:  0  PHASE: B_EX      PC: 0021  IR: 94149806  CMD:   BGE  A: 00000007  B: 00000007
TICK:    587  UPC:  2  PHASE: FETCH     PC: 0022  IR: 52800000  CMD:  ADDI
TICK:    588  UPC:  0  PHASE: I_EX      PC: 0022  IR: 52800000  CMD:  ADDI  A: 00000000  B: 00000000  ALU: 00000000
TICK:    589  UPC:  6  PHASE: FETCH     PC: 0023  IR: 9414B006  CMD:   BGE
TICK:    590  UPC:  0  PHASE: B_EX      PC: 0023  IR: 9414B006  CMD:   BGE  A: 00000000  B: 00000005
TICK:    591  UPC:  2  PHASE: FETCH     PC: 0024  IR: 51950001  CMD:  ADDI
TICK:    592  UPC:  0  PHASE: I_EX      PC: 0024  IR: 51950001  CMD:  ADDI  A: 000000F0  B: 00000001  ALU: 000000F1
TICK:    593  UPC:  1  PHASE: FETCH     PC: 0025  IR: 19ACA000  CMD:   ADD
TICK:    594  UPC:  0  PHASE: R_EX      PC: 0025  IR: 19ACA000  CMD:   ADD  A: 000000F1  B: 00000000  ALU: 000000F1
TICK:    595  UPC:  3  PHASE: FETCH     PC: 0026  IR: 05CD0000  CMD:    LW
TICK:    596  UPC:  4  PHASE: L_EX1     PC: 0026  IR: 05CD0000  CMD:    LW  A: 000000F1  B: 00000000  ALU: 000000F1
TICK:    597  UPC: 17  PHASE: L_EX2     PC: 0026  IR: 05CD0000  CMD:    LW  A: 000000F1  B: 00000000  MDR: 00000041
TICK:    598  UPC:  0  PHASE: L_EX3     PC: 0026  IR: 05CD0000  CMD:    LW  A: 000000F1  B: 00000000
TICK:    599  UPC:  5  PHASE: FETCH     PC: 0027  IR: 09C007F4  CMD:    SW
TICK:    600  UPC: 18  PHASE: S_EX1     PC: 0027  IR: 09C007F4  CMD:    SW  A: 00000000  B: -000000C
TICK:    601  UPC:  0  PHASE: S_EX2     PC: 0027  IR: 09C007F4  CMD:    SW  A: 00000000  B: -000000C
TICK:    602  UPC:  2  PHASE: FETCH     PC: 0028  IR: 52940001  CMD:  ADDI
TICK:    603  UPC:  0  PHASE: I_EX      PC: 0028  IR: 52940001  CMD:  ADDI  A: 00000000  B: 00000001  ALU: 00000001
TICK:    604  UPC:  7  PHASE: FETCH     PC: 0029  IR: A0000022  CMD:     J
TICK:    605  UPC:  0  PHASE: J_EX      PC: 0022  IR: A0000022  CMD:     J
TICK:    606  UPC:  6  PHASE: FETCH     PC: 0023  IR: 9414B006  CMD:   BGE
TICK:    607  UPC:  0  PHASE: B_EX      PC: 0023  IR: 9414B006  CMD:   BGE  A: 00000001  B: 00000005
TICK:    608  UPC:  2  PHASE: FETCH     PC: 0024  IR: 51950001  CMD:  ADDI
TICK:    609  UPC:  0  PHASE: I_EX      PC: 0024  IR: 51950001  CMD:  ADDI  A: 000000F0  B: 00000001  ALU: 000000F1
TICK:    610  UPC:  1  PHASE: FETCH     PC: 0025  IR: 19ACA000  CMD:   ADD
TICK:    611  UPC:  0  PHASE: R_EX      PC: 0025  IR: 19ACA000  CMD:   ADD  A: 000000F1  B: 00000001  ALU: 000000F2
TICK:    612  UPC:  3  PHASE: FETCH     PC: 0026  IR: 05CD0000  CMD:    LW
TICK:    613  UPC:  4  PHASE: L_EX1     PC: 0026  IR: 05CD0000  CMD:    LW  A: 000000F2  B: 00000000  ALU: 000000F2
TICK:    614  UPC: 17  PHASE: L_EX2     PC: 0026  IR: 05CD0000  CMD:    LW  A: 000000F2  B: 00000000  MDR: 0000006C
TICK:    615  UPC:  0  PHASE: L_EX3     PC: 0026  IR: 05CD0000  CMD:    LW  A: 000000F2  B: 00000000
TICK:    616  UPC:  5  PHASE: FETCH     PC: 0027  IR: 09C007F4  CMD:    SW
TICK:    617  UPC: 18  PHASE: S_EX1     PC: 0027  IR: 09C007F4  CMD:    SW  A: 00000000  B: -000000C
TICK:    618  UPC:  0  PHASE: S_EX2     PC: 0027  IR: 09C007F4  CMD:    SW  A: 00000000  B: -000000C
TICK:    619  UPC:  2  PHASE: FETCH     PC: 0028  IR: 52940001  CMD:  ADDI
TICK:    620  UPC:  0  PHASE: I_EX      PC: 0028  IR: 52940001  CMD:  ADDI  A: 00000001  B: 00000001  ALU: 00000002
TICK:    621  UPC:  7  PHASE: FETCH     PC: 0029  IR: A0000022  CMD:     J
TICK:    622  UPC:  0  PHASE: J_EX      PC: 0022  IR: A0000022  CMD:     J
TICK:    623  UPC:  6  PHASE: FETCH     PC: 0023  IR: 9414B006  CMD:   BGE
TICK:    624  UPC:  0  PHASE: B_EX      PC: 0023  IR: 9414B006  CMD:   BGE  A: 00000002  B: 00000005
TICK:    625  UPC:  2  PHASE: FETCH     PC: 0024  IR: 51950001  CMD:  ADDI
TICK:    626  UPC:  0  PHASE: I_EX      PC: 0024  IR: 51950001  CMD:  ADDI  A: 000000F0  B: 00000001  ALU: 000000F1
TICK:    627  UPC:  1  PHASE: FETCH     PC: 0025  IR: 19ACA000  CMD:   ADD
TICK:    628  UPC:  0  PHASE: R_EX      PC: 0025  IR: 19ACA000  CMD:   ADD  A: 000000F1  B: 00000002  ALU: 000000F3
TICK:    629  UPC:  3  PHASE: FETCH     PC: 0026  IR: 05CD0000  CMD:    LW
TICK:    630  UPC:  4  PHASE: L_EX1     PC: 0026  IR: 05CD0000  CMD:    LW  A: 000000F3  B: 00000000  ALU: 000000F3
TICK:    631  UPC: 17  PHASE: L_EX2     PC: 0026  IR: 05CD0000  CMD:    LW  A: 000000F3  B: 00000000  MDR: 00000069
TICK:    632  UPC:  0  PHASE: L_EX3     PC: 0026  IR: 05CD0000  CMD:    LW  A: 000000F3  B: 00000000
TICK:    633  UPC:  5  PHASE: FETCH     PC: 0027  IR: 09C007F4  CMD:    SW
TICK:    634  UPC: 18  PHASE: S_EX1     PC: 0027  IR: 09C007F4  CMD:    SW  A: 00000000  B: -000000C
TICK:    635  UPC:  0  PHASE: S_EX2     PC: 0027  IR: 09C007F4  CMD:    SW  A: 00000000  B: -000000C
TICK:    636  UPC:  2  PHASE: FETCH     PC: 0028  IR: 52940001  CMD:  ADDI
TICK:    637  UPC:  0  PHASE: I_EX      PC: 0028  IR: 52940001  CMD:  ADDI  A: 00000002  B: 00000001  ALU: 00000003
TICK:    638  UPC:  7  PHASE: FETCH     PC: 0029  IR: A0000022  CMD:     J
TICK:    639  UPC:  0  PHASE: J_EX      PC: 0022  IR: A0000022  CMD:     J
TICK:    640  UPC:  6  PHASE: FETCH     PC: 0023  IR: 9414B006  CMD:   BGE
TICK:    641  UPC:  0  PHASE: B_EX      PC: 0023  IR: 9414B006  CMD:   BGE  A: 00000003  B: 00000005
TICK:    642  UPC:  2  PHASE: FETCH     PC: 0024  IR: 51950001  CMD:  ADDI
TICK:    643  UPC:  0  PHASE: I_EX      PC: 0024  IR: 51950001  CMD:  ADDI  A: 000000F0  B: 00000001  ALU: 000000F1
TICK:    644  UPC:  1  PHASE: FETCH     PC: 0025  IR: 19ACA000  CMD:   ADD
TICK:    645  UPC:  0  PHASE: R_EX      PC: 0025  IR: 19ACA000  CMD:   ADD  A: 000000F1  B: 00000003  ALU: 000000F4
TICK:    646  UPC:  3  PHASE: FETCH     PC: 0026  IR: 05CD0000  CMD:    LW
TICK:    647  UPC:  4  PHASE: L_EX1     PC: 0026  IR: 05CD0000  CMD:    LW  A: 000000F4  B: 00000000  ALU: 000000F4
TICK:    648  UPC: 17  PHASE: L_EX2     PC: 0026  IR: 05CD0000  CMD:    LW  A: 000000F4  B: 00000000  MDR: 00000063
TICK:    649  UPC:  0  PHASE: L_EX3     PC: 0026  IR: 05CD0000  CMD:    LW  A: 000000F4  B: 00000000
TICK:    650  UPC:  5  PHASE: FETCH     PC: 0027  IR: 09C007F4  CMD:    SW
TICK:    651  UPC: 18  PHASE: S_EX1     PC: 0027  IR: 09C007F4  CMD:    SW  A: 00000000  B: -000000C
TICK:    652  UPC:  0  PHASE: S_EX2     PC: 0027  IR: 09C007F4  CMD:    SW  A: 00000000  B: -000000C
TICK:    653  UPC:  2  PHASE: FETCH     PC: 0028  IR: 52940001  CMD:  ADDI
TICK:    654  UPC:  0  PHASE: I_EX      PC: 0028  IR: 52940001  CMD:  ADDI  A: 00000003  B: 00000001  ALU: 00000004
TICK:    655  UPC:  7  PHASE: FETCH     PC: 0029  IR: A0000022  CMD:     J
TICK:    656  UPC:  0  PHASE: J_EX      PC: 0022  IR: A0000022  CMD:     J
TICK:    657  UPC:  6  PHASE: FETCH     PC: 0023  IR: 9414B006  CMD:   BGE
TICK:    658  UPC:  0  PHASE: B_EX      PC: 0023  IR: 9414B006  CMD:   BGE  A: 00000004  B: 00000005
TICK:    659  UPC:  2  PHASE: FETCH     PC: 0024  IR: 51950001  CMD:  ADDI
TICK:    660  UPC:  0  PHASE: I_EX      PC: 0024  IR: 51950001  CMD:  ADDI  A: 000000F0  B: 00000001  ALU: 000000F1
TICK:    661  UPC:  1  PHASE: FETCH     PC: 0025  IR: 19ACA000  CMD:   ADD
TICK:    662  UPC:  0  PHASE: R_EX      PC: 0025  IR: 19ACA000  CMD:   ADD  A: 000000F1  B: 00000004  ALU: 000000F5
TICK:    663  UPC:  3  PHASE: FETCH     PC: 0026  IR: 05CD0000  CMD:    LW
TICK:    664  UPC:  4  PHASE: L_EX1     PC: 0026  IR: 05CD0000  CMD:    LW  A: 000000F5  B: 00000000  ALU: 000000F5
TICK:    665  UPC: 17  PHASE: L_EX2     PC: 0026  IR: 05CD0000  CMD:    LW  A: 000000F5  B: 00000000  MDR: 00000065
TICK:    666  UPC:  0  PHASE: L_EX3     PC: 0026  IR: 05CD0000  CMD:    LW  A: 000000F5  B: 00000000
TICK:    667  UPC:  5  PHASE: FETCH     PC: 0027  IR: 09C007F4  CMD:    SW
TICK:    668  UPC: 18  PHASE: S_EX1     PC: 0027  IR: 09C007F4  CMD:    SW  A: 00000000  B: -000000C
TICK:    669  UPC:  0  PHASE: S_EX2     PC: 0027  IR: 09C007F4  CMD:    SW  A: 00000000  B: -000000C
TICK:    670  UPC:  2  PHASE: FETCH     PC: 0028  IR: 52940001  CMD:  ADDI
TICK:    671  UPC:  0  PHASE: I_EX      PC: 0028  IR: 52940001  CMD:  ADDI  A: 00000004  B: 00000001  ALU: 00000005
TICK:    672  UPC:  7  PHASE: FETCH     PC: 0029  IR: A0000022  CMD:     J
TICK:    673  UPC:  0  PHASE: J_EX      PC: 0022  IR: A0000022  CMD:     J
TICK:    674  UPC:  6  PHASE: FETCH     PC: 0023  IR: 9414B006  CMD:   BGE
TICK:    675  UPC:  0  PHASE: B_EX      PC: 0029  IR: 9414B006  CMD:   BGE  A: 00000005  B: 00000005
TICK:    676  UPC:  2  PHASE: FETCH     PC: 002A  IR: 51800021  CMD:  ADDI
TICK:    677  UPC:  0  PHASE: I_EX      PC: 002A  IR: 51800021  CMD:  ADDI  A: 00000000  B: 00000021  ALU: 00000021
TICK:    678  UPC:  5  PHASE: FETCH     PC: 002B  IR: 098007F4  CMD:    SW
TICK:    679  UPC: 18  PHASE: S_EX1     PC: 002B  IR: 098007F4  CMD:    SW  A: 00000000  B: -000000C
TICK:    680  UPC:  0  PHASE: S_EX2     PC: 002B  IR: 098007F4  CMD:    SW  A: 00000000  B: -000000C
TICK:    681  UPC:  2  PHASE: FETCH     PC: 002C  IR: 5180000A  CMD:  ADDI
TICK:    682  UPC:  0  PHASE: I_EX      PC: 002C  IR: 5180000A  CMD:  ADDI  A: 00000000  B: 0000000A  ALU: 0000000A
TICK:    683  UPC:  5  PHASE: FETCH     PC: 002D  IR: 098007F4  CMD:    SW
TICK:    684  UPC: 18  PHASE: S_EX1     PC: 002D  IR: 098007F4  CMD:    SW  A: 00000000  B: -000000C
TICK:    685  UPC:  0  PHASE: S_EX2     PC: 002D  IR: 098007F4  CMD:    SW  A: 00000000  B: -000000C
TICK:    686  UPC: 12  PHASE: FETCH     PC: 002E  IR: FC000000  CMD:  HALT
TICK:    687  UPC: 12  PHASE: HALT_EX   PC: 002E  IR: FC000000  CMD:  HALT

Total ticks: 687
