TICK:      1 PHASE: EXECUTE PC: 0001 IR: 16400000 CMD:   LUI A: 00000000 B: 00000000 ALU: 00000000
TICK:      2 PHASE:   FETCH PC: 0001 IR: 16400000 CMD:   LUI
TICK:      3 PHASE: EXECUTE PC: 0002 IR: 525200C8 CMD:  ADDI A: 00000000 B: 00000000 ALU: 00000000
TICK:      4 PHASE:   FETCH PC: 0002 IR: 525200C8 CMD:  ADDI
TICK:      5 PHASE: EXECUTE PC: 0003 IR: 06720000 CMD:    LW A: 00000000 B: 00000000
TICK:      6 PHASE:   FETCH PC: 0003 IR: 06720000 CMD:    LW
TICK:      7 PHASE: EXECUTE PC: 0004 IR: 52800000 CMD:  ADDI A: 000000C8 B: 00000000 ALU: 000000C8
TICK:      8 PHASE:   FETCH PC: 0004 IR: 52800000 CMD:  ADDI
TICK:      9 PHASE: EXECUTE PC: 0005 IR: 94149806 CMD:   BGE A: 00000000 B: 00000000
TICK:     10 PHASE:   FETCH PC: 0005 IR: 94149806 CMD:   BGE
TICK:     11 PHASE: EXECUTE PC: 0006 IR: 51920001 CMD:  ADDI A: 00000000 B: 00000013 ALU: 00000000
TICK:     12 PHASE:   FETCH PC: 0006 IR: 51920001 CMD:  ADDI
TICK:     13 PHASE: EXECUTE PC: 0007 IR: 19ACA000 CMD:   ADD A: 000000C8 B: 00000013 ALU: 000000C9
TICK:     14 PHASE:   FETCH PC: 0007 IR: 19ACA000 CMD:   ADD
TICK:     15 PHASE: EXECUTE PC: 0008 IR: 05CD0000 CMD:    LW A: 000000C9 B: 00000000
TICK:     16 PHASE:   FETCH PC: 0008 IR: 05CD0000 CMD:    LW
TICK:     17 PHASE: EXECUTE PC: 0009 IR: 09C007F4 CMD:    SW A: 000000C9 B: 00000000
TICK:     18 PHASE:   FETCH PC: 0009 IR: 09C007F4 CMD:    SW
TICK:     19 PHASE: EXECUTE PC: 000A IR: 52940001 CMD:  ADDI A: 00000000 B: 00000000 ALU: FFFFFFF4
TICK:     20 PHASE:   FETCH PC: 000A IR: 52940001 CMD:  ADDI
TICK:     21 PHASE: EXECUTE PC: 000B IR: A0000004 CMD:     J
TICK:     22 PHASE:   FETCH PC: 0004 IR: A0000004 CMD:     J
TICK:     23 PHASE: EXECUTE PC: 0005 IR: 94149806 CMD:   BGE A: 00000000 B: 00000000
TICK:     24 PHASE:   FETCH PC: 0005 IR: 94149806 CMD:   BGE
TICK:     25 PHASE: EXECUTE PC: 0006 IR: 51920001 CMD:  ADDI A: 00000001 B: 00000013 ALU: 00000001
TICK:     26 PHASE:   FETCH PC: 0006 IR: 51920001 CMD:  ADDI
TICK:     27 PHASE: EXECUTE PC: 0007 IR: 19ACA000 CMD:   ADD A: 000000C8 B: 00000013 ALU: 000000C9
TICK:     28 PHASE:   FETCH PC: 0007 IR: 19ACA000 CMD:   ADD
TICK:     29 PHASE: EXECUTE PC: 0008 IR: 05CD0000 CMD:    LW A: 000000C9 B: 00000001
TICK:     30 PHASE:   FETCH PC: 0008 IR: 05CD0000 CMD:    LW
TICK:     31 PHASE: EXECUTE PC: 0009 IR: 09C007F4 CMD:    SW A: 000000CA B: 00000001
TICK:     32 PHASE:   FETCH PC: 0009 IR: 09C007F4 CMD:    SW
TICK:     33 PHASE: EXECUTE PC: 000A IR: 52940001 CMD:  ADDI A: 00000000 B: 00000001 ALU: FFFFFFF4
TICK:     34 PHASE:   FETCH PC: 000A IR: 52940001 CMD:  ADDI
TICK:     35 PHASE: EXECUTE PC: 000B IR: A0000004 CMD:     J
TICK:     36 PHASE:   FETCH PC: 0004 IR: A0000004 CMD:     J
TICK:     37 PHASE: EXECUTE PC: 0005 IR: 94149806 CMD:   BGE A: 00000001 B: 00000001
TICK:     38 PHASE:   FETCH PC: 0005 IR: 94149806 CMD:   BGE
TICK:     39 PHASE: EXECUTE PC: 0006 IR: 51920001 CMD:  ADDI A: 00000002 B: 00000013 ALU: 00000002
TICK:     40 PHASE:   FETCH PC: 0006 IR: 51920001 CMD:  ADDI
TICK:     41 PHASE: EXECUTE PC: 0007 IR: 19ACA000 CMD:   ADD A: 000000C8 B: 00000013 ALU: 000000C9
TICK:     42 PHASE:   FETCH PC: 0007 IR: 19ACA000 CMD:   ADD
TICK:     43 PHASE: EXECUTE PC: 0008 IR: 05CD0000 CMD:    LW A: 000000C9 B: 00000002
TICK:     44 PHASE:   FETCH PC: 0008 IR: 05CD0000 CMD:    LW
TICK:     45 PHASE: EXECUTE PC: 0009 IR: 09C007F4 CMD:    SW A: 000000CB B: 00000002
TICK:     46 PHASE:   FETCH PC: 0009 IR: 09C007F4 CMD:    SW
TICK:     47 PHASE: EXECUTE PC: 000A IR: 52940001 CMD:  ADDI A: 00000000 B: 00000002 ALU: FFFFFFF4
TICK:     48 PHASE:   FETCH PC: 000A IR: 52940001 CMD:  ADDI
TICK:     49 PHASE: EXECUTE PC: 000B IR: A0000004 CMD:     J
TICK:     50 PHASE:   FETCH PC: 0004 IR: A0000004 CMD:     J
TICK:     51 PHASE: EXECUTE PC: 0005 IR: 94149806 CMD:   BGE A: 00000002 B: 00000002
TICK:     52 PHASE:   FETCH PC: 0005 IR: 94149806 CMD:   BGE
TICK:     53 PHASE: EXECUTE PC: 0006 IR: 51920001 CMD:  ADDI A: 00000003 B: 00000013 ALU: 00000003
TICK:     54 PHASE:   FETCH PC: 0006 IR: 51920001 CMD:  ADDI
TICK:     55 PHASE: EXECUTE PC: 0007 IR: 19ACA000 CMD:   ADD A: 000000C8 B: 00000013 ALU: 000000C9
TICK:     56 PHASE:   FETCH PC: 0007 IR: 19ACA000 CMD:   ADD
TICK:     57 PHASE: EXECUTE PC: 0008 IR: 05CD0000 CMD:    LW A: 000000C9 B: 00000003
TICK:     58 PHASE:   FETCH PC: 0008 IR: 05CD0000 CMD:    LW
TICK:     59 PHASE: EXECUTE PC: 0009 IR: 09C007F4 CMD:    SW A: 000000CC B: 00000003
TICK:     60 PHASE:   FETCH PC: 0009 IR: 09C007F4 CMD:    SW
TICK:     61 PHASE: EXECUTE PC: 000A IR: 52940001 CMD:  ADDI A: 00000000 B: 00000003 ALU: FFFFFFF4
TICK:     62 PHASE:   FETCH PC: 000A IR: 52940001 CMD:  ADDI
TICK:     63 PHASE: EXECUTE PC: 000B IR: A0000004 CMD:     J
TICK:     64 PHASE:   FETCH PC: 0004 IR: A0000004 CMD:     J
TICK:     65 PHASE: EXECUTE PC: 0005 IR: 94149806 CMD:   BGE A: 00000003 B: 00000003
TICK:     66 PHASE:   FETCH PC: 0005 IR: 94149806 CMD:   BGE
TICK:     67 PHASE: EXECUTE PC: 0006 IR: 51920001 CMD:  ADDI A: 00000004 B: 00000013 ALU: 00000004
TICK:     68 PHASE:   FETCH PC: 0006 IR: 51920001 CMD:  ADDI
TICK:     69 PHASE: EXECUTE PC: 0007 IR: 19ACA000 CMD:   ADD A: 000000C8 B: 00000013 ALU: 000000C9
TICK:     70 PHASE:   FETCH PC: 0007 IR: 19ACA000 CMD:   ADD
TICK:     71 PHASE: EXECUTE PC: 0008 IR: 05CD0000 CMD:    LW A: 000000C9 B: 00000004
TICK:     72 PHASE:   FETCH PC: 0008 IR: 05CD0000 CMD:    LW
TICK:     73 PHASE: EXECUTE PC: 0009 IR: 09C007F4 CMD:    SW A: 000000CD B: 00000004
TICK:     74 PHASE:   FETCH PC: 0009 IR: 09C007F4 CMD:    SW
TICK:     75 PHASE: EXECUTE PC: 000A IR: 52940001 CMD:  ADDI A: 00000000 B: 00000004 ALU: FFFFFFF4
TICK:     76 PHASE:   FETCH PC: 000A IR: 52940001 CMD:  ADDI
TICK:     77 PHASE: EXECUTE PC: 000B IR: A0000004 CMD:     J
TICK:     78 PHASE:   FETCH PC: 0004 IR: A0000004 CMD:     J
TICK:     79 PHASE: EXECUTE PC: 0005 IR: 94149806 CMD:   BGE A: 00000004 B: 00000004
TICK:     80 PHASE:   FETCH PC: 0005 IR: 94149806 CMD:   BGE
TICK:     81 PHASE: EXECUTE PC: 0006 IR: 51920001 CMD:  ADDI A: 00000005 B: 00000013 ALU: 00000005
TICK:     82 PHASE:   FETCH PC: 0006 IR: 51920001 CMD:  ADDI
TICK:     83 PHASE: EXECUTE PC: 0007 IR: 19ACA000 CMD:   ADD A: 000000C8 B: 00000013 ALU: 000000C9
TICK:     84 PHASE:   FETCH PC: 0007 IR: 19ACA000 CMD:   ADD
TICK:     85 PHASE: EXECUTE PC: 0008 IR: 05CD0000 CMD:    LW A: 000000C9 B: 00000005
TICK:     86 PHASE:   FETCH PC: 0008 IR: 05CD0000 CMD:    LW
TICK:     87 PHASE: EXECUTE PC: 0009 IR: 09C007F4 CMD:    SW A: 000000CE B: 00000005
TICK:     88 PHASE:   FETCH PC: 0009 IR: 09C007F4 CMD:    SW
TICK:     89 PHASE: EXECUTE PC: 000A IR: 52940001 CMD:  ADDI A: 00000000 B: 00000005 ALU: FFFFFFF4
TICK:     90 PHASE:   FETCH PC: 000A IR: 52940001 CMD:  ADDI
TICK:     91 PHASE: EXECUTE PC: 000B IR: A0000004 CMD:     J
TICK:     92 PHASE:   FETCH PC: 0004 IR: A0000004 CMD:     J
TICK:     93 PHASE: EXECUTE PC: 0005 IR: 94149806 CMD:   BGE A: 00000005 B: 00000005
TICK:     94 PHASE:   FETCH PC: 0005 IR: 94149806 CMD:   BGE
TICK:     95 PHASE: EXECUTE PC: 0006 IR: 51920001 CMD:  ADDI A: 00000006 B: 00000013 ALU: 00000006
TICK:     96 PHASE:   FETCH PC: 0006 IR: 51920001 CMD:  ADDI
TICK:     97 PHASE: EXECUTE PC: 0007 IR: 19ACA000 CMD:   ADD A: 000000C8 B: 00000013 ALU: 000000C9
TICK:     98 PHASE:   FETCH PC: 0007 IR: 19ACA000 CMD:   ADD
TICK:     99 PHASE: EXECUTE PC: 0008 IR: 05CD0000 CMD:    LW A: 000000C9 B: 00000006
TICK:    100 PHASE:   FETCH PC: 0008 IR: 05CD0000 CMD:    LW
TICK:    101 PHASE: EXECUTE PC: 0009 IR: 09C007F4 CMD:    SW A: 000000CF B: 00000006
TICK:    102 PHASE:   FETCH PC: 0009 IR: 09C007F4 CMD:    SW
TICK:    103 PHASE: EXECUTE PC: 000A IR: 52940001 CMD:  ADDI A: 00000000 B: 00000006 ALU: FFFFFFF4
TICK:    104 PHASE:   FETCH PC: 000A IR: 52940001 CMD:  ADDI
TICK:    105 PHASE: EXECUTE PC: 000B IR: A0000004 CMD:     J
TICK:    106 PHASE:   FETCH PC: 0004 IR: A0000004 CMD:     J
TICK:    107 PHASE: EXECUTE PC: 0005 IR: 94149806 CMD:   BGE A: 00000006 B: 00000006
TICK:    108 PHASE:   FETCH PC: 0005 IR: 94149806 CMD:   BGE
TICK:    109 PHASE: EXECUTE PC: 0006 IR: 51920001 CMD:  ADDI A: 00000007 B: 00000013 ALU: 00000007
TICK:    110 PHASE:   FETCH PC: 0006 IR: 51920001 CMD:  ADDI
TICK:    111 PHASE: EXECUTE PC: 0007 IR: 19ACA000 CMD:   ADD A: 000000C8 B: 00000013 ALU: 000000C9
TICK:    112 PHASE:   FETCH PC: 0007 IR: 19ACA000 CMD:   ADD
TICK:    113 PHASE: EXECUTE PC: 0008 IR: 05CD0000 CMD:    LW A: 000000C9 B: 00000007
TICK:    114 PHASE:   FETCH PC: 0008 IR: 05CD0000 CMD:    LW
TICK:    115 PHASE: EXECUTE PC: 0009 IR: 09C007F4 CMD:    SW A: 000000D0 B: 00000007
TICK:    116 PHASE:   FETCH PC: 0009 IR: 09C007F4 CMD:    SW
TICK:    117 PHASE: EXECUTE PC: 000A IR: 52940001 CMD:  ADDI A: 00000000 B: 00000007 ALU: FFFFFFF4
TICK:    118 PHASE:   FETCH PC: 000A IR: 52940001 CMD:  ADDI
TICK:    119 PHASE: EXECUTE PC: 000B IR: A0000004 CMD:     J
TICK:    120 PHASE:   FETCH PC: 0004 IR: A0000004 CMD:     J
TICK:    121 PHASE: EXECUTE PC: 0005 IR: 94149806 CMD:   BGE A: 00000007 B: 00000007
TICK:    122 PHASE:   FETCH PC: 0005 IR: 94149806 CMD:   BGE
TICK:    123 PHASE: EXECUTE PC: 0006 IR: 51920001 CMD:  ADDI A: 00000008 B: 00000013 ALU: 00000008
TICK:    124 PHASE:   FETCH PC: 0006 IR: 51920001 CMD:  ADDI
TICK:    125 PHASE: EXECUTE PC: 0007 IR: 19ACA000 CMD:   ADD A: 000000C8 B: 00000013 ALU: 000000C9
TICK:    126 PHASE:   FETCH PC: 0007 IR: 19ACA000 CMD:   ADD
TICK:    127 PHASE: EXECUTE PC: 0008 IR: 05CD0000 CMD:    LW A: 000000C9 B: 00000008
TICK:    128 PHASE:   FETCH PC: 0008 IR: 05CD0000 CMD:    LW
TICK:    129 PHASE: EXECUTE PC: 0009 IR: 09C007F4 CMD:    SW A: 000000D1 B: 00000008
TICK:    130 PHASE:   FETCH PC: 0009 IR: 09C007F4 CMD:    SW
TICK:    131 PHASE: EXECUTE PC: 000A IR: 52940001 CMD:  ADDI A: 00000000 B: 00000008 ALU: FFFFFFF4
TICK:    132 PHASE:   FETCH PC: 000A IR: 52940001 CMD:  ADDI
TICK:    133 PHASE: EXECUTE PC: 000B IR: A0000004 CMD:     J
TICK:    134 PHASE:   FETCH PC: 0004 IR: A0000004 CMD:     J
TICK:    135 PHASE: EXECUTE PC: 0005 IR: 94149806 CMD:   BGE A: 00000008 B: 00000008
TICK:    136 PHASE:   FETCH PC: 0005 IR: 94149806 CMD:   BGE
TICK:    137 PHASE: EXECUTE PC: 0006 IR: 51920001 CMD:  ADDI A: 00000009 B: 00000013 ALU: 00000009
TICK:    138 PHASE:   FETCH PC: 0006 IR: 51920001 CMD:  ADDI
TICK:    139 PHASE: EXECUTE PC: 0007 IR: 19ACA000 CMD:   ADD A: 000000C8 B: 00000013 ALU: 000000C9
TICK:    140 PHASE:   FETCH PC: 0007 IR: 19ACA000 CMD:   ADD
TICK:    141 PHASE: EXECUTE PC: 0008 IR: 05CD0000 CMD:    LW A: 000000C9 B: 00000009
TICK:    142 PHASE:   FETCH PC: 0008 IR: 05CD0000 CMD:    LW
TICK:    143 PHASE: EXECUTE PC: 0009 IR: 09C007F4 CMD:    SW A: 000000D2 B: 00000009
TICK:    144 PHASE:   FETCH PC: 0009 IR: 09C007F4 CMD:    SW
TICK:    145 PHASE: EXECUTE PC: 000A IR: 52940001 CMD:  ADDI A: 00000000 B: 00000009 ALU: FFFFFFF4
TICK:    146 PHASE:   FETCH PC: 000A IR: 52940001 CMD:  ADDI
TICK:    147 PHASE: EXECUTE PC: 000B IR: A0000004 CMD:     J
TICK:    148 PHASE:   FETCH PC: 0004 IR: A0000004 CMD:     J
TICK:    149 PHASE: EXECUTE PC: 0005 IR: 94149806 CMD:   BGE A: 00000009 B: 00000009
TICK:    150 PHASE:   FETCH PC: 0005 IR: 94149806 CMD:   BGE
TICK:    151 PHASE: EXECUTE PC: 0006 IR: 51920001 CMD:  ADDI A: 0000000A B: 00000013 ALU: 0000000A
TICK:    152 PHASE:   FETCH PC: 0006 IR: 51920001 CMD:  ADDI
TICK:    153 PHASE: EXECUTE PC: 0007 IR: 19ACA000 CMD:   ADD A: 000000C8 B: 00000013 ALU: 000000C9
TICK:    154 PHASE:   FETCH PC: 0007 IR: 19ACA000 CMD:   ADD
TICK:    155 PHASE: EXECUTE PC: 0008 IR: 05CD0000 CMD:    LW A: 000000C9 B: 0000000A
TICK:    156 PHASE:   FETCH PC: 0008 IR: 05CD0000 CMD:    LW
TICK:    157 PHASE: EXECUTE PC: 0009 IR: 09C007F4 CMD:    SW A: 000000D3 B: 0000000A
TICK:    158 PHASE:   FETCH PC: 0009 IR: 09C007F4 CMD:    SW
TICK:    159 PHASE: EXECUTE PC: 000A IR: 52940001 CMD:  ADDI A: 00000000 B: 0000000A ALU: FFFFFFF4
TICK:    160 PHASE:   FETCH PC: 000A IR: 52940001 CMD:  ADDI
TICK:    161 PHASE: EXECUTE PC: 000B IR: A0000004 CMD:     J
TICK:    162 PHASE:   FETCH PC: 0004 IR: A0000004 CMD:     J
TICK:    163 PHASE: EXECUTE PC: 0005 IR: 94149806 CMD:   BGE A: 0000000A B: 0000000A
TICK:    164 PHASE:   FETCH PC: 0005 IR: 94149806 CMD:   BGE
TICK:    165 PHASE: EXECUTE PC: 0006 IR: 51920001 CMD:  ADDI A: 0000000B B: 00000013 ALU: 0000000B
TICK:    166 PHASE:   FETCH PC: 0006 IR: 51920001 CMD:  ADDI
TICK:    167 PHASE: EXECUTE PC: 0007 IR: 19ACA000 CMD:   ADD A: 000000C8 B: 00000013 ALU: 000000C9
TICK:    168 PHASE:   FETCH PC: 0007 IR: 19ACA000 CMD:   ADD
TICK:    169 PHASE: EXECUTE PC: 0008 IR: 05CD0000 CMD:    LW A: 000000C9 B: 0000000B
TICK:    170 PHASE:   FETCH PC: 0008 IR: 05CD0000 CMD:    LW
TICK:    171 PHASE: EXECUTE PC: 0009 IR: 09C007F4 CMD:    SW A: 000000D4 B: 0000000B
TICK:    172 PHASE:   FETCH PC: 0009 IR: 09C007F4 CMD:    SW
TICK:    173 PHASE: EXECUTE PC: 000A IR: 52940001 CMD:  ADDI A: 00000000 B: 0000000B ALU: FFFFFFF4
TICK:    174 PHASE:   FETCH PC: 000A IR: 52940001 CMD:  ADDI
TICK:    175 PHASE: EXECUTE PC: 000B IR: A0000004 CMD:     J
TICK:    176 PHASE:   FETCH PC: 0004 IR: A0000004 CMD:     J
TICK:    177 PHASE: EXECUTE PC: 0005 IR: 94149806 CMD:   BGE A: 0000000B B: 0000000B
TICK:    178 PHASE:   FETCH PC: 0005 IR: 94149806 CMD:   BGE
TICK:    179 PHASE: EXECUTE PC: 0006 IR: 51920001 CMD:  ADDI A: 0000000C B: 00000013 ALU: 0000000C
TICK:    180 PHASE:   FETCH PC: 0006 IR: 51920001 CMD:  ADDI
TICK:    181 PHASE: EXECUTE PC: 0007 IR: 19ACA000 CMD:   ADD A: 000000C8 B: 00000013 ALU: 000000C9
TICK:    182 PHASE:   FETCH PC: 0007 IR: 19ACA000 CMD:   ADD
TICK:    183 PHASE: EXECUTE PC: 0008 IR: 05CD0000 CMD:    LW A: 000000C9 B: 0000000C
TICK:    184 PHASE:   FETCH PC: 0008 IR: 05CD0000 CMD:    LW
TICK:    185 PHASE: EXECUTE PC: 0009 IR: 09C007F4 CMD:    SW A: 000000D5 B: 0000000C
TICK:    186 PHASE:   FETCH PC: 0009 IR: 09C007F4 CMD:    SW
TICK:    187 PHASE: EXECUTE PC: 000A IR: 52940001 CMD:  ADDI A: 00000000 B: 0000000C ALU: FFFFFFF4
TICK:    188 PHASE:   FETCH PC: 000A IR: 52940001 CMD:  ADDI
TICK:    189 PHASE: EXECUTE PC: 000B IR: A0000004 CMD:     J
TICK:    190 PHASE:   FETCH PC: 0004 IR: A0000004 CMD:     J
TICK:    191 PHASE: EXECUTE PC: 0005 IR: 94149806 CMD:   BGE A: 0000000C B: 0000000C
TICK:    192 PHASE:   FETCH PC: 0005 IR: 94149806 CMD:   BGE
TICK:    193 PHASE: EXECUTE PC: 0006 IR: 51920001 CMD:  ADDI A: 0000000D B: 00000013 ALU: 0000000D
TICK:    194 PHASE:   FETCH PC: 0006 IR: 51920001 CMD:  ADDI
TICK:    195 PHASE: EXECUTE PC: 0007 IR: 19ACA000 CMD:   ADD A: 000000C8 B: 00000013 ALU: 000000C9
TICK:    196 PHASE:   FETCH PC: 0007 IR: 19ACA000 CMD:   ADD
TICK:    197 PHASE: EXECUTE PC: 0008 IR: 05CD0000 CMD:    LW A: 000000C9 B: 0000000D
TICK:    198 PHASE:   FETCH PC: 0008 IR: 05CD0000 CMD:    LW
TICK:    199 PHASE: EXECUTE PC: 0009 IR: 09C007F4 CMD:    SW A: 000000D6 B: 0000000D
TICK:    200 PHASE:   FETCH PC: 0009 IR: 09C007F4 CMD:    SW
TICK:    201 PHASE: EXECUTE PC: 000A IR: 52940001 CMD:  ADDI A: 00000000 B: 0000000D ALU: FFFFFFF4
TICK:    202 PHASE:   FETCH PC: 000A IR: 52940001 CMD:  ADDI
TICK:    203 PHASE: EXECUTE PC: 000B IR: A0000004 CMD:     J
TICK:    204 PHASE:   FETCH PC: 0004 IR: A0000004 CMD:     J
TICK:    205 PHASE: EXECUTE PC: 0005 IR: 94149806 CMD:   BGE A: 0000000D B: 0000000D
TICK:    206 PHASE:   FETCH PC: 0005 IR: 94149806 CMD:   BGE
TICK:    207 PHASE: EXECUTE PC: 0006 IR: 51920001 CMD:  ADDI A: 0000000E B: 00000013 ALU: 0000000E
TICK:    208 PHASE:   FETCH PC: 0006 IR: 51920001 CMD:  ADDI
TICK:    209 PHASE: EXECUTE PC: 0007 IR: 19ACA000 CMD:   ADD A: 000000C8 B: 00000013 ALU: 000000C9
TICK:    210 PHASE:   FETCH PC: 0007 IR: 19ACA000 CMD:   ADD
TICK:    211 PHASE: EXECUTE PC: 0008 IR: 05CD0000 CMD:    LW A: 000000C9 B: 0000000E
TICK:    212 PHASE:   FETCH PC: 0008 IR: 05CD0000 CMD:    LW
TICK:    213 PHASE: EXECUTE PC: 0009 IR: 09C007F4 CMD:    SW A: 000000D7 B: 0000000E
TICK:    214 PHASE:   FETCH PC: 0009 IR: 09C007F4 CMD:    SW
TICK:    215 PHASE: EXECUTE PC: 000A IR: 52940001 CMD:  ADDI A: 00000000 B: 0000000E ALU: FFFFFFF4
TICK:    216 PHASE:   FETCH PC: 000A IR: 52940001 CMD:  ADDI
TICK:    217 PHASE: EXECUTE PC: 000B IR: A0000004 CMD:     J
TICK:    218 PHASE:   FETCH PC: 0004 IR: A0000004 CMD:     J
TICK:    219 PHASE: EXECUTE PC: 0005 IR: 94149806 CMD:   BGE A: 0000000E B: 0000000E
TICK:    220 PHASE:   FETCH PC: 0005 IR: 94149806 CMD:   BGE
TICK:    221 PHASE: EXECUTE PC: 0006 IR: 51920001 CMD:  ADDI A: 0000000F B: 00000013 ALU: 0000000F
TICK:    222 PHASE:   FETCH PC: 0006 IR: 51920001 CMD:  ADDI
TICK:    223 PHASE: EXECUTE PC: 0007 IR: 19ACA000 CMD:   ADD A: 000000C8 B: 00000013 ALU: 000000C9
TICK:    224 PHASE:   FETCH PC: 0007 IR: 19ACA000 CMD:   ADD
TICK:    225 PHASE: EXECUTE PC: 0008 IR: 05CD0000 CMD:    LW A: 000000C9 B: 0000000F
TICK:    226 PHASE:   FETCH PC: 0008 IR: 05CD0000 CMD:    LW
TICK:    227 PHASE: EXECUTE PC: 0009 IR: 09C007F4 CMD:    SW A: 000000D8 B: 0000000F
TICK:    228 PHASE:   FETCH PC: 0009 IR: 09C007F4 CMD:    SW
TICK:    229 PHASE: EXECUTE PC: 000A IR: 52940001 CMD:  ADDI A: 00000000 B: 0000000F ALU: FFFFFFF4
TICK:    230 PHASE:   FETCH PC: 000A IR: 52940001 CMD:  ADDI
TICK:    231 PHASE: EXECUTE PC: 000B IR: A0000004 CMD:     J
TICK:    232 PHASE:   FETCH PC: 0004 IR: A0000004 CMD:     J
TICK:    233 PHASE: EXECUTE PC: 0005 IR: 94149806 CMD:   BGE A: 0000000F B: 0000000F
TICK:    234 PHASE:   FETCH PC: 0005 IR: 94149806 CMD:   BGE
TICK:    235 PHASE: EXECUTE PC: 0006 IR: 51920001 CMD:  ADDI A: 00000010 B: 00000013 ALU: 00000010
TICK:    236 PHASE:   FETCH PC: 0006 IR: 51920001 CMD:  ADDI
TICK:    237 PHASE: EXECUTE PC: 0007 IR: 19ACA000 CMD:   ADD A: 000000C8 B: 00000013 ALU: 000000C9
TICK:    238 PHASE:   FETCH PC: 0007 IR: 19ACA000 CMD:   ADD
TICK:    239 PHASE: EXECUTE PC: 0008 IR: 05CD0000 CMD:    LW A: 000000C9 B: 00000010
TICK:    240 PHASE:   FETCH PC: 0008 IR: 05CD0000 CMD:    LW
TICK:    241 PHASE: EXECUTE PC: 0009 IR: 09C007F4 CMD:    SW A: 000000D9 B: 00000010
TICK:    242 PHASE:   FETCH PC: 0009 IR: 09C007F4 CMD:    SW
TICK:    243 PHASE: EXECUTE PC: 000A IR: 52940001 CMD:  ADDI A: 00000000 B: 00000010 ALU: FFFFFFF4
TICK:    244 PHASE:   FETCH PC: 000A IR: 52940001 CMD:  ADDI
TICK:    245 PHASE: EXECUTE PC: 000B IR: A0000004 CMD:     J
TICK:    246 PHASE:   FETCH PC: 0004 IR: A0000004 CMD:     J
TICK:    247 PHASE: EXECUTE PC: 0005 IR: 94149806 CMD:   BGE A: 00000010 B: 00000010
TICK:    248 PHASE:   FETCH PC: 0005 IR: 94149806 CMD:   BGE
TICK:    249 PHASE: EXECUTE PC: 0006 IR: 51920001 CMD:  ADDI A: 00000011 B: 00000013 ALU: 00000011
TICK:    250 PHASE:   FETCH PC: 0006 IR: 51920001 CMD:  ADDI
TICK:    251 PHASE: EXECUTE PC: 0007 IR: 19ACA000 CMD:   ADD A: 000000C8 B: 00000013 ALU: 000000C9
TICK:    252 PHASE:   FETCH PC: 0007 IR: 19ACA000 CMD:   ADD
TICK:    253 PHASE: EXECUTE PC: 0008 IR: 05CD0000 CMD:    LW A: 000000C9 B: 00000011
TICK:    254 PHASE:   FETCH PC: 0008 IR: 05CD0000 CMD:    LW
TICK:    255 PHASE: EXECUTE PC: 0009 IR: 09C007F4 CMD:    SW A: 000000DA B: 00000011
TICK:    256 PHASE:   FETCH PC: 0009 IR: 09C007F4 CMD:    SW
TICK:    257 PHASE: EXECUTE PC: 000A IR: 52940001 CMD:  ADDI A: 00000000 B: 00000011 ALU: FFFFFFF4
TICK:    258 PHASE:   FETCH PC: 000A IR: 52940001 CMD:  ADDI
TICK:    259 PHASE: EXECUTE PC: 000B IR: A0000004 CMD:     J
TICK:    260 PHASE:   FETCH PC: 0004 IR: A0000004 CMD:     J
TICK:    261 PHASE: EXECUTE PC: 0005 IR: 94149806 CMD:   BGE A: 00000011 B: 00000011
TICK:    262 PHASE:   FETCH PC: 0005 IR: 94149806 CMD:   BGE
TICK:    263 PHASE: EXECUTE PC: 0006 IR: 51920001 CMD:  ADDI A: 00000012 B: 00000013 ALU: 00000012
TICK:    264 PHASE:   FETCH PC: 0006 IR: 51920001 CMD:  ADDI
TICK:    265 PHASE: EXECUTE PC: 0007 IR: 19ACA000 CMD:   ADD A: 000000C8 B: 00000013 ALU: 000000C9
TICK:    266 PHASE:   FETCH PC: 0007 IR: 19ACA000 CMD:   ADD
TICK:    267 PHASE: EXECUTE PC: 0008 IR: 05CD0000 CMD:    LW A: 000000C9 B: 00000012
TICK:    268 PHASE:   FETCH PC: 0008 IR: 05CD0000 CMD:    LW
TICK:    269 PHASE: EXECUTE PC: 0009 IR: 09C007F4 CMD:    SW A: 000000DB B: 00000012
TICK:    270 PHASE:   FETCH PC: 0009 IR: 09C007F4 CMD:    SW
TICK:    271 PHASE: EXECUTE PC: 000A IR: 52940001 CMD:  ADDI A: 00000000 B: 00000012 ALU: FFFFFFF4
TICK:    272 PHASE:   FETCH PC: 000A IR: 52940001 CMD:  ADDI
TICK:    273 PHASE: EXECUTE PC: 000B IR: A0000004 CMD:     J
TICK:    274 PHASE:   FETCH PC: 0004 IR: A0000004 CMD:     J
TICK:    275 PHASE: EXECUTE PC: 0005 IR: 94149806 CMD:   BGE A: 00000012 B: 00000012
TICK:    276 PHASE:   FETCH PC: 000B IR: 94149806 CMD:   BGE
TICK:    277 PHASE: EXECUTE PC: 000C IR: 52A000F0 CMD:  ADDI A: 00000013 B: 00000013 ALU: 00000013
TICK:    278 PHASE:   FETCH PC: 000C IR: 52A000F0 CMD:  ADDI
TICK:    279 PHASE: EXECUTE PC: 000D IR: 52C00000 CMD:  ADDI A: 00000000 B: 00000013 ALU: 000000F0
TICK:    280 PHASE:   FETCH PC: 000D IR: 52C00000 CMD:  ADDI
TICK:    281 PHASE: EXECUTE PC: 000E IR: 058007F0 CMD:    LW A: 00000000 B: 00000013
TICK:    282 PHASE:   FETCH PC: 000E IR: 058007F0 CMD:    LW
TICK:    283 PHASE: EXECUTE PC: 000F IR: 800C0007 CMD:   BEQ A: 00000000 B: 00000013
TICK:    284 PHASE:   FETCH PC: 000F IR: 800C0007 CMD:   BEQ
TICK:    285 PHASE: EXECUTE PC: 0010 IR: 51A0000A CMD:  ADDI A: 00000041 B: 00000000 ALU: FFFFFFF0
TICK:    286 PHASE:   FETCH PC: 0010 IR: 51A0000A CMD:  ADDI
TICK:    287 PHASE: EXECUTE PC: 0011 IR: 800C6805 CMD:   BEQ A: 00000000 B: 00000000
TICK:    288 PHASE:   FETCH PC: 0011 IR: 800C6805 CMD:   BEQ
TICK:    289 PHASE: EXECUTE PC: 0012 IR: 51D50001 CMD:  ADDI A: 00000041 B: 0000000A ALU: 0000000A
TICK:    290 PHASE:   FETCH PC: 0012 IR: 51D50001 CMD:  ADDI
TICK:    291 PHASE: EXECUTE PC: 0013 IR: 19EEB000 CMD:   ADD A: 000000F0 B: 0000000A ALU: 000000F1
TICK:    292 PHASE:   FETCH PC: 0013 IR: 19EEB000 CMD:   ADD
TICK:    293 PHASE: EXECUTE PC: 0014 IR: 098F0000 CMD:    SW A: 000000F1 B: 00000000
TICK:    294 PHASE:   FETCH PC: 0014 IR: 098F0000 CMD:    SW
TICK:    295 PHASE: EXECUTE PC: 0015 IR: 52D60001 CMD:  ADDI A: 000000F1 B: 00000000 ALU: 000000F1
TICK:    296 PHASE:   FETCH PC: 0015 IR: 52D60001 CMD:  ADDI
TICK:    297 PHASE: EXECUTE PC: 0016 IR: A000000D CMD:     J
TICK:    298 PHASE:   FETCH PC: 000D IR: A000000D CMD:     J
TICK:    299 PHASE: EXECUTE PC: 000E IR: 058007F0 CMD:    LW A: 00000000 B: 00000000
TICK:    300 PHASE:   FETCH PC: 000E IR: 058007F0 CMD:    LW
TICK:    301 PHASE: EXECUTE PC: 000F IR: 800C0007 CMD:   BEQ A: 00000000 B: 00000000
TICK:    302 PHASE:   FETCH PC: 000F IR: 800C0007 CMD:   BEQ
TICK:    303 PHASE: EXECUTE PC: 0010 IR: 51A0000A CMD:  ADDI A: 0000006C B: 00000000 ALU: FFFFFFF0
TICK:    304 PHASE:   FETCH PC: 0010 IR: 51A0000A CMD:  ADDI
TICK:    305 PHASE: EXECUTE PC: 0011 IR: 800C6805 CMD:   BEQ A: 00000000 B: 00000000
TICK:    306 PHASE:   FETCH PC: 0011 IR: 800C6805 CMD:   BEQ
TICK:    307 PHASE: EXECUTE PC: 0012 IR: 51D50001 CMD:  ADDI A: 0000006C B: 0000000A ALU: 0000000A
TICK:    308 PHASE:   FETCH PC: 0012 IR: 51D50001 CMD:  ADDI
TICK:    309 PHASE: EXECUTE PC: 0013 IR: 19EEB000 CMD:   ADD A: 000000F0 B: 0000000A ALU: 000000F1
TICK:    310 PHASE:   FETCH PC: 0013 IR: 19EEB000 CMD:   ADD
TICK:    311 PHASE: EXECUTE PC: 0014 IR: 098F0000 CMD:    SW A: 000000F1 B: 00000001
TICK:    312 PHASE:   FETCH PC: 0014 IR: 098F0000 CMD:    SW
TICK:    313 PHASE: EXECUTE PC: 0015 IR: 52D60001 CMD:  ADDI A: 000000F2 B: 00000001 ALU: 000000F2
TICK:    314 PHASE:   FETCH PC: 0015 IR: 52D60001 CMD:  ADDI
TICK:    315 PHASE: EXECUTE PC: 0016 IR: A000000D CMD:     J
TICK:    316 PHASE:   FETCH PC: 000D IR: A000000D CMD:     J
TICK:    317 PHASE: EXECUTE PC: 000E IR: 058007F0 CMD:    LW A: 00000001 B: 00000001
TICK:    318 PHASE:   FETCH PC: 000E IR: 058007F0 CMD:    LW
TICK:    319 PHASE: EXECUTE PC: 000F IR: 800C0007 CMD:   BEQ A: 00000000 B: 00000001
TICK:    320 PHASE:   FETCH PC: 000F IR: 800C0007 CMD:   BEQ
TICK:    321 PHASE: EXECUTE PC: 0010 IR: 51A0000A CMD:  ADDI A: 00000069 B: 00000000 ALU: FFFFFFF0
TICK:    322 PHASE:   FETCH PC: 0010 IR: 51A0000A CMD:  ADDI
TICK:    323 PHASE: EXECUTE PC: 0011 IR: 800C6805 CMD:   BEQ A: 00000000 B: 00000000
TICK:    324 PHASE:   FETCH PC: 0011 IR: 800C6805 CMD:   BEQ
TICK:    325 PHASE: EXECUTE PC: 0012 IR: 51D50001 CMD:  ADDI A: 00000069 B: 0000000A ALU: 0000000A
TICK:    326 PHASE:   FETCH PC: 0012 IR: 51D50001 CMD:  ADDI
TICK:    327 PHASE: EXECUTE PC: 0013 IR: 19EEB000 CMD:   ADD A: 000000F0 B: 0000000A ALU: 000000F1
TICK:    328 PHASE:   FETCH PC: 0013 IR: 19EEB000 CMD:   ADD
TICK:    329 PHASE: EXECUTE PC: 0014 IR: 098F0000 CMD:    SW A: 000000F1 B: 00000002
TICK:    330 PHASE:   FETCH PC: 0014 IR: 098F0000 CMD:    SW
TICK:    331 PHASE: EXECUTE PC: 0015 IR: 52D60001 CMD:  ADDI A: 000000F3 B: 00000002 ALU: 000000F3
TICK:    332 PHASE:   FETCH PC: 0015 IR: 52D60001 CMD:  ADDI
TICK:    333 PHASE: EXECUTE PC: 0016 IR: A000000D CMD:     J
TICK:    334 PHASE:   FETCH PC: 000D IR: A000000D CMD:     J
TICK:    335 PHASE: EXECUTE PC: 000E IR: 058007F0 CMD:    LW A: 00000002 B: 00000002
TICK:    336 PHASE:   FETCH PC: 000E IR: 058007F0 CMD:    LW
TICK:    337 PHASE: EXECUTE PC: 000F IR: 800C0007 CMD:   BEQ A: 00000000 B: 00000002
TICK:    338 PHASE:   FETCH PC: 000F IR: 800C0007 CMD:   BEQ
TICK:    339 PHASE: EXECUTE PC: 0010 IR: 51A0000A CMD:  ADDI A: 00000063 B: 00000000 ALU: FFFFFFF0
TICK:    340 PHASE:   FETCH PC: 0010 IR: 51A0000A CMD:  ADDI
TICK:    341 PHASE: EXECUTE PC: 0011 IR: 800C6805 CMD:   BEQ A: 00000000 B: 00000000
TICK:    342 PHASE:   FETCH PC: 0011 IR: 800C6805 CMD:   BEQ
TICK:    343 PHASE: EXECUTE PC: 0012 IR: 51D50001 CMD:  ADDI A: 00000063 B: 0000000A ALU: 0000000A
TICK:    344 PHASE:   FETCH PC: 0012 IR: 51D50001 CMD:  ADDI
TICK:    345 PHASE: EXECUTE PC: 0013 IR: 19EEB000 CMD:   ADD A: 000000F0 B: 0000000A ALU: 000000F1
TICK:    346 PHASE:   FETCH PC: 0013 IR: 19EEB000 CMD:   ADD
TICK:    347 PHASE: EXECUTE PC: 0014 IR: 098F0000 CMD:    SW A: 000000F1 B: 00000003
TICK:    348 PHASE:   FETCH PC: 0014 IR: 098F0000 CMD:    SW
TICK:    349 PHASE: EXECUTE PC: 0015 IR: 52D60001 CMD:  ADDI A: 000000F4 B: 00000003 ALU: 000000F4
TICK:    350 PHASE:   FETCH PC: 0015 IR: 52D60001 CMD:  ADDI
TICK:    351 PHASE: EXECUTE PC: 0016 IR: A000000D CMD:     J
TICK:    352 PHASE:   FETCH PC: 000D IR: A000000D CMD:     J
TICK:    353 PHASE: EXECUTE PC: 000E IR: 058007F0 CMD:    LW A: 00000003 B: 00000003
TICK:    354 PHASE:   FETCH PC: 000E IR: 058007F0 CMD:    LW
TICK:    355 PHASE: EXECUTE PC: 000F IR: 800C0007 CMD:   BEQ A: 00000000 B: 00000003
TICK:    356 PHASE:   FETCH PC: 000F IR: 800C0007 CMD:   BEQ
TICK:    357 PHASE: EXECUTE PC: 0010 IR: 51A0000A CMD:  ADDI A: 00000065 B: 00000000 ALU: FFFFFFF0
TICK:    358 PHASE:   FETCH PC: 0010 IR: 51A0000A CMD:  ADDI
TICK:    359 PHASE: EXECUTE PC: 0011 IR: 800C6805 CMD:   BEQ A: 00000000 B: 00000000
TICK:    360 PHASE:   FETCH PC: 0011 IR: 800C6805 CMD:   BEQ
TICK:    361 PHASE: EXECUTE PC: 0012 IR: 51D50001 CMD:  ADDI A: 00000065 B: 0000000A ALU: 0000000A
TICK:    362 PHASE:   FETCH PC: 0012 IR: 51D50001 CMD:  ADDI
TICK:    363 PHASE: EXECUTE PC: 0013 IR: 19EEB000 CMD:   ADD A: 000000F0 B: 0000000A ALU: 000000F1
TICK:    364 PHASE:   FETCH PC: 0013 IR: 19EEB000 CMD:   ADD
TICK:    365 PHASE: EXECUTE PC: 0014 IR: 098F0000 CMD:    SW A: 000000F1 B: 00000004
TICK:    366 PHASE:   FETCH PC: 0014 IR: 098F0000 CMD:    SW
TICK:    367 PHASE: EXECUTE PC: 0015 IR: 52D60001 CMD:  ADDI A: 000000F5 B: 00000004 ALU: 000000F5
TICK:    368 PHASE:   FETCH PC: 0015 IR: 52D60001 CMD:  ADDI
TICK:    369 PHASE: EXECUTE PC: 0016 IR: A000000D CMD:     J
TICK:    370 PHASE:   FETCH PC: 000D IR: A000000D CMD:     J
TICK:    371 PHASE: EXECUTE PC: 000E IR: 058007F0 CMD:    LW A: 00000004 B: 00000004
TICK:    372 PHASE:   FETCH PC: 000E IR: 058007F0 CMD:    LW
TICK:    373 PHASE: EXECUTE PC: 000F IR: 800C0007 CMD:   BEQ A: 00000000 B: 00000004
TICK:    374 PHASE:   FETCH PC: 000F IR: 800C0007 CMD:   BEQ
TICK:    375 PHASE: EXECUTE PC: 0010 IR: 51A0000A CMD:  ADDI A: 0000000A B: 00000000 ALU: FFFFFFF0
TICK:    376 PHASE:   FETCH PC: 0010 IR: 51A0000A CMD:  ADDI
TICK:    377 PHASE: EXECUTE PC: 0011 IR: 800C6805 CMD:   BEQ A: 00000000 B: 00000000
TICK:    378 PHASE:   FETCH PC: 0016 IR: 800C6805 CMD:   BEQ
TICK:    379 PHASE: EXECUTE PC: 0017 IR: 0AD50000 CMD:    SW A: 0000000A B: 0000000A
TICK:    380 PHASE:   FETCH PC: 0017 IR: 0AD50000 CMD:    SW
TICK:    381 PHASE: EXECUTE PC: 0018 IR: 524000DC CMD:  ADDI A: 000000F0 B: 0000000A ALU: 000000F0
TICK:    382 PHASE:   FETCH PC: 0018 IR: 524000DC CMD:  ADDI
TICK:    383 PHASE: EXECUTE PC: 0019 IR: 06720000 CMD:    LW A: 00000000 B: 0000000A
TICK:    384 PHASE:   FETCH PC: 0019 IR: 06720000 CMD:    LW
TICK:    385 PHASE: EXECUTE PC: 001A IR: 52800000 CMD:  ADDI A: 000000DC B: 0000000A ALU: 000000DC
TICK:    386 PHASE:   FETCH PC: 001A IR: 52800000 CMD:  ADDI
TICK:    387 PHASE: EXECUTE PC: 001B IR: 94149806 CMD:   BGE A: 00000000 B: 0000000A
TICK:    388 PHASE:   FETCH PC: 001B IR: 94149806 CMD:   BGE
TICK:    389 PHASE: EXECUTE PC: 001C IR: 51920001 CMD:  ADDI A: 00000000 B: 00000007 ALU: 00000000
TICK:    390 PHASE:   FETCH PC: 001C IR: 51920001 CMD:  ADDI
TICK:    391 PHASE: EXECUTE PC: 001D IR: 19ACA000 CMD:   ADD A: 000000DC B: 00000007 ALU: 000000DD
TICK:    392 PHASE:   FETCH PC: 001D IR: 19ACA000 CMD:   ADD
TICK:    393 PHASE: EXECUTE PC: 001E IR: 05CD0000 CMD:    LW A: 000000DD B: 00000000
TICK:    394 PHASE:   FETCH PC: 001E IR: 05CD0000 CMD:    LW
TICK:    395 PHASE: EXECUTE PC: 001F IR: 09C007F4 CMD:    SW A: 000000DD B: 00000000
TICK:    396 PHASE:   FETCH PC: 001F IR: 09C007F4 CMD:    SW
TICK:    397 PHASE: EXECUTE PC: 0020 IR: 52940001 CMD:  ADDI A: 00000000 B: 00000000 ALU: FFFFFFF4
TICK:    398 PHASE:   FETCH PC: 0020 IR: 52940001 CMD:  ADDI
TICK:    399 PHASE: EXECUTE PC: 0021 IR: A000001A CMD:     J
TICK:    400 PHASE:   FETCH PC: 001A IR: A000001A CMD:     J
TICK:    401 PHASE: EXECUTE PC: 001B IR: 94149806 CMD:   BGE A: 00000000 B: 00000000
TICK:    402 PHASE:   FETCH PC: 001B IR: 94149806 CMD:   BGE
TICK:    403 PHASE: EXECUTE PC: 001C IR: 51920001 CMD:  ADDI A: 00000001 B: 00000007 ALU: 00000001
TICK:    404 PHASE:   FETCH PC: 001C IR: 51920001 CMD:  ADDI
TICK:    405 PHASE: EXECUTE PC: 001D IR: 19ACA000 CMD:   ADD A: 000000DC B: 00000007 ALU: 000000DD
TICK:    406 PHASE:   FETCH PC: 001D IR: 19ACA000 CMD:   ADD
TICK:    407 PHASE: EXECUTE PC: 001E IR: 05CD0000 CMD:    LW A: 000000DD B: 00000001
TICK:    408 PHASE:   FETCH PC: 001E IR: 05CD0000 CMD:    LW
TICK:    409 PHASE: EXECUTE PC: 001F IR: 09C007F4 CMD:    SW A: 000000DE B: 00000001
TICK:    410 PHASE:   FETCH PC: 001F IR: 09C007F4 CMD:    SW
TICK:    411 PHASE: EXECUTE PC: 0020 IR: 52940001 CMD:  ADDI A: 00000000 B: 00000001 ALU: FFFFFFF4
TICK:    412 PHASE:   FETCH PC: 0020 IR: 52940001 CMD:  ADDI
TICK:    413 PHASE: EXECUTE PC: 0021 IR: A000001A CMD:     J
TICK:    414 PHASE:   FETCH PC: 001A IR: A000001A CMD:     J
TICK:    415 PHASE: EXECUTE PC: 001B IR: 94149806 CMD:   BGE A: 00000001 B: 00000001
TICK:    416 PHASE:   FETCH PC: 001B IR: 94149806 CMD:   BGE
TICK:    417 PHASE: EXECUTE PC: 001C IR: 51920001 CMD:  ADDI A: 00000002 B: 00000007 ALU: 00000002
TICK:    418 PHASE:   FETCH PC: 001C IR: 51920001 CMD:  ADDI
TICK:    419 PHASE: EXECUTE PC: 001D IR: 19ACA000 CMD:   ADD A: 000000DC B: 00000007 ALU: 000000DD
TICK:    420 PHASE:   FETCH PC: 001D IR: 19ACA000 CMD:   ADD
TICK:    421 PHASE: EXECUTE PC: 001E IR: 05CD0000 CMD:    LW A: 000000DD B: 00000002
TICK:    422 PHASE:   FETCH PC: 001E IR: 05CD0000 CMD:    LW
TICK:    423 PHASE: EXECUTE PC: 001F IR: 09C007F4 CMD:    SW A: 000000DF B: 00000002
TICK:    424 PHASE:   FETCH PC: 001F IR: 09C007F4 CMD:    SW
TICK:    425 PHASE: EXECUTE PC: 0020 IR: 52940001 CMD:  ADDI A: 00000000 B: 00000002 ALU: FFFFFFF4
TICK:    426 PHASE:   FETCH PC: 0020 IR: 52940001 CMD:  ADDI
TICK:    427 PHASE: EXECUTE PC: 0021 IR: A000001A CMD:     J
TICK:    428 PHASE:   FETCH PC: 001A IR: A000001A CMD:     J
TICK:    429 PHASE: EXECUTE PC: 001B IR: 94149806 CMD:   BGE A: 00000002 B: 00000002
TICK:    430 PHASE:   FETCH PC: 001B IR: 94149806 CMD:   BGE
TICK:    431 PHASE: EXECUTE PC: 001C IR: 51920001 CMD:  ADDI A: 00000003 B: 00000007 ALU: 00000003
TICK:    432 PHASE:   FETCH PC: 001C IR: 51920001 CMD:  ADDI
TICK:    433 PHASE: EXECUTE PC: 001D IR: 19ACA000 CMD:   ADD A: 000000DC B: 00000007 ALU: 000000DD
TICK:    434 PHASE:   FETCH PC: 001D IR: 19ACA000 CMD:   ADD
TICK:    435 PHASE: EXECUTE PC: 001E IR: 05CD0000 CMD:    LW A: 000000DD B: 00000003
TICK:    436 PHASE:   FETCH PC: 001E IR: 05CD0000 CMD:    LW
TICK:    437 PHASE: EXECUTE PC: 001F IR: 09C007F4 CMD:    SW A: 000000E0 B: 00000003
TICK:    438 PHASE:   FETCH PC: 001F IR: 09C007F4 CMD:    SW
TICK:    439 PHASE: EXECUTE PC: 0020 IR: 52940001 CMD:  ADDI A: 00000000 B: 00000003 ALU: FFFFFFF4
TICK:    440 PHASE:   FETCH PC: 0020 IR: 52940001 CMD:  ADDI
TICK:    441 PHASE: EXECUTE PC: 0021 IR: A000001A CMD:     J
TICK:    442 PHASE:   FETCH PC: 001A IR: A000001A CMD:     J
TICK:    443 PHASE: EXECUTE PC: 001B IR: 94149806 CMD:   BGE A: 00000003 B: 00000003
TICK:    444 PHASE:   FETCH PC: 001B IR: 94149806 CMD:   BGE
TICK:    445 PHASE: EXECUTE PC: 001C IR: 51920001 CMD:  ADDI A: 00000004 B: 00000007 ALU: 00000004
TICK:    446 PHASE:   FETCH PC: 001C IR: 51920001 CMD:  ADDI
TICK:    447 PHASE: EXECUTE PC: 001D IR: 19ACA000 CMD:   ADD A: 000000DC B: 00000007 ALU: 000000DD
TICK:    448 PHASE:   FETCH PC: 001D IR: 19ACA000 CMD:   ADD
TICK:    449 PHASE: EXECUTE PC: 001E IR: 05CD0000 CMD:    LW A: 000000DD B: 00000004
TICK:    450 PHASE:   FETCH PC: 001E IR: 05CD0000 CMD:    LW
TICK:    451 PHASE: EXECUTE PC: 001F IR: 09C007F4 CMD:    SW A: 000000E1 B: 00000004
TICK:    452 PHASE:   FETCH PC: 001F IR: 09C007F4 CMD:    SW
TICK:    453 PHASE: EXECUTE PC: 0020 IR: 52940001 CMD:  ADDI A: 00000000 B: 00000004 ALU: FFFFFFF4
TICK:    454 PHASE:   FETCH PC: 0020 IR: 52940001 CMD:  ADDI
TICK:    455 PHASE: EXECUTE PC: 0021 IR: A000001A CMD:     J
TICK:    456 PHASE:   FETCH PC: 001A IR: A000001A CMD:     J
TICK:    457 PHASE: EXECUTE PC: 001B IR: 94149806 CMD:   BGE A: 00000004 B: 00000004
TICK:    458 PHASE:   FETCH PC: 001B IR: 94149806 CMD:   BGE
TICK:    459 PHASE: EXECUTE PC: 001C IR: 51920001 CMD:  ADDI A: 00000005 B: 00000007 ALU: 00000005
TICK:    460 PHASE:   FETCH PC: 001C IR: 51920001 CMD:  ADDI
TICK:    461 PHASE: EXECUTE PC: 001D IR: 19ACA000 CMD:   ADD A: 000000DC B: 00000007 ALU: 000000DD
TICK:    462 PHASE:   FETCH PC: 001D IR: 19ACA000 CMD:   ADD
TICK:    463 PHASE: EXECUTE PC: 001E IR: 05CD0000 CMD:    LW A: 000000DD B: 00000005
TICK:    464 PHASE:   FETCH PC: 001E IR: 05CD0000 CMD:    LW
TICK:    465 PHASE: EXECUTE PC: 001F IR: 09C007F4 CMD:    SW A: 000000E2 B: 00000005
TICK:    466 PHASE:   FETCH PC: 001F IR: 09C007F4 CMD:    SW
TICK:    467 PHASE: EXECUTE PC: 0020 IR: 52940001 CMD:  ADDI A: 00000000 B: 00000005 ALU: FFFFFFF4
TICK:    468 PHASE:   FETCH PC: 0020 IR: 52940001 CMD:  ADDI
TICK:    469 PHASE: EXECUTE PC: 0021 IR: A000001A CMD:     J
TICK:    470 PHASE:   FETCH PC: 001A IR: A000001A CMD:     J
TICK:    471 PHASE: EXECUTE PC: 001B IR: 94149806 CMD:   BGE A: 00000005 B: 00000005
TICK:    472 PHASE:   FETCH PC: 001B IR: 94149806 CMD:   BGE
TICK:    473 PHASE: EXECUTE PC: 001C IR: 51920001 CMD:  ADDI A: 00000006 B: 00000007 ALU: 00000006
TICK:    474 PHASE:   FETCH PC: 001C IR: 51920001 CMD:  ADDI
TICK:    475 PHASE: EXECUTE PC: 001D IR: 19ACA000 CMD:   ADD A: 000000DC B: 00000007 ALU: 000000DD
TICK:    476 PHASE:   FETCH PC: 001D IR: 19ACA000 CMD:   ADD
TICK:    477 PHASE: EXECUTE PC: 001E IR: 05CD0000 CMD:    LW A: 000000DD B: 00000006
TICK:    478 PHASE:   FETCH PC: 001E IR: 05CD0000 CMD:    LW
TICK:    479 PHASE: EXECUTE PC: 001F IR: 09C007F4 CMD:    SW A: 000000E3 B: 00000006
TICK:    480 PHASE:   FETCH PC: 001F IR: 09C007F4 CMD:    SW
TICK:    481 PHASE: EXECUTE PC: 0020 IR: 52940001 CMD:  ADDI A: 00000000 B: 00000006 ALU: FFFFFFF4
TICK:    482 PHASE:   FETCH PC: 0020 IR: 52940001 CMD:  ADDI
TICK:    483 PHASE: EXECUTE PC: 0021 IR: A000001A CMD:     J
TICK:    484 PHASE:   FETCH PC: 001A IR: A000001A CMD:     J
TICK:    485 PHASE: EXECUTE PC: 001B IR: 94149806 CMD:   BGE A: 00000006 B: 00000006
TICK:    486 PHASE:   FETCH PC: 0021 IR: 94149806 CMD:   BGE
TICK:    487 PHASE: EXECUTE PC: 0022 IR: 52800000 CMD:  ADDI A: 00000007 B: 00000007 ALU: 00000007
TICK:    488 PHASE:   FETCH PC: 0022 IR: 52800000 CMD:  ADDI
TICK:    489 PHASE: EXECUTE PC: 0023 IR: 9414B006 CMD:   BGE A: 00000000 B: 00000007
TICK:    490 PHASE:   FETCH PC: 0023 IR: 9414B006 CMD:   BGE
TICK:    491 PHASE: EXECUTE PC: 0024 IR: 51950001 CMD:  ADDI A: 00000000 B: 00000005 ALU: 00000000
TICK:    492 PHASE:   FETCH PC: 0024 IR: 51950001 CMD:  ADDI
TICK:    493 PHASE: EXECUTE PC: 0025 IR: 19ACA000 CMD:   ADD A: 000000F0 B: 00000005 ALU: 000000F1
TICK:    494 PHASE:   FETCH PC: 0025 IR: 19ACA000 CMD:   ADD
TICK:    495 PHASE: EXECUTE PC: 0026 IR: 05CD0000 CMD:    LW A: 000000F1 B: 00000000
TICK:    496 PHASE:   FETCH PC: 0026 IR: 05CD0000 CMD:    LW
TICK:    497 PHASE: EXECUTE PC: 0027 IR: 09C007F4 CMD:    SW A: 000000F1 B: 00000000
TICK:    498 PHASE:   FETCH PC: 0027 IR: 09C007F4 CMD:    SW
TICK:    499 PHASE: EXECUTE PC: 0028 IR: 52940001 CMD:  ADDI A: 00000000 B: 00000000 ALU: FFFFFFF4
TICK:    500 PHASE:   FETCH PC: 0028 IR: 52940001 CMD:  ADDI
TICK:    501 PHASE: EXECUTE PC: 0029 IR: A0000022 CMD:     J
TICK:    502 PHASE:   FETCH PC: 0022 IR: A0000022 CMD:     J
TICK:    503 PHASE: EXECUTE PC: 0023 IR: 9414B006 CMD:   BGE A: 00000000 B: 00000000
TICK:    504 PHASE:   FETCH PC: 0023 IR: 9414B006 CMD:   BGE
TICK:    505 PHASE: EXECUTE PC: 0024 IR: 51950001 CMD:  ADDI A: 00000001 B: 00000005 ALU: 00000001
TICK:    506 PHASE:   FETCH PC: 0024 IR: 51950001 CMD:  ADDI
TICK:    507 PHASE: EXECUTE PC: 0025 IR: 19ACA000 CMD:   ADD A: 000000F0 B: 00000005 ALU: 000000F1
TICK:    508 PHASE:   FETCH PC: 0025 IR: 19ACA000 CMD:   ADD
TICK:    509 PHASE: EXECUTE PC: 0026 IR: 05CD0000 CMD:    LW A: 000000F1 B: 00000001
TICK:    510 PHASE:   FETCH PC: 0026 IR: 05CD0000 CMD:    LW
TICK:    511 PHASE: EXECUTE PC: 0027 IR: 09C007F4 CMD:    SW A: 000000F2 B: 00000001
TICK:    512 PHASE:   FETCH PC: 0027 IR: 09C007F4 CMD:    SW
TICK:    513 PHASE: EXECUTE PC: 0028 IR: 52940001 CMD:  ADDI A: 00000000 B: 00000001 ALU: FFFFFFF4
TICK:    514 PHASE:   FETCH PC: 0028 IR: 52940001 CMD:  ADDI
TICK:    515 PHASE: EXECUTE PC: 0029 IR: A0000022 CMD:     J
TICK:    516 PHASE:   FETCH PC: 0022 IR: A0000022 CMD:     J
TICK:    517 PHASE: EXECUTE PC: 0023 IR: 9414B006 CMD:   BGE A: 00000001 B: 00000001
TICK:    518 PHASE:   FETCH PC: 0023 IR: 9414B006 CMD:   BGE
TICK:    519 PHASE: EXECUTE PC: 0024 IR: 51950001 CMD:  ADDI A: 00000002 B: 00000005 ALU: 00000002
TICK:    520 PHASE:   FETCH PC: 0024 IR: 51950001 CMD:  ADDI
TICK:    521 PHASE: EXECUTE PC: 0025 IR: 19ACA000 CMD:   ADD A: 000000F0 B: 00000005 ALU: 000000F1
TICK:    522 PHASE:   FETCH PC: 0025 IR: 19ACA000 CMD:   ADD
TICK:    523 PHASE: EXECUTE PC: 0026 IR: 05CD0000 CMD:    LW A: 000000F1 B: 00000002
TICK:    524 PHASE:   FETCH PC: 0026 IR: 05CD0000 CMD:    LW
TICK:    525 PHASE: EXECUTE PC: 0027 IR: 09C007F4 CMD:    SW A: 000000F3 B: 00000002
TICK:    526 PHASE:   FETCH PC: 0027 IR: 09C007F4 CMD:    SW
TICK:    527 PHASE: EXECUTE PC: 0028 IR: 52940001 CMD:  ADDI A: 00000000 B: 00000002 ALU: FFFFFFF4
TICK:    528 PHASE:   FETCH PC: 0028 IR: 52940001 CMD:  ADDI
TICK:    529 PHASE: EXECUTE PC: 0029 IR: A0000022 CMD:     J
TICK:    530 PHASE:   FETCH PC: 0022 IR: A0000022 CMD:     J
TICK:    531 PHASE: EXECUTE PC: 0023 IR: 9414B006 CMD:   BGE A: 00000002 B: 00000002
TICK:    532 PHASE:   FETCH PC: 0023 IR: 9414B006 CMD:   BGE
TICK:    533 PHASE: EXECUTE PC: 0024 IR: 51950001 CMD:  ADDI A: 00000003 B: 00000005 ALU: 00000003
TICK:    534 PHASE:   FETCH PC: 0024 IR: 51950001 CMD:  ADDI
TICK:    535 PHASE: EXECUTE PC: 0025 IR: 19ACA000 CMD:   ADD A: 000000F0 B: 00000005 ALU: 000000F1
TICK:    536 PHASE:   FETCH PC: 0025 IR: 19ACA000 CMD:   ADD
TICK:    537 PHASE: EXECUTE PC: 0026 IR: 05CD0000 CMD:    LW A: 000000F1 B: 00000003
TICK:    538 PHASE:   FETCH PC: 0026 IR: 05CD0000 CMD:    LW
TICK:    539 PHASE: EXECUTE PC: 0027 IR: 09C007F4 CMD:    SW A: 000000F4 B: 00000003
TICK:    540 PHASE:   FETCH PC: 0027 IR: 09C007F4 CMD:    SW
TICK:    541 PHASE: EXECUTE PC: 0028 IR: 52940001 CMD:  ADDI A: 00000000 B: 00000003 ALU: FFFFFFF4
TICK:    542 PHASE:   FETCH PC: 0028 IR: 52940001 CMD:  ADDI
TICK:    543 PHASE: EXECUTE PC: 0029 IR: A0000022 CMD:     J
TICK:    544 PHASE:   FETCH PC: 0022 IR: A0000022 CMD:     J
TICK:    545 PHASE: EXECUTE PC: 0023 IR: 9414B006 CMD:   BGE A: 00000003 B: 00000003
TICK:    546 PHASE:   FETCH PC: 0023 IR: 9414B006 CMD:   BGE
TICK:    547 PHASE: EXECUTE PC: 0024 IR: 51950001 CMD:  ADDI A: 00000004 B: 00000005 ALU: 00000004
TICK:    548 PHASE:   FETCH PC: 0024 IR: 51950001 CMD:  ADDI
TICK:    549 PHASE: EXECUTE PC: 0025 IR: 19ACA000 CMD:   ADD A: 000000F0 B: 00000005 ALU: 000000F1
TICK:    550 PHASE:   FETCH PC: 0025 IR: 19ACA000 CMD:   ADD
TICK:    551 PHASE: EXECUTE PC: 0026 IR: 05CD0000 CMD:    LW A: 000000F1 B: 00000004
TICK:    552 PHASE:   FETCH PC: 0026 IR: 05CD0000 CMD:    LW
TICK:    553 PHASE: EXECUTE PC: 0027 IR: 09C007F4 CMD:    SW A: 000000F5 B: 00000004
TICK:    554 PHASE:   FETCH PC: 0027 IR: 09C007F4 CMD:    SW
TICK:    555 PHASE: EXECUTE PC: 0028 IR: 52940001 CMD:  ADDI A: 00000000 B: 00000004 ALU: FFFFFFF4
TICK:    556 PHASE:   FETCH PC: 0028 IR: 52940001 CMD:  ADDI
TICK:    557 PHASE: EXECUTE PC: 0029 IR: A0000022 CMD:     J
TICK:    558 PHASE:   FETCH PC: 0022 IR: A0000022 CMD:     J
TICK:    559 PHASE: EXECUTE PC: 0023 IR: 9414B006 CMD:   BGE A: 00000004 B: 00000004
TICK:    560 PHASE:   FETCH PC: 0029 IR: 9414B006 CMD:   BGE
TICK:    561 PHASE: EXECUTE PC: 002A IR: 51800021 CMD:  ADDI A: 00000005 B: 00000005 ALU: 00000005
TICK:    562 PHASE:   FETCH PC: 002A IR: 51800021 CMD:  ADDI
TICK:    563 PHASE: EXECUTE PC: 002B IR: 098007F4 CMD:    SW A: 00000000 B: 00000005
TICK:    564 PHASE:   FETCH PC: 002B IR: 098007F4 CMD:    SW
TICK:    565 PHASE: EXECUTE PC: 002C IR: 5180000A CMD:  ADDI A: 00000000 B: 00000005 ALU: FFFFFFF4
TICK:    566 PHASE:   FETCH PC: 002C IR: 5180000A CMD:  ADDI
TICK:    567 PHASE: EXECUTE PC: 002D IR: 098007F4 CMD:    SW A: 00000000 B: 00000005
TICK:    568 PHASE:   FETCH PC: 002D IR: 098007F4 CMD:    SW
TICK:    569 PHASE: EXECUTE PC: 002E IR: FC000000 CMD:  HALT
TICK:    570 PHASE:    HALT PC: 002E IR: FC000000 CMD:  HALT

Total ticks: 570
