TICK:      1 PHASE: EXECUTE PC: 0001 IR: 058007F0 CMD:    LW A: 00000000 B: 00000000
TICK:      2 PHASE:   FETCH PC: 0001 IR: 058007F0 CMD:    LW
TICK:      3 PHASE: EXECUTE PC: 0002 IR: 800C0002 CMD:   BEQ A: 00000000 B: 00000000
TICK:      4 PHASE:   FETCH PC: 0002 IR: 800C0002 CMD:   BEQ
TICK:      5 PHASE: EXECUTE PC: 0003 IR: 098007F4 CMD:    SW A: 00000048 B: 00000000
TICK:      6 PHASE:   FETCH PC: 0003 IR: 098007F4 CMD:    SW
TICK:      7 PHASE: EXECUTE PC: 0004 IR: A0000000 CMD:     J
TICK:      8 PHASE:   FETCH PC: 0000 IR: A0000000 CMD:     J
TICK:      9 PHASE: EXECUTE PC: 0001 IR: 058007F0 CMD:    LW A: 00000000 B: 00000000
TICK:     10 PHASE:   FETCH PC: 0001 IR: 058007F0 CMD:    LW
TICK:     11 PHASE: EXECUTE PC: 0002 IR: 800C0002 CMD:   BEQ A: 00000000 B: 00000000
TICK:     12 PHASE:   FETCH PC: 0002 IR: 800C0002 CMD:   BEQ
TICK:     13 PHASE: EXECUTE PC: 0003 IR: 098007F4 CMD:    SW A: 00000065 B: 00000000
TICK:     14 PHASE:   FETCH PC: 0003 IR: 098007F4 CMD:    SW
TICK:     15 PHASE: EXECUTE PC: 0004 IR: A0000000 CMD:     J
TICK:     16 PHASE:   FETCH PC: 0000 IR: A0000000 CMD:     J
TICK:     17 PHASE: EXECUTE PC: 0001 IR: 058007F0 CMD:    LW A: 00000000 B: 00000000
TICK:     18 PHASE:   FETCH PC: 0001 IR: 058007F0 CMD:    LW
TICK:     19 PHASE: EXECUTE PC: 0002 IR: 800C0002 CMD:   BEQ A: 00000000 B: 00000000
TICK:     20 PHASE:   FETCH PC: 0002 IR: 800C0002 CMD:   BEQ
TICK:     21 PHASE: EXECUTE PC: 0003 IR: 098007F4 CMD:    SW A: 0000006C B: 00000000
TICK:     22 PHASE:   FETCH PC: 0003 IR: 098007F4 CMD:    SW
TICK:     23 PHASE: EXECUTE PC: 0004 IR: A0000000 CMD:     J
TICK:     24 PHASE:   FETCH PC: 0000 IR: A0000000 CMD:     J
TICK:     25 PHASE: EXECUTE PC: 0001 IR: 058007F0 CMD:    LW A: 00000000 B: 00000000
TICK:     26 PHASE:   FETCH PC: 0001 IR: 058007F0 CMD:    LW
TICK:     27 PHASE: EXECUTE PC: 0002 IR: 800C0002 CMD:   BEQ A: 00000000 B: 00000000
TICK:     28 PHASE:   FETCH PC: 0002 IR: 800C0002 CMD:   BEQ
TICK:     29 PHASE: EXECUTE PC: 0003 IR: 098007F4 CMD:    SW A: 0000006C B: 00000000
TICK:     30 PHASE:   FETCH PC: 0003 IR: 098007F4 CMD:    SW
TICK:     31 PHASE: EXECUTE PC: 0004 IR: A0000000 CMD:     J
TICK:     32 PHASE:   FETCH PC: 0000 IR: A0000000 CMD:     J
TICK:     33 PHASE: EXECUTE PC: 0001 IR: 058007F0 CMD:    LW A: 00000000 B: 00000000
TICK:     34 PHASE:   FETCH PC: 0001 IR: 058007F0 CMD:    LW
TICK:     35 PHASE: EXECUTE PC: 0002 IR: 800C0002 CMD:   BEQ A: 00000000 B: 00000000
TICK:     36 PHASE:   FETCH PC: 0002 IR: 800C0002 CMD:   BEQ
TICK:     37 PHASE: EXECUTE PC: 0003 IR: 098007F4 CMD:    SW A: 0000006F B: 00000000
TICK:     38 PHASE:   FETCH PC: 0003 IR: 098007F4 CMD:    SW
TICK:     39 PHASE: EXECUTE PC: 0004 IR: A0000000 CMD:     J
TICK:     40 PHASE:   FETCH PC: 0000 IR: A0000000 CMD:     J
TICK:     41 PHASE: EXECUTE PC: 0001 IR: 058007F0 CMD:    LW A: 00000000 B: 00000000
TICK:     42 PHASE:   FETCH PC: 0001 IR: 058007F0 CMD:    LW
TICK:     43 PHASE: EXECUTE PC: 0002 IR: 800C0002 CMD:   BEQ A: 00000000 B: 00000000
TICK:     44 PHASE:   FETCH PC: 0002 IR: 800C0002 CMD:   BEQ
TICK:     45 PHASE: EXECUTE PC: 0003 IR: 098007F4 CMD:    SW A: 0000002C B: 00000000
TICK:     46 PHASE:   FETCH PC: 0003 IR: 098007F4 CMD:    SW
TICK:     47 PHASE: EXECUTE PC: 0004 IR: A0000000 CMD:     J
TICK:     48 PHASE:   FETCH PC: 0000 IR: A0000000 CMD:     J
TICK:     49 PHASE: EXECUTE PC: 0001 IR: 058007F0 CMD:    LW A: 00000000 B: 00000000
TICK:     50 PHASE:   FETCH PC: 0001 IR: 058007F0 CMD:    LW
TICK:     51 PHASE: EXECUTE PC: 0002 IR: 800C0002 CMD:   BEQ A: 00000000 B: 00000000
TICK:     52 PHASE:   FETCH PC: 0002 IR: 800C0002 CMD:   BEQ
TICK:     53 PHASE: EXECUTE PC: 0003 IR: 098007F4 CMD:    SW A: 00000020 B: 00000000
TICK:     54 PHASE:   FETCH PC: 0003 IR: 098007F4 CMD:    SW
TICK:     55 PHASE: EXECUTE PC: 0004 IR: A0000000 CMD:     J
TICK:     56 PHASE:   FETCH PC: 0000 IR: A0000000 CMD:     J
TICK:     57 PHASE: EXECUTE PC: 0001 IR: 058007F0 CMD:    LW A: 00000000 B: 00000000
TICK:     58 PHASE:   FETCH PC: 0001 IR: 058007F0 CMD:    LW
TICK:     59 PHASE: EXECUTE PC: 0002 IR: 800C0002 CMD:   BEQ A: 00000000 B: 00000000
TICK:     60 PHASE:   FETCH PC: 0002 IR: 800C0002 CMD:   BEQ
TICK:     61 PHASE: EXECUTE PC: 0003 IR: 098007F4 CMD:    SW A: 00000057 B: 00000000
TICK:     62 PHASE:   FETCH PC: 0003 IR: 098007F4 CMD:    SW
TICK:     63 PHASE: EXECUTE PC: 0004 IR: A0000000 CMD:     J
TICK:     64 PHASE:   FETCH PC: 0000 IR: A0000000 CMD:     J
TICK:     65 PHASE: EXECUTE PC: 0001 IR: 058007F0 CMD:    LW A: 00000000 B: 00000000
TICK:     66 PHASE:   FETCH PC: 0001 IR: 058007F0 CMD:    LW
TICK:     67 PHASE: EXECUTE PC: 0002 IR: 800C0002 CMD:   BEQ A: 00000000 B: 00000000
TICK:     68 PHASE:   FETCH PC: 0002 IR: 800C0002 CMD:   BEQ
TICK:     69 PHASE: EXECUTE PC: 0003 IR: 098007F4 CMD:    SW A: 0000006F B: 00000000
TICK:     70 PHASE:   FETCH PC: 0003 IR: 098007F4 CMD:    SW
TICK:     71 PHASE: EXECUTE PC: 0004 IR: A0000000 CMD:     J
TICK:     72 PHASE:   FETCH PC: 0000 IR: A0000000 CMD:     J
TICK:     73 PHASE: EXECUTE PC: 0001 IR: 058007F0 CMD:    LW A: 00000000 B: 00000000
TICK:     74 PHASE:   FETCH PC: 0001 IR: 058007F0 CMD:    LW
TICK:     75 PHASE: EXECUTE PC: 0002 IR: 800C0002 CMD:   BEQ A: 00000000 B: 00000000
TICK:     76 PHASE:   FETCH PC: 0002 IR: 800C0002 CMD:   BEQ
TICK:     77 PHASE: EXECUTE PC: 0003 IR: 098007F4 CMD:    SW A: 00000072 B: 00000000
TICK:     78 PHASE:   FETCH PC: 0003 IR: 098007F4 CMD:    SW
TICK:     79 PHASE: EXECUTE PC: 0004 IR: A0000000 CMD:     J
TICK:     80 PHASE:   FETCH PC: 0000 IR: A0000000 CMD:     J
TICK:     81 PHASE: EXECUTE PC: 0001 IR: 058007F0 CMD:    LW A: 00000000 B: 00000000
TICK:     82 PHASE:   FETCH PC: 0001 IR: 058007F0 CMD:    LW
TICK:     83 PHASE: EXECUTE PC: 0002 IR: 800C0002 CMD:   BEQ A: 00000000 B: 00000000
TICK:     84 PHASE:   FETCH PC: 0002 IR: 800C0002 CMD:   BEQ
TICK:     85 PHASE: EXECUTE PC: 0003 IR: 098007F4 CMD:    SW A: 0000006C B: 00000000
TICK:     86 PHASE:   FETCH PC: 0003 IR: 098007F4 CMD:    SW
TICK:     87 PHASE: EXECUTE PC: 0004 IR: A0000000 CMD:     J
TICK:     88 PHASE:   FETCH PC: 0000 IR: A0000000 CMD:     J
TICK:     89 PHASE: EXECUTE PC: 0001 IR: 058007F0 CMD:    LW A: 00000000 B: 00000000
TICK:     90 PHASE:   FETCH PC: 0001 IR: 058007F0 CMD:    LW
TICK:     91 PHASE: EXECUTE PC: 0002 IR: 800C0002 CMD:   BEQ A: 00000000 B: 00000000
TICK:     92 PHASE:   FETCH PC: 0002 IR: 800C0002 CMD:   BEQ
TICK:     93 PHASE: EXECUTE PC: 0003 IR: 098007F4 CMD:    SW A: 00000064 B: 00000000
TICK:     94 PHASE:   FETCH PC: 0003 IR: 098007F4 CMD:    SW
TICK:     95 PHASE: EXECUTE PC: 0004 IR: A0000000 CMD:     J
TICK:     96 PHASE:   FETCH PC: 0000 IR: A0000000 CMD:     J
TICK:     97 PHASE: EXECUTE PC: 0001 IR: 058007F0 CMD:    LW A: 00000000 B: 00000000
TICK:     98 PHASE:   FETCH PC: 0001 IR: 058007F0 CMD:    LW
TICK:     99 PHASE: EXECUTE PC: 0002 IR: 800C0002 CMD:   BEQ A: 00000000 B: 00000000
TICK:    100 PHASE:   FETCH PC: 0002 IR: 800C0002 CMD:   BEQ
TICK:    101 PHASE: EXECUTE PC: 0003 IR: 098007F4 CMD:    SW A: 00000021 B: 00000000
TICK:    102 PHASE:   FETCH PC: 0003 IR: 098007F4 CMD:    SW
TICK:    103 PHASE: EXECUTE PC: 0004 IR: A0000000 CMD:     J
TICK:    104 PHASE:   FETCH PC: 0000 IR: A0000000 CMD:     J
TICK:    105 PHASE: EXECUTE PC: 0001 IR: 058007F0 CMD:    LW A: 00000000 B: 00000000
TICK:    106 PHASE:   FETCH PC: 0001 IR: 058007F0 CMD:    LW
TICK:    107 PHASE: EXECUTE PC: 0002 IR: 800C0002 CMD:   BEQ A: 00000000 B: 00000000
TICK:    108 PHASE:   FETCH PC: 0002 IR: 800C0002 CMD:   BEQ
TICK:    109 PHASE: EXECUTE PC: 0003 IR: 098007F4 CMD:    SW A: 0000000A B: 00000000
TICK:    110 PHASE:   FETCH PC: 0003 IR: 098007F4 CMD:    SW
TICK:    111 PHASE: EXECUTE PC: 0004 IR: A0000000 CMD:     J
TICK:    112 PHASE:   FETCH PC: 0000 IR: A0000000 CMD:     J
TICK:    113 PHASE: EXECUTE PC: 0001 IR: 058007F0 CMD:    LW A: 00000000 B: 00000000
TICK:    114 PHASE:   FETCH PC: 0001 IR: 058007F0 CMD:    LW
TICK:    115 PHASE: EXECUTE PC: 0002 IR: 800C0002 CMD:   BEQ A: 00000000 B: 00000000
TICK:    116 PHASE:   FETCH PC: 0004 IR: 800C0002 CMD:   BEQ
TICK:    117 PHASE: EXECUTE PC: 0005 IR: FC000000 CMD:  HALT
TICK:    118 PHASE:    HALT PC: 0005 IR: FC000000 CMD:  HALT

Total ticks: 118
