TICK:      1 PHASE: EXECUTE PC: 0001 IR: 165FFFFF CMD:   LUI A: 00000000 B: 00000000 ALU: 00000000
TICK:      2 PHASE:   FETCH PC: 0001 IR: 165FFFFF CMD:   LUI
TICK:      3 PHASE: EXECUTE PC: 0002 IR: 524007FF CMD:  ADDI A: 00000000 B: 00000000 ALU: 00000000
TICK:      4 PHASE:   FETCH PC: 0002 IR: 524007FF CMD:  ADDI
TICK:      5 PHASE: EXECUTE PC: 0003 IR: 52600001 CMD:  ADDI A: 00000000 B: 00000000 ALU: FFFFFFFF
TICK:      6 PHASE:   FETCH PC: 0003 IR: 52600001 CMD:  ADDI
TICK:      7 PHASE: EXECUTE PC: 0004 IR: 52800002 CMD:  ADDI A: 00000000 B: 00000000 ALU: 00000001
TICK:      8 PHASE:   FETCH PC: 0004 IR: 52800002 CMD:  ADDI
TICK:      9 PHASE: EXECUTE PC: 0005 IR: 52A00000 CMD:  ADDI A: 00000000 B: 00000000 ALU: 00000002
TICK:     10 PHASE:   FETCH PC: 0005 IR: 52A00000 CMD:  ADDI
TICK:     11 PHASE: EXECUTE PC: 0006 IR: 1AD2A000 CMD:   ADD A: 00000000 B: 00000000 ALU: 00000000
TICK:     12 PHASE:   FETCH PC: 0006 IR: 1AD2A000 CMD:   ADD
TICK:     13 PHASE: EXECUTE PC: 0007 IR: 6D960000 CMD:  SLTI A: FFFFFFFF B: 00000002 ALU: 00000001
TICK:     14 PHASE:   FETCH PC: 0007 IR: 6D960000 CMD:  SLTI
TICK:     15 PHASE: EXECUTE PC: 0008 IR: 9812B002 CMD:  BGTU A: 00000001 B: 00000002
TICK:     16 PHASE:   FETCH PC: 000A IR: 9812B002 CMD:  BGTU
TICK:     17 PHASE: EXECUTE PC: 000B IR: 51800001 CMD:  ADDI A: FFFFFFFF B: 00000001 ALU: 00000000
TICK:     18 PHASE:   FETCH PC: 000B IR: 51800001 CMD:  ADDI
TICK:     19 PHASE: EXECUTE PC: 000C IR: 1AF3A800 CMD:   ADD A: 00000000 B: 00000001 ALU: 00000001
TICK:     20 PHASE:   FETCH PC: 000C IR: 1AF3A800 CMD:   ADD
TICK:     21 PHASE: EXECUTE PC: 000D IR: 1AF76000 CMD:   ADD A: 00000001 B: 00000000 ALU: 00000001
TICK:     22 PHASE:   FETCH PC: 000D IR: 1AF76000 CMD:   ADD
TICK:     23 PHASE: EXECUTE PC: 000E IR: 51970030 CMD:  ADDI A: 00000001 B: 00000001 ALU: 00000002
TICK:     24 PHASE:   FETCH PC: 000E IR: 51970030 CMD:  ADDI
TICK:     25 PHASE: EXECUTE PC: 000F IR: 098007F4 CMD:    SW A: 00000002 B: 00000001
TICK:     26 PHASE:   FETCH PC: 000F IR: 098007F4 CMD:    SW
TICK:     27 PHASE: EXECUTE PC: 0010 IR: 5180003A CMD:  ADDI A: 00000000 B: 00000001 ALU: FFFFFFF4
TICK:     28 PHASE:   FETCH PC: 0010 IR: 5180003A CMD:  ADDI
TICK:     29 PHASE: EXECUTE PC: 0011 IR: 098007F4 CMD:    SW A: 00000000 B: 00000001
TICK:     30 PHASE:   FETCH PC: 0011 IR: 098007F4 CMD:    SW
TICK:     31 PHASE: EXECUTE PC: 0012 IR: 51960030 CMD:  ADDI A: 00000000 B: 00000001 ALU: FFFFFFF4
TICK:     32 PHASE:   FETCH PC: 0012 IR: 51960030 CMD:  ADDI
TICK:     33 PHASE: EXECUTE PC: 0013 IR: 098007F4 CMD:    SW A: 00000001 B: 00000001
TICK:     34 PHASE:   FETCH PC: 0013 IR: 098007F4 CMD:    SW
TICK:     35 PHASE: EXECUTE PC: 0014 IR: 5180000A CMD:  ADDI A: 00000000 B: 00000001 ALU: FFFFFFF4
TICK:     36 PHASE:   FETCH PC: 0014 IR: 5180000A CMD:  ADDI
TICK:     37 PHASE: EXECUTE PC: 0015 IR: 098007F4 CMD:    SW A: 00000000 B: 00000001
TICK:     38 PHASE:   FETCH PC: 0015 IR: 098007F4 CMD:    SW
TICK:     39 PHASE: EXECUTE PC: 0016 IR: FC000000 CMD:  HALT
TICK:     40 PHASE:    HALT PC: 0016 IR: FC000000 CMD:  HALT

Total ticks: 40
